<?xml version="1.0" encoding="UTF-8"?>
<!-- Generated by org.testng.reporters.JUnitReportReporter -->
<testsuite hostname="ARISTA113-PC" failures="0" tests="7" name="com.glendale.test.replicaRifles.Rifles_Test" time="49.394" errors="0" timestamp="2024-08-13T13:52:10 IST" skipped="0">
  <testcase classname="com.glendale.test.replicaRifles.Rifles_Test" name="testSortFunctionality" time="8.203"/>
  <system-out/>
  <testcase classname="com.glendale.test.replicaRifles.Rifles_Test" name="verifyAllFltersEnable" time="6.821"/>
  <system-out/>
  <testcase classname="com.glendale.test.replicaRifles.Rifles_Test" name="verifyPageTitle" time="7.027"/>
  <system-out/>
  <testcase classname="com.glendale.test.replicaRifles.Rifles_Test" name="verifyPageURL" time="6.784"/>
  <system-out/>
  <testcase classname="com.glendale.test.replicaRifles.Rifles_Test" name="verifyTextOnThePage" time="6.398"/>
  <system-out/>
  <testcase classname="com.glendale.test.replicaRifles.Rifles_Test" name="testPageLoadTime" time="7.154"/>
  <system-out/>
  <testcase classname="com.glendale.test.replicaRifles.Rifles_Test" name="verifyProductsNameAndPricePresenceAndButtonsEnable" time="7.007"/>
  <system-out/>
</testsuite> <!-- com.glendale.test.replicaRifles.Rifles_Test -->
