<?xml version="1.0" encoding="UTF-8"?>
<!-- Generated by org.testng.reporters.JUnitReportReporter -->
<testsuite hostname="ARISTA113-PC" failures="0" tests="9" name="com.glendale.test.flags.FlagPoles_Test" time="83.819" errors="0" timestamp="2024-08-13T13:52:10 IST" skipped="0">
  <testcase classname="com.glendale.test.flags.FlagPoles_Test" name="verifyPaginationEnable" time="6.778"/>
  <system-out/>
  <testcase classname="com.glendale.test.flags.FlagPoles_Test" name="testPageLoadTime" time="7.972"/>
  <system-out/>
  <testcase classname="com.glendale.test.flags.FlagPoles_Test" name="verifyPageTitle" time="8.145"/>
  <system-out/>
  <testcase classname="com.glendale.test.flags.FlagPoles_Test" name="verifyPaginationRedirection" time="21.516"/>
  <system-out/>
  <testcase classname="com.glendale.test.flags.FlagPoles_Test" name="verifyProductsNameAndPricePresenceAndButtonsEnable" time="7.671"/>
  <system-out/>
  <testcase classname="com.glendale.test.flags.FlagPoles_Test" name="verifyPageURL" time="6.995"/>
  <system-out/>
  <testcase classname="com.glendale.test.flags.FlagPoles_Test" name="verifyAllFltersEnable" time="8.052"/>
  <system-out/>
  <testcase classname="com.glendale.test.flags.FlagPoles_Test" name="testSortFunctionality" time="8.659"/>
  <system-out/>
  <testcase classname="com.glendale.test.flags.FlagPoles_Test" name="verifyTextOnThePage" time="8.031"/>
  <system-out/>
</testsuite> <!-- com.glendale.test.flags.FlagPoles_Test -->
