<?xml version="1.0" encoding="UTF-8"?>
<!-- Generated by org.testng.reporters.JUnitReportReporter -->
<testsuite hostname="ARISTA113-PC" failures="0" tests="9" name="com.glendale.test.uniforms.PinsAndTabs_Test" time="85.661" errors="0" timestamp="2024-07-11T18:20:11 IST" skipped="0">
  <testcase classname="com.glendale.test.uniforms.PinsAndTabs_Test" name="verifyProductButtonAddToCartAndSelectPresenceAndClickable" time="5.108"/>
  <system-out/>
  <testcase classname="com.glendale.test.uniforms.PinsAndTabs_Test" name="testSortFunctionality" time="8.295"/>
  <system-out/>
  <testcase classname="com.glendale.test.uniforms.PinsAndTabs_Test" name="verifyAllFltersEnable" time="6.490"/>
  <system-out/>
  <testcase classname="com.glendale.test.uniforms.PinsAndTabs_Test" name="verifyTextPresenceAndFontSize" time="6.455"/>
  <system-out/>
  <testcase classname="com.glendale.test.uniforms.PinsAndTabs_Test" name="verifyPaginationEnable" time="6.732"/>
  <system-out/>
  <testcase classname="com.glendale.test.uniforms.PinsAndTabs_Test" name="verifyPageURL" time="7.048"/>
  <system-out/>
  <testcase classname="com.glendale.test.uniforms.PinsAndTabs_Test" name="verifyProductsNameAndPricePresenceAndButtonsEnable" time="8.569"/>
  <system-out/>
  <testcase classname="com.glendale.test.uniforms.PinsAndTabs_Test" name="verifyPaginationRedirection" time="30.428"/>
  <system-out/>
  <testcase classname="com.glendale.test.uniforms.PinsAndTabs_Test" name="verifyPageTitle" time="6.536"/>
  <system-out/>
</testsuite> <!-- com.glendale.test.uniforms.PinsAndTabs_Test -->
