<?xml version="1.0" encoding="UTF-8"?>
<!-- Generated by org.testng.reporters.JUnitReportReporter -->
<testsuite hostname="ARISTA113-PC" failures="0" tests="9" name="com.glendale.test.flags.FlagCoversAndCases_Test" time="78.495" errors="0" timestamp="2024-10-07T18:24:10 IST" skipped="0">
  <testcase classname="com.glendale.test.flags.FlagCoversAndCases_Test" name="verifyTextOnThePage" time="6.920"/>
  <system-out/>
  <testcase classname="com.glendale.test.flags.FlagCoversAndCases_Test" name="verifyPageTitle" time="7.036"/>
  <system-out/>
  <testcase classname="com.glendale.test.flags.FlagCoversAndCases_Test" name="verifyPaginationRedirection" time="20.390"/>
  <system-out/>
  <testcase classname="com.glendale.test.flags.FlagCoversAndCases_Test" name="testPageLoadTime" time="7.613"/>
  <system-out/>
  <testcase classname="com.glendale.test.flags.FlagCoversAndCases_Test" name="verifyPageURL" time="7.340"/>
  <system-out/>
  <testcase classname="com.glendale.test.flags.FlagCoversAndCases_Test" name="verifyProductsNameAndPricePresenceAndButtonsEnable" time="7.914"/>
  <system-out/>
  <testcase classname="com.glendale.test.flags.FlagCoversAndCases_Test" name="verifyAllFltersEnable" time="8.310"/>
  <system-out/>
  <testcase classname="com.glendale.test.flags.FlagCoversAndCases_Test" name="verifyPaginationEnable" time="6.096"/>
  <system-out/>
  <testcase classname="com.glendale.test.flags.FlagCoversAndCases_Test" name="testSortFunctionality" time="6.876"/>
  <system-out/>
</testsuite> <!-- com.glendale.test.flags.FlagCoversAndCases_Test -->
