<?xml version="1.0" encoding="UTF-8"?>
<!-- Generated by org.testng.reporters.JUnitReportReporter -->
<testsuite hostname="ARISTA113-PC" failures="0" tests="11" name="com.glendale.test.codets.AirForce_Test" time="196.668" errors="0" timestamp="2024-10-04T21:43:15 IST" skipped="0">
  <testcase classname="com.glendale.test.codets.AirForce_Test" name="verifyTextOnTheBanner" time="9.023"/>
  <system-out/>
  <testcase classname="com.glendale.test.codets.AirForce_Test" name="verifyBunleProductSectionPresenceWithProducts" time="7.303"/>
  <system-out/>
  <testcase classname="com.glendale.test.codets.AirForce_Test" name="verifyIconsBelowTheBestSellersIsPresenceAndNavigation" time="36.922"/>
  <system-out/>
  <testcase classname="com.glendale.test.codets.AirForce_Test" name="verifyFlagsSectionPresenceAndRediredirection" time="10.189"/>
  <system-out/>
  <testcase classname="com.glendale.test.codets.AirForce_Test" name="verifyFeaturedCollectionAccessories" time="29.771"/>
  <system-out/>
  <testcase classname="com.glendale.test.codets.AirForce_Test" name="verifyBestSellersSectionPresence" time="7.297"/>
  <system-out/>
  <testcase classname="com.glendale.test.codets.AirForce_Test" name="verifyFeaturedCollectionTeams" time="24.895"/>
  <system-out/>
  <testcase classname="com.glendale.test.codets.AirForce_Test" name="verifyCustomFlagsSectionPresenceAndRediredirection" time="9.856"/>
  <system-out/>
  <testcase classname="com.glendale.test.codets.AirForce_Test" name="verifyFeaturedCollectionFlagsItems" time="24.109"/>
  <system-out/>
  <testcase classname="com.glendale.test.codets.AirForce_Test" name="verifyFeaturedCollectionUniformItems" time="25.941"/>
  <system-out/>
  <testcase classname="com.glendale.test.codets.AirForce_Test" name="verifyBannerIsPresenceAndShopNowButtonRedirection" time="11.362"/>
  <system-out/>
</testsuite> <!-- com.glendale.test.codets.AirForce_Test -->
