<?xml version="1.0" encoding="UTF-8"?>
<!-- Generated by org.testng.reporters.JUnitReportReporter -->
<testsuite hostname="ARISTA113-PC" failures="0" tests="10" name="com.glendale.test.millitary.Army_Test" time="229.511" errors="0" timestamp="2024-07-11T18:20:11 IST" skipped="0">
  <testcase classname="com.glendale.test.millitary.Army_Test" name="verifyBunleProductSectionPresenceWithProducts" time="37.069"/>
  <system-out/>
  <testcase classname="com.glendale.test.millitary.Army_Test" name="verifyIconsBelowTheBestSellersIsPresenceAndNavigation" time="41.690"/>
  <system-out/>
  <testcase classname="com.glendale.test.millitary.Army_Test" name="verifyBestSellersSectionPresence" time="7.581"/>
  <system-out/>
  <testcase classname="com.glendale.test.millitary.Army_Test" name="verifyCustomFlagsSectionPresenceAndRediredirection" time="9.778"/>
  <system-out/>
  <testcase classname="com.glendale.test.millitary.Army_Test" name="verifyFeaturedCollectionFlags" time="26.457"/>
  <system-out/>
  <testcase classname="com.glendale.test.millitary.Army_Test" name="verifyFeaturedCollectionUniformItems" time="30.043"/>
  <system-out/>
  <testcase classname="com.glendale.test.millitary.Army_Test" name="verifyFeaturedCollectionCeremonialItems" time="24.857"/>
  <system-out/>
  <testcase classname="com.glendale.test.millitary.Army_Test" name="verifyFlagsSectionPresenceAndRediredirection" time="8.944"/>
  <system-out/>
  <testcase classname="com.glendale.test.millitary.Army_Test" name="verifyFeaturedCollectionFlagAccessories" time="26.752"/>
  <system-out/>
  <testcase classname="com.glendale.test.millitary.Army_Test" name="verifyBannerIsPresenceAndShopNowButtonRedirection" time="16.340"/>
  <system-out/>
</testsuite> <!-- com.glendale.test.millitary.Army_Test -->
