<?xml version="1.0" encoding="UTF-8"?>
<!-- Generated by org.testng.reporters.JUnitReportReporter -->
<testsuite hostname="ARISTA113-PC" failures="0" tests="11" name="com.glendale.test.codets.Navy_Test" time="204.444" errors="0" timestamp="2024-08-14T16:43:40 IST" skipped="0">
  <testcase classname="com.glendale.test.codets.Navy_Test" name="verifyCustomFlagsSectionPresenceAndRediredirection" time="10.345"/>
  <system-out/>
  <testcase classname="com.glendale.test.codets.Navy_Test" name="verifyIconsBelowTheBestSellersIsPresenceAndNavigation" time="42.964"/>
  <system-out/>
  <testcase classname="com.glendale.test.codets.Navy_Test" name="verifyBunleProductSectionPresenceWithProducts" time="9.160"/>
  <system-out/>
  <testcase classname="com.glendale.test.codets.Navy_Test" name="verifyFeaturedCollectionAccessories" time="30.007"/>
  <system-out/>
  <testcase classname="com.glendale.test.codets.Navy_Test" name="verifyFeaturedCollectionTeams" time="25.857"/>
  <system-out/>
  <testcase classname="com.glendale.test.codets.Navy_Test" name="verifyBestSellersSectionPresence" time="7.759"/>
  <system-out/>
  <testcase classname="com.glendale.test.codets.Navy_Test" name="verifyFeaturedCollectionFlagsItems" time="24.752"/>
  <system-out/>
  <testcase classname="com.glendale.test.codets.Navy_Test" name="verifyFlagsSectionPresenceAndRediredirection" time="9.805"/>
  <system-out/>
  <testcase classname="com.glendale.test.codets.Navy_Test" name="verifyFeaturedCollectionUniformItems" time="25.691"/>
  <system-out/>
  <testcase classname="com.glendale.test.codets.Navy_Test" name="verifyBannerIsPresenceAndShopNowButtonRedirection" time="10.020"/>
  <system-out/>
  <testcase classname="com.glendale.test.codets.Navy_Test" name="verifyTextOnTheBanner" time="8.084"/>
  <system-out/>
</testsuite> <!-- com.glendale.test.codets.Navy_Test -->
