<?xml version="1.0" encoding="UTF-8"?>
<!-- Generated by org.testng.reporters.JUnitReportReporter -->
<testsuite hostname="ARISTA113-PC" failures="0" tests="9" name="com.glendale.test.uniforms.AchievementMedals_Test" time="92.525" errors="0" timestamp="2024-10-08T17:20:19 IST" skipped="0">
  <testcase classname="com.glendale.test.uniforms.AchievementMedals_Test" name="verifyTextPresenceAndFontSize" time="6.807"/>
  <system-out/>
  <testcase classname="com.glendale.test.uniforms.AchievementMedals_Test" name="testSortFunctionality" time="7.937"/>
  <system-out/>
  <testcase classname="com.glendale.test.uniforms.AchievementMedals_Test" name="verifyPaginationEnable" time="7.492"/>
  <system-out/>
  <testcase classname="com.glendale.test.uniforms.AchievementMedals_Test" name="verifyPageTitle" time="7.229"/>
  <system-out/>
  <testcase classname="com.glendale.test.uniforms.AchievementMedals_Test" name="verifyPaginationRedirection" time="35.746"/>
  <system-out/>
  <testcase classname="com.glendale.test.uniforms.AchievementMedals_Test" name="verifyProductsNameAndPricePresenceAndButtonsEnable" time="6.626"/>
  <system-out/>
  <testcase classname="com.glendale.test.uniforms.AchievementMedals_Test" name="verifyPageURL" time="8.536"/>
  <system-out/>
  <testcase classname="com.glendale.test.uniforms.AchievementMedals_Test" name="verifyProductButtonAddToCartAndSelectPresenceAndClickable" time="4.968"/>
  <system-out/>
  <testcase classname="com.glendale.test.uniforms.AchievementMedals_Test" name="verifyAllFltersEnable" time="7.184"/>
  <system-out/>
</testsuite> <!-- com.glendale.test.uniforms.AchievementMedals_Test -->
