<?xml version="1.0" encoding="UTF-8"?>
<!-- Generated by org.testng.reporters.JUnitReportReporter -->
<testsuite hostname="ARISTA113-PC" failures="0" tests="7" name="com.glendale.test.aboutUs.ContactUs_Test" time="52.084" errors="0" timestamp="2024-08-14T15:43:59 IST" skipped="0">
  <testcase classname="com.glendale.test.aboutUs.ContactUs_Test" name="verifyAddressSection" time="6.850"/>
  <system-out/>
  <testcase classname="com.glendale.test.aboutUs.ContactUs_Test" name="testPageLoadTime" time="6.684"/>
  <system-out/>
  <testcase classname="com.glendale.test.aboutUs.ContactUs_Test" name="verifyEmailSection" time="7.296"/>
  <system-out/>
  <testcase classname="com.glendale.test.aboutUs.ContactUs_Test" name="verifyPageTitle" time="8.363"/>
  <system-out/>
  <testcase classname="com.glendale.test.aboutUs.ContactUs_Test" name="verifyPageURL" time="9.233"/>
  <system-out/>
  <testcase classname="com.glendale.test.aboutUs.ContactUs_Test" name="verifyPhoneSection" time="6.903"/>
  <system-out/>
  <testcase classname="com.glendale.test.aboutUs.ContactUs_Test" name="verifyHeading" time="6.755"/>
  <system-out/>
</testsuite> <!-- com.glendale.test.aboutUs.ContactUs_Test -->
