<?xml version="1.0" encoding="UTF-8"?>
<!-- Generated by org.testng.reporters.JUnitReportReporter -->
<testsuite hostname="ARISTA113-PC" failures="0" tests="6" name="com.glendale.test.uniforms.BeretsAndHelmets_Test" time="42.219" errors="0" timestamp="2024-07-11T18:20:11 IST" skipped="0">
  <testcase classname="com.glendale.test.uniforms.BeretsAndHelmets_Test" name="verifyProductButtonAddToCartAndSelectPresenceAndClickable" time="4.580"/>
  <system-out/>
  <testcase classname="com.glendale.test.uniforms.BeretsAndHelmets_Test" name="verifyPageTitle" time="6.868"/>
  <system-out/>
  <testcase classname="com.glendale.test.uniforms.BeretsAndHelmets_Test" name="verifyPageURL" time="7.892"/>
  <system-out/>
  <testcase classname="com.glendale.test.uniforms.BeretsAndHelmets_Test" name="verifyAllFltersEnable" time="6.810"/>
  <system-out/>
  <testcase classname="com.glendale.test.uniforms.BeretsAndHelmets_Test" name="testSortFunctionality" time="8.843"/>
  <system-out/>
  <testcase classname="com.glendale.test.uniforms.BeretsAndHelmets_Test" name="verifyProductsNameAndPricePresenceAndButtonsEnable" time="7.226"/>
  <system-out/>
</testsuite> <!-- com.glendale.test.uniforms.BeretsAndHelmets_Test -->
