<?xml version="1.0" encoding="UTF-8"?>
<!-- Generated by org.testng.reporters.JUnitReportReporter -->
<testsuite hostname="ARISTA113-PC" failures="0" tests="31" name="com.glendale.test.HomePageTest" time="1014.192" errors="0" timestamp="2024-08-09T15:29:22 IST" skipped="0">
  <testcase classname="com.glendale.test.HomePageTest" name="verifyTestimonialsSectionPresence" time="6.471"/>
  <system-out/>
  <testcase classname="com.glendale.test.HomePageTest" name="verifySearchFunctionality" time="8.171"/>
  <system-out/>
  <testcase classname="com.glendale.test.HomePageTest" name="verifyCartIconPresenceAndClickable" time="4.455"/>
  <system-out/>
  <testcase classname="com.glendale.test.HomePageTest" name="verifyCustomWorksNavigationLinks" time="17.565"/>
  <system-out/>
  <testcase classname="com.glendale.test.HomePageTest" name="verifyCustomPatchesAndFlashesPresenceAndClickable" time="7.756"/>
  <system-out/>
  <testcase classname="com.glendale.test.HomePageTest" name="verifyHonorGuradNavigationLinks" time="14.558"/>
  <system-out/>
  <testcase classname="com.glendale.test.HomePageTest" name="verifyCustomFlagsPresenceAndClickable" time="7.150"/>
  <system-out/>
  <testcase classname="com.glendale.test.HomePageTest" name="verifySoloTandemDrillersPresenceAndClickable" time="9.001"/>
  <system-out/>
  <testcase classname="com.glendale.test.HomePageTest" name="verifyAboutUsNavigationLinks" time="137.578"/>
  <system-out/>
  <testcase classname="com.glendale.test.HomePageTest" name="verifyFirstResponderFeaturedCollectionsItems" time="35.464"/>
  <system-out/>
  <testcase classname="com.glendale.test.HomePageTest" name="verifySmithAndWarrenBadgesPresenceAndClickable" time="9.692"/>
  <system-out/>
  <testcase classname="com.glendale.test.HomePageTest" name="verifyFooterSocialMediaLinksRedirection" time="27.923"/>
  <system-out/>
  <testcase classname="com.glendale.test.HomePageTest" name="verifyCodetsNavigationLinks" time="33.171"/>
  <system-out/>
  <testcase classname="com.glendale.test.HomePageTest" name="verifyHonePageTitle" time="4.045"/>
  <system-out/>
  <testcase classname="com.glendale.test.HomePageTest" name="verifyAccountIconPresenceAndClickable" time="7.323"/>
  <system-out/>
  <testcase classname="com.glendale.test.HomePageTest" name="verifyUniformsNavigationLinks" time="74.250"/>
  <system-out/>
  <testcase classname="com.glendale.test.HomePageTest" name="verigyFooterLogoPresenceAndClickable" time="5.204"/>
  <system-out/>
  <testcase classname="com.glendale.test.HomePageTest" name="verifyFirstRespondersNavigationLinks" time="14.793"/>
  <system-out/>
  <testcase classname="com.glendale.test.HomePageTest" name="verifySwordsNavigationLinks" time="14.061"/>
  <system-out/>
  <testcase classname="com.glendale.test.HomePageTest" name="verifyFlagsNavigationLinks" time="29.637"/>
  <system-out/>
  <testcase classname="com.glendale.test.HomePageTest" name="verifyLogoPresenceAndClickable" time="5.496"/>
  <system-out/>
  <testcase classname="com.glendale.test.HomePageTest" name="verifyBestSellersSectionPresent" time="6.021"/>
  <system-out/>
  <testcase classname="com.glendale.test.HomePageTest" name="verifyFooterProductsLinksRedirection" time="51.809"/>
  <system-out/>
  <testcase classname="com.glendale.test.HomePageTest" name="verifyFooterCompanyLinkRedirections" time="303.122"/>
  <system-out/>
  <testcase classname="com.glendale.test.HomePageTest" name="verifyMilitaryFeaturedCollectionsItems" time="30.163"/>
  <system-out/>
  <testcase classname="com.glendale.test.HomePageTest" name="verifyrotcAndJrotcFeaturedCollectionsItems" time="35.005"/>
  <system-out/>
  <testcase classname="com.glendale.test.HomePageTest" name="verifyBannerPresence" time="3.872"/>
  <system-out/>
  <testcase classname="com.glendale.test.HomePageTest" name="verifyMilitaryNavigationLinks" time="30.970"/>
  <system-out/>
  <testcase classname="com.glendale.test.HomePageTest" name="verifyFlagsPresenceAndClickable" time="7.894"/>
  <system-out/>
  <testcase classname="com.glendale.test.HomePageTest" name="verifyLatestBolgsPresenceAndViewAllBlogsClickable" time="6.952"/>
  <system-out/>
  <testcase classname="com.glendale.test.HomePageTest" name="verifyReplicaRiflesNavigationLinks" time="64.620"/>
  <system-out/>
</testsuite> <!-- com.glendale.test.HomePageTest -->
