<?xml version="1.0" encoding="UTF-8"?>
<!-- Generated by org.testng.reporters.JUnitReportReporter -->
<testsuite hostname="ARISTA113-PC" failures="0" tests="9" name="com.glendale.test.flags.FlagPoles_Test" time="78.675" errors="0" timestamp="2024-10-07T18:27:37 IST" skipped="0">
  <testcase classname="com.glendale.test.flags.FlagPoles_Test" name="verifyTextOnThePage" time="7.196"/>
  <system-out/>
  <testcase classname="com.glendale.test.flags.FlagPoles_Test" name="verifyPageURL" time="6.980"/>
  <system-out/>
  <testcase classname="com.glendale.test.flags.FlagPoles_Test" name="testSortFunctionality" time="6.709"/>
  <system-out/>
  <testcase classname="com.glendale.test.flags.FlagPoles_Test" name="verifyAllFltersEnable" time="6.998"/>
  <system-out/>
  <testcase classname="com.glendale.test.flags.FlagPoles_Test" name="verifyPaginationRedirection" time="18.707"/>
  <system-out/>
  <testcase classname="com.glendale.test.flags.FlagPoles_Test" name="verifyPageTitle" time="10.336"/>
  <system-out/>
  <testcase classname="com.glendale.test.flags.FlagPoles_Test" name="testPageLoadTime" time="6.779"/>
  <system-out/>
  <testcase classname="com.glendale.test.flags.FlagPoles_Test" name="verifyPaginationEnable" time="7.019"/>
  <system-out/>
  <testcase classname="com.glendale.test.flags.FlagPoles_Test" name="verifyProductsNameAndPricePresenceAndButtonsEnable" time="7.951"/>
  <system-out/>
</testsuite> <!-- com.glendale.test.flags.FlagPoles_Test -->
