<?xml version="1.0" encoding="UTF-8"?>
<!-- Generated by org.testng.reporters.JUnitReportReporter -->
<testsuite hostname="ARISTA113-PC" failures="0" tests="14" name="com.glendale.test.flags.AllFlags_Test" time="296.680" errors="0" timestamp="2024-08-09T19:02:05 IST" skipped="0">
  <testcase classname="com.glendale.test.flags.AllFlags_Test" name="verifyPageTitle" time="7.132"/>
  <system-out/>
  <testcase classname="com.glendale.test.flags.AllFlags_Test" name="verifyTextOnTheBanner" time="7.389"/>
  <system-out/>
  <testcase classname="com.glendale.test.flags.AllFlags_Test" name="verifyFeaturedCollectionFlagAccessoriesSection" time="37.565"/>
  <system-out/>
  <testcase classname="com.glendale.test.flags.AllFlags_Test" name="verifyFeaturedCollectionMillitarySection" time="52.679"/>
  <system-out/>
  <testcase classname="com.glendale.test.flags.AllFlags_Test" name="verifyBundleProducts" time="8.627"/>
  <system-out/>
  <testcase classname="com.glendale.test.flags.AllFlags_Test" name="verifyBannerIsPresence" time="7.148"/>
  <system-out/>
  <testcase classname="com.glendale.test.flags.AllFlags_Test" name="verifyFeaturedCollectionInternationalSection" time="15.239"/>
  <system-out/>
  <testcase classname="com.glendale.test.flags.AllFlags_Test" name="testPageLoadTime" time="7.772"/>
  <system-out/>
  <testcase classname="com.glendale.test.flags.AllFlags_Test" name="verifyBestSellersSectionPresence" time="7.033"/>
  <system-out/>
  <testcase classname="com.glendale.test.flags.AllFlags_Test" name="verifyFeaturedCollectionUSFlagsSection" time="56.176"/>
  <system-out/>
  <testcase classname="com.glendale.test.flags.AllFlags_Test" name="verifyFeaturedCollectionJROTCSection" time="20.939"/>
  <system-out/>
  <testcase classname="com.glendale.test.flags.AllFlags_Test" name="verifyFeaturedCollectionStateAndTerritorialSection" time="21.251"/>
  <system-out/>
  <testcase classname="com.glendale.test.flags.AllFlags_Test" name="verifyIconsBelowTheBestSellersIsPresenceAndNavigation" time="39.820"/>
  <system-out/>
  <testcase classname="com.glendale.test.flags.AllFlags_Test" name="verifyPageURL" time="7.910"/>
  <system-out/>
</testsuite> <!-- com.glendale.test.flags.AllFlags_Test -->
