<?xml version="1.0" encoding="UTF-8"?>
<!-- Generated by org.testng.reporters.JUnitReportReporter -->
<testsuite hostname="ARISTA113-PC" failures="0" tests="1" name="com.glendale.test.flags.FlagCariers_Test" time="7.896" errors="0" timestamp="2024-10-07T18:22:38 IST" skipped="0">
  <testcase classname="com.glendale.test.flags.FlagCariers_Test" name="testPageLoadTime" time="7.896"/>
  <system-out/>
</testsuite> <!-- com.glendale.test.flags.FlagCariers_Test -->
