<?xml version="1.0" encoding="UTF-8"?>
<!-- Generated by org.testng.reporters.JUnitReportReporter -->
<testsuite hostname="ARISTA113-PC" failures="0" tests="7" name="com.glendale.test.uniforms.Accessories_Test" time="107.151" errors="0" timestamp="2024-10-08T17:18:35 IST" skipped="0">
  <testcase classname="com.glendale.test.uniforms.Accessories_Test" name="verifyPageTitle" time="7.091"/>
  <system-out/>
  <testcase classname="com.glendale.test.uniforms.Accessories_Test" name="testSortFunctionality" time="7.911"/>
  <system-out/>
  <testcase classname="com.glendale.test.uniforms.Accessories_Test" name="verifyPaginationEnableAndRedirection" time="34.938"/>
  <system-out/>
  <testcase classname="com.glendale.test.uniforms.Accessories_Test" name="verifyPageURL" time="7.063"/>
  <system-out/>
  <testcase classname="com.glendale.test.uniforms.Accessories_Test" name="verifyAllFltersEnable" time="35.569"/>
  <system-out/>
  <testcase classname="com.glendale.test.uniforms.Accessories_Test" name="verifyProductsNameAndPricePresenceAndButtonsEnable" time="8.644"/>
  <system-out/>
  <testcase classname="com.glendale.test.uniforms.Accessories_Test" name="verifyTextPresenceAndFontSize" time="5.935"/>
  <system-out/>
</testsuite> <!-- com.glendale.test.uniforms.Accessories_Test -->
