<?xml version="1.0" encoding="UTF-8"?>
<!-- Generated by org.testng.reporters.JUnitReportReporter -->
<testsuite hostname="ARISTA113-PC" failures="0" tests="11" name="com.glendale.test.codets.AirForce_Test" time="211.404" errors="0" timestamp="2024-08-14T15:52:48 IST" skipped="0">
  <testcase classname="com.glendale.test.codets.AirForce_Test" name="verifyBunleProductSectionPresenceWithProducts" time="7.656"/>
  <system-out/>
  <testcase classname="com.glendale.test.codets.AirForce_Test" name="verifyCustomFlagsSectionPresenceAndRediredirection" time="10.718"/>
  <system-out/>
  <testcase classname="com.glendale.test.codets.AirForce_Test" name="verifyFeaturedCollectionUniformItems" time="29.776"/>
  <system-out/>
  <testcase classname="com.glendale.test.codets.AirForce_Test" name="verifyBannerIsPresenceAndShopNowButtonRedirection" time="13.428"/>
  <system-out/>
  <testcase classname="com.glendale.test.codets.AirForce_Test" name="verifyBestSellersSectionPresence" time="7.223"/>
  <system-out/>
  <testcase classname="com.glendale.test.codets.AirForce_Test" name="verifyFlagsSectionPresenceAndRediredirection" time="9.413"/>
  <system-out/>
  <testcase classname="com.glendale.test.codets.AirForce_Test" name="verifyIconsBelowTheBestSellersIsPresenceAndNavigation" time="43.047"/>
  <system-out/>
  <testcase classname="com.glendale.test.codets.AirForce_Test" name="verifyTextOnTheBanner" time="10.740"/>
  <system-out/>
  <testcase classname="com.glendale.test.codets.AirForce_Test" name="verifyFeaturedCollectionAccessories" time="29.558"/>
  <system-out/>
  <testcase classname="com.glendale.test.codets.AirForce_Test" name="verifyFeaturedCollectionFlagsItems" time="24.992"/>
  <system-out/>
  <testcase classname="com.glendale.test.codets.AirForce_Test" name="verifyFeaturedCollectionTeams" time="24.853"/>
  <system-out/>
</testsuite> <!-- com.glendale.test.codets.AirForce_Test -->
