<?xml version="1.0" encoding="UTF-8"?>
<!-- Generated by org.testng.reporters.JUnitReportReporter -->
<testsuite hostname="ARISTA113-PC" failures="0" tests="6" name="com.glendale.test.flags.MourningFlags_Test" time="43.107" errors="0" timestamp="2024-10-07T18:30:12 IST" skipped="0">
  <testcase classname="com.glendale.test.flags.MourningFlags_Test" name="verifyAllFltersEnable" time="7.072"/>
  <system-out/>
  <testcase classname="com.glendale.test.flags.MourningFlags_Test" name="verifyPageURL" time="7.857"/>
  <system-out/>
  <testcase classname="com.glendale.test.flags.MourningFlags_Test" name="verifyPageTitle" time="6.774"/>
  <system-out/>
  <testcase classname="com.glendale.test.flags.MourningFlags_Test" name="testSortFunctionality" time="6.353"/>
  <system-out/>
  <testcase classname="com.glendale.test.flags.MourningFlags_Test" name="testPageLoadTime" time="8.191"/>
  <system-out/>
  <testcase classname="com.glendale.test.flags.MourningFlags_Test" name="verifyProductsNameAndPricePresenceAndButtonsEnable" time="6.860"/>
  <system-out/>
</testsuite> <!-- com.glendale.test.flags.MourningFlags_Test -->
