<?xml version="1.0" encoding="UTF-8"?>
<!-- Generated by org.testng.reporters.JUnitReportReporter -->
<testsuite hostname="ARISTA113-PC" failures="0" tests="9" name="com.glendale.test.flags.FlagPoles_Test" time="76.178" errors="0" timestamp="2024-08-09T18:52:47 IST" skipped="0">
  <testcase classname="com.glendale.test.flags.FlagPoles_Test" name="verifyPaginationRedirection" time="20.526"/>
  <system-out/>
  <testcase classname="com.glendale.test.flags.FlagPoles_Test" name="verifyPageTitle" time="6.666"/>
  <system-out/>
  <testcase classname="com.glendale.test.flags.FlagPoles_Test" name="verifyTextOnThePage" time="6.686"/>
  <system-out/>
  <testcase classname="com.glendale.test.flags.FlagPoles_Test" name="testPageLoadTime" time="6.594"/>
  <system-out/>
  <testcase classname="com.glendale.test.flags.FlagPoles_Test" name="testSortFunctionality" time="7.242"/>
  <system-out/>
  <testcase classname="com.glendale.test.flags.FlagPoles_Test" name="verifyPaginationEnable" time="7.571"/>
  <system-out/>
  <testcase classname="com.glendale.test.flags.FlagPoles_Test" name="verifyAllFltersEnable" time="6.580"/>
  <system-out/>
  <testcase classname="com.glendale.test.flags.FlagPoles_Test" name="verifyProductsNameAndPricePresenceAndButtonsEnable" time="7.246"/>
  <system-out/>
  <testcase classname="com.glendale.test.flags.FlagPoles_Test" name="verifyPageURL" time="7.067"/>
  <system-out/>
</testsuite> <!-- com.glendale.test.flags.FlagPoles_Test -->
