<?xml version="1.0" encoding="UTF-8"?>
<!-- Generated by org.testng.reporters.JUnitReportReporter -->
<testsuite hostname="ARISTA113-PC" failures="0" tests="8" name="com.glendale.test.honorGuard.Millitary_Test" time="73.534" errors="0" timestamp="2024-07-11T18:20:11 IST" skipped="0">
  <testcase classname="com.glendale.test.honorGuard.Millitary_Test" name="verifyProductsNameAndPricePresenceAndButtonsEnable" time="8.368"/>
  <system-out/>
  <testcase classname="com.glendale.test.honorGuard.Millitary_Test" name="verifyPaginationEnable" time="8.103"/>
  <system-out/>
  <testcase classname="com.glendale.test.honorGuard.Millitary_Test" name="testPageLoadTime" time="7.748"/>
  <system-out/>
  <testcase classname="com.glendale.test.honorGuard.Millitary_Test" name="testSortFunctionality" time="7.303"/>
  <system-out/>
  <testcase classname="com.glendale.test.honorGuard.Millitary_Test" name="verifyPageTitle" time="7.747"/>
  <system-out/>
  <testcase classname="com.glendale.test.honorGuard.Millitary_Test" name="verifyPageURL" time="6.588"/>
  <system-out/>
  <testcase classname="com.glendale.test.honorGuard.Millitary_Test" name="verifyPaginationRedirection" time="20.857"/>
  <system-out/>
  <testcase classname="com.glendale.test.honorGuard.Millitary_Test" name="verifyAllFltersEnable" time="6.820"/>
  <system-out/>
</testsuite> <!-- com.glendale.test.honorGuard.Millitary_Test -->
