<?xml version="1.0" encoding="UTF-8"?>
<!-- Generated by org.testng.reporters.JUnitReportReporter -->
<testsuite hostname="ARISTA113-PC" failures="0" tests="9" name="com.glendale.test.flags.FlagCoversAndCases_Test" time="83.510" errors="0" timestamp="2024-07-11T18:20:11 IST" skipped="0">
  <testcase classname="com.glendale.test.flags.FlagCoversAndCases_Test" name="verifyProductsNameAndPricePresenceAndButtonsEnable" time="7.417"/>
  <system-out/>
  <testcase classname="com.glendale.test.flags.FlagCoversAndCases_Test" name="verifyPaginationRedirection" time="24.851"/>
  <system-out/>
  <testcase classname="com.glendale.test.flags.FlagCoversAndCases_Test" name="verifyPaginationEnable" time="7.346"/>
  <system-out/>
  <testcase classname="com.glendale.test.flags.FlagCoversAndCases_Test" name="testSortFunctionality" time="8.426"/>
  <system-out/>
  <testcase classname="com.glendale.test.flags.FlagCoversAndCases_Test" name="verifyPageTitle" time="6.902"/>
  <system-out/>
  <testcase classname="com.glendale.test.flags.FlagCoversAndCases_Test" name="verifyPageURL" time="6.522"/>
  <system-out/>
  <testcase classname="com.glendale.test.flags.FlagCoversAndCases_Test" name="verifyAllFltersEnable" time="8.200"/>
  <system-out/>
  <testcase classname="com.glendale.test.flags.FlagCoversAndCases_Test" name="verifyTextOnThePage" time="6.525"/>
  <system-out/>
  <testcase classname="com.glendale.test.flags.FlagCoversAndCases_Test" name="testPageLoadTime" time="7.321"/>
  <system-out/>
</testsuite> <!-- com.glendale.test.flags.FlagCoversAndCases_Test -->
