<?xml version="1.0" encoding="UTF-8"?>
<!-- Generated by org.testng.reporters.JUnitReportReporter -->
<testsuite hostname="ARISTA113-PC" failures="0" tests="12" name="com.glendale.test.codets.ThePershingRiflesGroup_Test" time="128.291" errors="0" timestamp="2024-10-07T17:39:18 IST" skipped="0">
  <testcase classname="com.glendale.test.codets.ThePershingRiflesGroup_Test" name="verifyAllFltersEnable" time="7.108"/>
  <system-out/>
  <testcase classname="com.glendale.test.codets.ThePershingRiflesGroup_Test" name="verifyAccessibility" time="6.347"/>
  <system-out/>
  <testcase classname="com.glendale.test.codets.ThePershingRiflesGroup_Test" name="verifyAllProductsOnThePageLoaded" time="38.274"/>
  <system-out/>
  <testcase classname="com.glendale.test.codets.ThePershingRiflesGroup_Test" name="verifyProductsNameAndPricePresenceAndButtonsEnable" time="8.571"/>
  <system-out/>
  <testcase classname="com.glendale.test.codets.ThePershingRiflesGroup_Test" name="verifyMainImgOnThePageLoadingAndText" time="6.926"/>
  <system-out/>
  <testcase classname="com.glendale.test.codets.ThePershingRiflesGroup_Test" name="verifyPaginationIsClickable" time="7.122"/>
  <system-out/>
  <testcase classname="com.glendale.test.codets.ThePershingRiflesGroup_Test" name="verifyPageTitle" time="7.434"/>
  <system-out/>
  <testcase classname="com.glendale.test.codets.ThePershingRiflesGroup_Test" name="verifyResponsiveDesign" time="6.549"/>
  <system-out/>
  <testcase classname="com.glendale.test.codets.ThePershingRiflesGroup_Test" name="verifyCrossBrowserCompatibility" time="17.714"/>
  <system-out/>
  <testcase classname="com.glendale.test.codets.ThePershingRiflesGroup_Test" name="verifyPageLoadTime" time="9.252"/>
  <system-out/>
  <testcase classname="com.glendale.test.codets.ThePershingRiflesGroup_Test" name="verifySortByFilterEnable" time="5.825"/>
  <system-out/>
  <testcase classname="com.glendale.test.codets.ThePershingRiflesGroup_Test" name="verifyCurrentURL" time="7.169"/>
  <system-out/>
</testsuite> <!-- com.glendale.test.codets.ThePershingRiflesGroup_Test -->
