<?xml version="1.0" encoding="UTF-8"?>
<!-- Generated by org.testng.reporters.JUnitReportReporter -->
<testsuite hostname="ARISTA113-PC" failures="0" tests="9" name="com.glendale.test.flags.FlagCariers_Test" time="83.267" errors="0" timestamp="2024-08-09T18:52:47 IST" skipped="0">
  <testcase classname="com.glendale.test.flags.FlagCariers_Test" name="verifyPaginationRedirection" time="21.937"/>
  <system-out/>
  <testcase classname="com.glendale.test.flags.FlagCariers_Test" name="verifyPageTitle" time="6.538"/>
  <system-out/>
  <testcase classname="com.glendale.test.flags.FlagCariers_Test" name="testPageLoadTime" time="7.515"/>
  <system-out/>
  <testcase classname="com.glendale.test.flags.FlagCariers_Test" name="verifyPageURL" time="7.996"/>
  <system-out/>
  <testcase classname="com.glendale.test.flags.FlagCariers_Test" name="verifyProductsNameAndPricePresenceAndButtonsEnable" time="7.715"/>
  <system-out/>
  <testcase classname="com.glendale.test.flags.FlagCariers_Test" name="verifyTextOnThePage" time="7.394"/>
  <system-out/>
  <testcase classname="com.glendale.test.flags.FlagCariers_Test" name="testSortFunctionality" time="7.892"/>
  <system-out/>
  <testcase classname="com.glendale.test.flags.FlagCariers_Test" name="verifyPaginationEnable" time="8.247"/>
  <system-out/>
  <testcase classname="com.glendale.test.flags.FlagCariers_Test" name="verifyAllFltersEnable" time="8.033"/>
  <system-out/>
</testsuite> <!-- com.glendale.test.flags.FlagCariers_Test -->
