<?xml version="1.0" encoding="UTF-8"?>
<!-- Generated by org.testng.reporters.JUnitReportReporter -->
<testsuite hostname="ARISTA113-PC" failures="0" tests="19" name="com.glendale.test.swords.CeremonialMillitarySwords_Test" time="144.859" errors="0" timestamp="2024-07-11T18:20:11 IST" skipped="0">
  <testcase classname="com.glendale.test.swords.CeremonialMillitarySwords_Test" name="testBranchDropdownOptions" time="8.366"/>
  <system-out/>
  <testcase classname="com.glendale.test.swords.CeremonialMillitarySwords_Test" name="verifyAddToCartButtonFunctionality" time="7.016"/>
  <system-out/>
  <testcase classname="com.glendale.test.swords.CeremonialMillitarySwords_Test" name="verifyAddToCartButtonPresence" time="6.743"/>
  <system-out/>
  <testcase classname="com.glendale.test.swords.CeremonialMillitarySwords_Test" name="testPageLoadTime" time="7.661"/>
  <system-out/>
  <testcase classname="com.glendale.test.swords.CeremonialMillitarySwords_Test" name="verifyPriceOfTheProductIsPresence" time="7.202"/>
  <system-out/>
  <testcase classname="com.glendale.test.swords.CeremonialMillitarySwords_Test" name="testNameDropdownOptions" time="7.002"/>
  <system-out/>
  <testcase classname="com.glendale.test.swords.CeremonialMillitarySwords_Test" name="testProductDecreaseButton" time="7.559"/>
  <system-out/>
  <testcase classname="com.glendale.test.swords.CeremonialMillitarySwords_Test" name="testNameDropdown" time="8.880"/>
  <system-out/>
  <testcase classname="com.glendale.test.swords.CeremonialMillitarySwords_Test" name="veryImageOfTheProductIsPresence" time="7.017"/>
  <system-out/>
  <testcase classname="com.glendale.test.swords.CeremonialMillitarySwords_Test" name="testLengthDropdownOptions" time="7.296"/>
  <system-out/>
  <testcase classname="com.glendale.test.swords.CeremonialMillitarySwords_Test" name="verifyPageURL" time="7.379"/>
  <system-out/>
  <testcase classname="com.glendale.test.swords.CeremonialMillitarySwords_Test" name="verifyTitleOfTheProductIsPresent" time="8.651"/>
  <system-out/>
  <testcase classname="com.glendale.test.swords.CeremonialMillitarySwords_Test" name="verifyPageTitle" time="8.011"/>
  <system-out/>
  <testcase classname="com.glendale.test.swords.CeremonialMillitarySwords_Test" name="verifyRelatedProductSection" time="8.141"/>
  <system-out/>
  <testcase classname="com.glendale.test.swords.CeremonialMillitarySwords_Test" name="verifyTestimonialSectionIsPresence" time="6.907"/>
  <system-out/>
  <testcase classname="com.glendale.test.swords.CeremonialMillitarySwords_Test" name="testLengthDropdown" time="7.535"/>
  <system-out/>
  <testcase classname="com.glendale.test.swords.CeremonialMillitarySwords_Test" name="testProductIncreaseButton" time="6.902"/>
  <system-out/>
  <testcase classname="com.glendale.test.swords.CeremonialMillitarySwords_Test" name="testBranchDropdown" time="8.384"/>
  <system-out/>
  <testcase classname="com.glendale.test.swords.CeremonialMillitarySwords_Test" name="verifyDescriptionOfTheProduct" time="8.207"/>
  <system-out/>
</testsuite> <!-- com.glendale.test.swords.CeremonialMillitarySwords_Test -->
