<?xml version="1.0" encoding="UTF-8"?>
<!-- Generated by org.testng.reporters.JUnitReportReporter -->
<testsuite hostname="ARISTA113-PC" failures="0" tests="8" name="com.glendale.test.uniforms.ArmyGreenServiceUniform_Test" time="66.140" errors="0" timestamp="2024-10-08T17:50:33 IST" skipped="0">
  <testcase classname="com.glendale.test.uniforms.ArmyGreenServiceUniform_Test" name="testSortFunctionality" time="8.132"/>
  <system-out/>
  <testcase classname="com.glendale.test.uniforms.ArmyGreenServiceUniform_Test" name="verifyAllFltersEnable" time="7.203"/>
  <system-out/>
  <testcase classname="com.glendale.test.uniforms.ArmyGreenServiceUniform_Test" name="verifyPaginationEnable" time="7.310"/>
  <system-out/>
  <testcase classname="com.glendale.test.uniforms.ArmyGreenServiceUniform_Test" name="verifyPageURL" time="6.961"/>
  <system-out/>
  <testcase classname="com.glendale.test.uniforms.ArmyGreenServiceUniform_Test" name="verifyProductButtonAddToCartAndSelectPresenceAndClickable" time="5.930"/>
  <system-out/>
  <testcase classname="com.glendale.test.uniforms.ArmyGreenServiceUniform_Test" name="verifyPaginationRedirection" time="16.612"/>
  <system-out/>
  <testcase classname="com.glendale.test.uniforms.ArmyGreenServiceUniform_Test" name="verifyPageTitle" time="7.434"/>
  <system-out/>
  <testcase classname="com.glendale.test.uniforms.ArmyGreenServiceUniform_Test" name="verifyProductsNameAndPricePresenceAndButtonsEnable" time="6.558"/>
  <system-out/>
</testsuite> <!-- com.glendale.test.uniforms.ArmyGreenServiceUniform_Test -->
