<?xml version="1.0" encoding="UTF-8"?>
<!-- Generated by org.testng.reporters.JUnitReportReporter -->
<testsuite hostname="ARISTA113-PC" failures="0" tests="9" name="com.glendale.test.uniforms.ShoulderCords_Test" time="83.539" errors="0" timestamp="2024-07-11T18:20:11 IST" skipped="0">
  <testcase classname="com.glendale.test.uniforms.ShoulderCords_Test" name="testSortFunctionality" time="9.196"/>
  <system-out/>
  <testcase classname="com.glendale.test.uniforms.ShoulderCords_Test" name="verifyTextPresenceAndFontSize" time="6.400"/>
  <system-out/>
  <testcase classname="com.glendale.test.uniforms.ShoulderCords_Test" name="verifyPaginationRedirection" time="26.125"/>
  <system-out/>
  <testcase classname="com.glendale.test.uniforms.ShoulderCords_Test" name="verifyProductsNameAndPricePresenceAndButtonsEnable" time="8.154"/>
  <system-out/>
  <testcase classname="com.glendale.test.uniforms.ShoulderCords_Test" name="verifyPageTitle" time="6.491"/>
  <system-out/>
  <testcase classname="com.glendale.test.uniforms.ShoulderCords_Test" name="verifyPaginationEnable" time="7.018"/>
  <system-out/>
  <testcase classname="com.glendale.test.uniforms.ShoulderCords_Test" name="verifyPageURL" time="8.534"/>
  <system-out/>
  <testcase classname="com.glendale.test.uniforms.ShoulderCords_Test" name="verifyAllFltersEnable" time="6.811"/>
  <system-out/>
  <testcase classname="com.glendale.test.uniforms.ShoulderCords_Test" name="verifyProductButtonAddToCartAndSelectPresenceAndClickable" time="4.810"/>
  <system-out/>
</testsuite> <!-- com.glendale.test.uniforms.ShoulderCords_Test -->
