<?xml version="1.0" encoding="UTF-8"?>
<!-- Generated by org.testng.reporters.JUnitReportReporter -->
<testsuite hostname="ARISTA113-PC" failures="0" tests="7" name="com.glendale.test.replicaRifles.Rifles_Test" time="49.100" errors="0" timestamp="2024-07-11T18:20:11 IST" skipped="0">
  <testcase classname="com.glendale.test.replicaRifles.Rifles_Test" name="verifyProductsNameAndPricePresenceAndButtonsEnable" time="6.921"/>
  <system-out/>
  <testcase classname="com.glendale.test.replicaRifles.Rifles_Test" name="testSortFunctionality" time="6.959"/>
  <system-out/>
  <testcase classname="com.glendale.test.replicaRifles.Rifles_Test" name="verifyAllFltersEnable" time="6.502"/>
  <system-out/>
  <testcase classname="com.glendale.test.replicaRifles.Rifles_Test" name="verifyTextOnThePage" time="7.191"/>
  <system-out/>
  <testcase classname="com.glendale.test.replicaRifles.Rifles_Test" name="verifyPageTitle" time="6.590"/>
  <system-out/>
  <testcase classname="com.glendale.test.replicaRifles.Rifles_Test" name="testPageLoadTime" time="8.396"/>
  <system-out/>
  <testcase classname="com.glendale.test.replicaRifles.Rifles_Test" name="verifyPageURL" time="6.541"/>
  <system-out/>
</testsuite> <!-- com.glendale.test.replicaRifles.Rifles_Test -->
