<?xml version="1.0" encoding="UTF-8"?>
<!-- Generated by org.testng.reporters.JUnitReportReporter -->
<testsuite hostname="ARISTA113-PC" failures="0" tests="9" name="com.glendale.test.replicaRifles.RifleAccessories_Test" time="80.864" errors="0" timestamp="2024-07-11T18:20:11 IST" skipped="0">
  <testcase classname="com.glendale.test.replicaRifles.RifleAccessories_Test" name="verifyPaginationEnable" time="6.708"/>
  <system-out/>
  <testcase classname="com.glendale.test.replicaRifles.RifleAccessories_Test" name="verifyProductsNameAndPricePresenceAndButtonsEnable" time="8.520"/>
  <system-out/>
  <testcase classname="com.glendale.test.replicaRifles.RifleAccessories_Test" name="testPageLoadTime" time="7.261"/>
  <system-out/>
  <testcase classname="com.glendale.test.replicaRifles.RifleAccessories_Test" name="verifyAllFltersEnable" time="6.651"/>
  <system-out/>
  <testcase classname="com.glendale.test.replicaRifles.RifleAccessories_Test" name="verifyPageURL" time="6.473"/>
  <system-out/>
  <testcase classname="com.glendale.test.replicaRifles.RifleAccessories_Test" name="verifyPaginationRedirection" time="24.631"/>
  <system-out/>
  <testcase classname="com.glendale.test.replicaRifles.RifleAccessories_Test" name="verifyPageTitle" time="7.132"/>
  <system-out/>
  <testcase classname="com.glendale.test.replicaRifles.RifleAccessories_Test" name="testSortFunctionality" time="6.864"/>
  <system-out/>
  <testcase classname="com.glendale.test.replicaRifles.RifleAccessories_Test" name="verifyTextOnThePage" time="6.624"/>
  <system-out/>
</testsuite> <!-- com.glendale.test.replicaRifles.RifleAccessories_Test -->
