<?xml version="1.0" encoding="UTF-8"?>
<!-- Generated by org.testng.reporters.JUnitReportReporter -->
<testsuite hostname="ARISTA113-PC" failures="0" tests="11" name="com.glendale.test.codets.Army_Test" time="220.492" errors="0" timestamp="2024-07-11T18:20:11 IST" skipped="0">
  <testcase classname="com.glendale.test.codets.Army_Test" name="verifyBannerIsPresenceAndShopNowButtonRedirection" time="13.779"/>
  <system-out/>
  <testcase classname="com.glendale.test.codets.Army_Test" name="verifyBunleProductSectionPresenceWithProducts" time="8.742"/>
  <system-out/>
  <testcase classname="com.glendale.test.codets.Army_Test" name="verifyBestSellersSectionPresence" time="12.716"/>
  <system-out/>
  <testcase classname="com.glendale.test.codets.Army_Test" name="verifyFeaturedCollectionFlagsItems" time="25.669"/>
  <system-out/>
  <testcase classname="com.glendale.test.codets.Army_Test" name="verifyFeaturedCollectionAccessories" time="31.768"/>
  <system-out/>
  <testcase classname="com.glendale.test.codets.Army_Test" name="verifyCustomFlagsSectionPresenceAndRediredirection" time="9.817"/>
  <system-out/>
  <testcase classname="com.glendale.test.codets.Army_Test" name="verifyFlagsSectionPresenceAndRediredirection" time="9.751"/>
  <system-out/>
  <testcase classname="com.glendale.test.codets.Army_Test" name="verifyIconsBelowTheBestSellersIsPresenceAndNavigation" time="40.820"/>
  <system-out/>
  <testcase classname="com.glendale.test.codets.Army_Test" name="verifyTextOnTheBanner" time="7.988"/>
  <system-out/>
  <testcase classname="com.glendale.test.codets.Army_Test" name="verifyFeaturedCollectionTeams" time="28.787"/>
  <system-out/>
  <testcase classname="com.glendale.test.codets.Army_Test" name="verifyFeaturedCollectionUniformItems" time="30.655"/>
  <system-out/>
</testsuite> <!-- com.glendale.test.codets.Army_Test -->
