<?xml version="1.0" encoding="UTF-8"?>
<!-- Generated by org.testng.reporters.JUnitReportReporter -->
<testsuite hostname="ARISTA113-PC" failures="0" tests="8" name="com.glendale.test.uniforms.ArmyGreenServiceUniform_Test" time="70.548" errors="0" timestamp="2024-07-11T18:20:11 IST" skipped="0">
  <testcase classname="com.glendale.test.uniforms.ArmyGreenServiceUniform_Test" name="verifyPaginationRedirection" time="17.679"/>
  <system-out/>
  <testcase classname="com.glendale.test.uniforms.ArmyGreenServiceUniform_Test" name="verifyAllFltersEnable" time="7.891"/>
  <system-out/>
  <testcase classname="com.glendale.test.uniforms.ArmyGreenServiceUniform_Test" name="testSortFunctionality" time="9.567"/>
  <system-out/>
  <testcase classname="com.glendale.test.uniforms.ArmyGreenServiceUniform_Test" name="verifyProductButtonAddToCartAndSelectPresenceAndClickable" time="5.030"/>
  <system-out/>
  <testcase classname="com.glendale.test.uniforms.ArmyGreenServiceUniform_Test" name="verifyProductsNameAndPricePresenceAndButtonsEnable" time="8.017"/>
  <system-out/>
  <testcase classname="com.glendale.test.uniforms.ArmyGreenServiceUniform_Test" name="verifyPageURL" time="8.057"/>
  <system-out/>
  <testcase classname="com.glendale.test.uniforms.ArmyGreenServiceUniform_Test" name="verifyPaginationEnable" time="6.898"/>
  <system-out/>
  <testcase classname="com.glendale.test.uniforms.ArmyGreenServiceUniform_Test" name="verifyPageTitle" time="7.409"/>
  <system-out/>
</testsuite> <!-- com.glendale.test.uniforms.ArmyGreenServiceUniform_Test -->
