<?xml version="1.0" encoding="UTF-8"?>
<!-- Generated by org.testng.reporters.JUnitReportReporter -->
<testsuite hostname="ARISTA113-PC" failures="0" tests="6" name="com.glendale.test.uniforms.GarmentsAndGearBags_Test" time="41.503" errors="0" timestamp="2024-07-11T18:20:11 IST" skipped="0">
  <testcase classname="com.glendale.test.uniforms.GarmentsAndGearBags_Test" name="testSortFunctionality" time="8.741"/>
  <system-out/>
  <testcase classname="com.glendale.test.uniforms.GarmentsAndGearBags_Test" name="verifyProductsNameAndPricePresenceAndButtonsEnable" time="7.968"/>
  <system-out/>
  <testcase classname="com.glendale.test.uniforms.GarmentsAndGearBags_Test" name="verifyAllFltersEnable" time="6.413"/>
  <system-out/>
  <testcase classname="com.glendale.test.uniforms.GarmentsAndGearBags_Test" name="verifyPageURL" time="7.076"/>
  <system-out/>
  <testcase classname="com.glendale.test.uniforms.GarmentsAndGearBags_Test" name="verifyProductButtonAddToCartAndSelectPresenceAndClickable" time="4.818"/>
  <system-out/>
  <testcase classname="com.glendale.test.uniforms.GarmentsAndGearBags_Test" name="verifyPageTitle" time="6.487"/>
  <system-out/>
</testsuite> <!-- com.glendale.test.uniforms.GarmentsAndGearBags_Test -->
