<?xml version="1.0" encoding="UTF-8"?>
<!-- Generated by org.testng.reporters.JUnitReportReporter -->
<testsuite hostname="ARISTA113-PC" failures="0" tests="11" name="com.glendale.test.codets.SpaceForce_Test" time="206.969" errors="0" timestamp="2024-08-09T18:08:41 IST" skipped="0">
  <testcase classname="com.glendale.test.codets.SpaceForce_Test" name="verifyFlagsSectionPresenceAndRediredirection" time="9.778"/>
  <system-out/>
  <testcase classname="com.glendale.test.codets.SpaceForce_Test" name="verifyFeaturedCollectionAccessories" time="32.353"/>
  <system-out/>
  <testcase classname="com.glendale.test.codets.SpaceForce_Test" name="verifyBannerIsPresenceAndShopNowButtonRedirection" time="10.621"/>
  <system-out/>
  <testcase classname="com.glendale.test.codets.SpaceForce_Test" name="verifyFeaturedCollectionTeams" time="25.207"/>
  <system-out/>
  <testcase classname="com.glendale.test.codets.SpaceForce_Test" name="verifyBestSellersSectionPresence" time="6.838"/>
  <system-out/>
  <testcase classname="com.glendale.test.codets.SpaceForce_Test" name="verifyCustomFlagsSectionPresenceAndRediredirection" time="11.575"/>
  <system-out/>
  <testcase classname="com.glendale.test.codets.SpaceForce_Test" name="verifyTextOnTheBanner" time="8.549"/>
  <system-out/>
  <testcase classname="com.glendale.test.codets.SpaceForce_Test" name="verifyFeaturedCollectionFlagsItems" time="27.766"/>
  <system-out/>
  <testcase classname="com.glendale.test.codets.SpaceForce_Test" name="verifyFeaturedCollectionUniformItems" time="26.322"/>
  <system-out/>
  <testcase classname="com.glendale.test.codets.SpaceForce_Test" name="verifyBunleProductSectionPresenceWithProducts" time="8.095"/>
  <system-out/>
  <testcase classname="com.glendale.test.codets.SpaceForce_Test" name="verifyIconsBelowTheBestSellersIsPresenceAndNavigation" time="39.865"/>
  <system-out/>
</testsuite> <!-- com.glendale.test.codets.SpaceForce_Test -->
