<?xml version="1.0" encoding="UTF-8"?>
<!-- Generated by org.testng.reporters.JUnitReportReporter -->
<testsuite hostname="ARISTA113-PC" failures="0" tests="1" name="com.glendale.test.codets.Army_Test" time="17.989" errors="0" timestamp="2024-10-04T22:06:14 IST" skipped="0">
  <testcase classname="com.glendale.test.codets.Army_Test" name="verifyBannerIsPresenceAndShopNowButtonRedirection" time="17.989"/>
  <system-out/>
</testsuite> <!-- com.glendale.test.codets.Army_Test -->
