<?xml version="1.0" encoding="UTF-8"?>
<!-- Generated by org.testng.reporters.JUnitReportReporter -->
<testsuite hostname="ARISTA113-PC" failures="0" tests="11" name="com.glendale.test.codets.CoastGuard_Test" time="253.266" errors="0" timestamp="2024-10-04T22:11:14 IST" skipped="0">
  <testcase classname="com.glendale.test.codets.CoastGuard_Test" name="verifyFeaturedCollectionTeams" time="25.630"/>
  <system-out/>
  <testcase classname="com.glendale.test.codets.CoastGuard_Test" name="verifyCustomFlagsSectionPresenceAndRediredirection" time="11.520"/>
  <system-out/>
  <testcase classname="com.glendale.test.codets.CoastGuard_Test" name="verifyFeaturedCollectionUniformItems" time="23.765"/>
  <system-out/>
  <testcase classname="com.glendale.test.codets.CoastGuard_Test" name="verifyIconsBelowTheBestSellersIsPresenceAndNavigation" time="37.702"/>
  <system-out/>
  <testcase classname="com.glendale.test.codets.CoastGuard_Test" name="verifyTextOnTheBanner" time="8.157"/>
  <system-out/>
  <testcase classname="com.glendale.test.codets.CoastGuard_Test" name="verifyBestSellersSectionPresence" time="7.292"/>
  <system-out/>
  <testcase classname="com.glendale.test.codets.CoastGuard_Test" name="verifyBunleProductSectionPresenceWithProducts" time="7.638"/>
  <system-out/>
  <testcase classname="com.glendale.test.codets.CoastGuard_Test" name="verifyFlagsSectionPresenceAndRediredirection" time="10.634"/>
  <system-out/>
  <testcase classname="com.glendale.test.codets.CoastGuard_Test" name="verifyFeaturedCollectionFlagsItems" time="76.732"/>
  <system-out/>
  <testcase classname="com.glendale.test.codets.CoastGuard_Test" name="verifyBannerIsPresenceAndShopNowButtonRedirection" time="14.685"/>
  <system-out/>
  <testcase classname="com.glendale.test.codets.CoastGuard_Test" name="verifyFeaturedCollectionAccessories" time="29.511"/>
  <system-out/>
</testsuite> <!-- com.glendale.test.codets.CoastGuard_Test -->
