<?xml version="1.0" encoding="UTF-8"?>
<!-- Generated by org.testng.reporters.JUnitReportReporter -->
<testsuite hostname="ARISTA113-PC" failures="0" tests="8" name="com.glendale.test.honorGuard.Veterans_Test" time="92.758" errors="0" timestamp="2024-07-11T18:20:11 IST" skipped="0">
  <testcase classname="com.glendale.test.honorGuard.Veterans_Test" name="verifyAllFltersEnable" time="8.573"/>
  <system-out/>
  <testcase classname="com.glendale.test.honorGuard.Veterans_Test" name="testSortFunctionality" time="8.410"/>
  <system-out/>
  <testcase classname="com.glendale.test.honorGuard.Veterans_Test" name="verifyPageURL" time="7.465"/>
  <system-out/>
  <testcase classname="com.glendale.test.honorGuard.Veterans_Test" name="verifyPaginationRedirection" time="39.018"/>
  <system-out/>
  <testcase classname="com.glendale.test.honorGuard.Veterans_Test" name="verifyPaginationEnable" time="6.819"/>
  <system-out/>
  <testcase classname="com.glendale.test.honorGuard.Veterans_Test" name="testPageLoadTime" time="8.056"/>
  <system-out/>
  <testcase classname="com.glendale.test.honorGuard.Veterans_Test" name="verifyPageTitle" time="6.911"/>
  <system-out/>
  <testcase classname="com.glendale.test.honorGuard.Veterans_Test" name="verifyProductsNameAndPricePresenceAndButtonsEnable" time="7.506"/>
  <system-out/>
</testsuite> <!-- com.glendale.test.honorGuard.Veterans_Test -->
