<?xml version="1.0" encoding="UTF-8"?>
<!-- Generated by org.testng.reporters.JUnitReportReporter -->
<testsuite hostname="ARISTA113-PC" failures="0" tests="1" name="com.glendale.test.firstResponder.SmithAndWarrenBadges_Test" time="10.320" errors="0" timestamp="2024-10-07T18:00:41 IST" skipped="0">
  <testcase classname="com.glendale.test.firstResponder.SmithAndWarrenBadges_Test" name="verifyTextOnThePage" time="10.320"/>
  <system-out/>
</testsuite> <!-- com.glendale.test.firstResponder.SmithAndWarrenBadges_Test -->
