<?xml version="1.0" encoding="UTF-8"?>
<!-- Generated by org.testng.reporters.JUnitReportReporter -->
<testsuite hostname="ARISTA113-PC" failures="0" tests="11" name="com.glendale.test.millitary.MarineCorps_Test" time="258.932" errors="0" timestamp="2024-08-09T15:54:30 IST" skipped="0">
  <testcase classname="com.glendale.test.millitary.MarineCorps_Test" name="verifyFeaturedCollectionCeremonialItems" time="26.048"/>
  <system-out/>
  <testcase classname="com.glendale.test.millitary.MarineCorps_Test" name="verifyBestSellersSectionPresence" time="52.490"/>
  <system-out/>
  <testcase classname="com.glendale.test.millitary.MarineCorps_Test" name="verifyFeaturedCollectionFlags" time="24.443"/>
  <system-out/>
  <testcase classname="com.glendale.test.millitary.MarineCorps_Test" name="verifyTextOnTheBanner" time="8.314"/>
  <system-out/>
  <testcase classname="com.glendale.test.millitary.MarineCorps_Test" name="verifyCustomFlagsSectionPresenceAndRediredirection" time="9.262"/>
  <system-out/>
  <testcase classname="com.glendale.test.millitary.MarineCorps_Test" name="verifyFeaturedCollectionFlagAccessories" time="25.107"/>
  <system-out/>
  <testcase classname="com.glendale.test.millitary.MarineCorps_Test" name="verifyFeaturedCollectionUniformItems" time="25.057"/>
  <system-out/>
  <testcase classname="com.glendale.test.millitary.MarineCorps_Test" name="verifyBannerIsPresenceAndShopNowButtonRedirection" time="14.131"/>
  <system-out/>
  <testcase classname="com.glendale.test.millitary.MarineCorps_Test" name="verifyFlagsSectionPresenceAndRediredirection" time="9.497"/>
  <system-out/>
  <testcase classname="com.glendale.test.millitary.MarineCorps_Test" name="verifyBunleProductSectionPresenceWithProducts" time="8.165"/>
  <system-out/>
  <testcase classname="com.glendale.test.millitary.MarineCorps_Test" name="verifyIconsBelowTheBestSellersIsPresenceAndNavigation" time="56.418"/>
  <system-out/>
</testsuite> <!-- com.glendale.test.millitary.MarineCorps_Test -->
