<?xml version="1.0" encoding="UTF-8"?>
<!-- Generated by org.testng.reporters.JUnitReportReporter -->
<testsuite hostname="ARISTA113-PC" failures="0" tests="11" name="com.glendale.test.millitary.SpaceForce_Test" time="207.350" errors="0" timestamp="2024-08-13T13:52:10 IST" skipped="0">
  <testcase classname="com.glendale.test.millitary.SpaceForce_Test" name="verifyFeaturedCollectionUniformItems" time="27.339"/>
  <system-out/>
  <testcase classname="com.glendale.test.millitary.SpaceForce_Test" name="verifyBannerIsPresenceAndShopNowButtonRedirection" time="13.254"/>
  <system-out/>
  <testcase classname="com.glendale.test.millitary.SpaceForce_Test" name="verifyCustomFlagsSectionPresenceAndRediredirection" time="9.895"/>
  <system-out/>
  <testcase classname="com.glendale.test.millitary.SpaceForce_Test" name="verifyBestSellersSectionPresence" time="6.772"/>
  <system-out/>
  <testcase classname="com.glendale.test.millitary.SpaceForce_Test" name="verifyBunleProductSectionPresenceWithProducts" time="7.101"/>
  <system-out/>
  <testcase classname="com.glendale.test.millitary.SpaceForce_Test" name="verifyFeaturedCollectionFlagAccessories" time="27.623"/>
  <system-out/>
  <testcase classname="com.glendale.test.millitary.SpaceForce_Test" name="verifyIconsBelowTheBestSellersIsPresenceAndNavigation" time="43.325"/>
  <system-out/>
  <testcase classname="com.glendale.test.millitary.SpaceForce_Test" name="verifyTextOnTheBanner" time="8.196"/>
  <system-out/>
  <testcase classname="com.glendale.test.millitary.SpaceForce_Test" name="verifyFlagsSectionPresenceAndRediredirection" time="11.306"/>
  <system-out/>
  <testcase classname="com.glendale.test.millitary.SpaceForce_Test" name="verifyFeaturedCollectionFlags" time="25.895"/>
  <system-out/>
  <testcase classname="com.glendale.test.millitary.SpaceForce_Test" name="verifyFeaturedCollectionCeremonialItems" time="26.644"/>
  <system-out/>
</testsuite> <!-- com.glendale.test.millitary.SpaceForce_Test -->
