<?xml version="1.0" encoding="UTF-8"?>
<!-- Generated by org.testng.reporters.JUnitReportReporter -->
<testsuite hostname="ARISTA113-PC" failures="0" tests="4" name="com.glendale.test.firstResponder.SmithAndWarrenBadges_Test" time="35.737" errors="0" timestamp="2024-07-11T18:20:11 IST" skipped="0">
  <testcase classname="com.glendale.test.firstResponder.SmithAndWarrenBadges_Test" name="verifyPageTitle" time="8.145"/>
  <system-out/>
  <testcase classname="com.glendale.test.firstResponder.SmithAndWarrenBadges_Test" name="verifyPageURL" time="9.792"/>
  <system-out/>
  <testcase classname="com.glendale.test.firstResponder.SmithAndWarrenBadges_Test" name="testPageLoadTime" time="9.722"/>
  <system-out/>
  <testcase classname="com.glendale.test.firstResponder.SmithAndWarrenBadges_Test" name="verifyTextOnThePage" time="8.078"/>
  <system-out/>
</testsuite> <!-- com.glendale.test.firstResponder.SmithAndWarrenBadges_Test -->
