<?xml version="1.0" encoding="UTF-8"?>
<!-- Generated by org.testng.reporters.JUnitReportReporter -->
<testsuite hostname="ARISTA113-PC" failures="0" tests="7" name="com.glendale.test.uniforms.Accessories_Test" time="79.660" errors="0" timestamp="2024-07-11T18:20:11 IST" skipped="0">
  <testcase classname="com.glendale.test.uniforms.Accessories_Test" name="verifyPaginationEnableAndRedirection" time="34.073"/>
  <system-out/>
  <testcase classname="com.glendale.test.uniforms.Accessories_Test" name="verifyPageURL" time="6.473"/>
  <system-out/>
  <testcase classname="com.glendale.test.uniforms.Accessories_Test" name="verifyTextPresenceAndFontSize" time="7.183"/>
  <system-out/>
  <testcase classname="com.glendale.test.uniforms.Accessories_Test" name="testSortFunctionality" time="7.802"/>
  <system-out/>
  <testcase classname="com.glendale.test.uniforms.Accessories_Test" name="verifyAllFltersEnable" time="8.075"/>
  <system-out/>
  <testcase classname="com.glendale.test.uniforms.Accessories_Test" name="verifyProductsNameAndPricePresenceAndButtonsEnable" time="9.253"/>
  <system-out/>
  <testcase classname="com.glendale.test.uniforms.Accessories_Test" name="verifyPageTitle" time="6.801"/>
  <system-out/>
</testsuite> <!-- com.glendale.test.uniforms.Accessories_Test -->
