<?xml version="1.0" encoding="UTF-8"?>
<!-- Generated by org.testng.reporters.JUnitReportReporter -->
<testsuite hostname="ARISTA113-PC" failures="0" tests="9" name="com.glendale.test.flags.FlagOrnaments_Test" time="76.694" errors="0" timestamp="2024-07-11T18:20:11 IST" skipped="0">
  <testcase classname="com.glendale.test.flags.FlagOrnaments_Test" name="verifyAllFltersEnable" time="6.561"/>
  <system-out/>
  <testcase classname="com.glendale.test.flags.FlagOrnaments_Test" name="verifyPageTitle" time="6.789"/>
  <system-out/>
  <testcase classname="com.glendale.test.flags.FlagOrnaments_Test" name="verifyPaginationEnable" time="6.790"/>
  <system-out/>
  <testcase classname="com.glendale.test.flags.FlagOrnaments_Test" name="testPageLoadTime" time="7.807"/>
  <system-out/>
  <testcase classname="com.glendale.test.flags.FlagOrnaments_Test" name="verifyTextOnThePage" time="7.075"/>
  <system-out/>
  <testcase classname="com.glendale.test.flags.FlagOrnaments_Test" name="verifyProductsNameAndPricePresenceAndButtonsEnable" time="7.637"/>
  <system-out/>
  <testcase classname="com.glendale.test.flags.FlagOrnaments_Test" name="verifyPaginationRedirection" time="20.425"/>
  <system-out/>
  <testcase classname="com.glendale.test.flags.FlagOrnaments_Test" name="verifyPageURL" time="6.477"/>
  <system-out/>
  <testcase classname="com.glendale.test.flags.FlagOrnaments_Test" name="testSortFunctionality" time="7.133"/>
  <system-out/>
</testsuite> <!-- com.glendale.test.flags.FlagOrnaments_Test -->
