<?xml version="1.0" encoding="UTF-8"?>
<!-- Generated by org.testng.reporters.JUnitReportReporter -->
<testsuite hostname="ARISTA113-PC" failures="0" tests="11" name="com.glendale.test.millitary.MarineCorps_Test" time="200.947" errors="0" timestamp="2024-07-11T18:20:11 IST" skipped="0">
  <testcase classname="com.glendale.test.millitary.MarineCorps_Test" name="verifyBannerIsPresenceAndShopNowButtonRedirection" time="12.607"/>
  <system-out/>
  <testcase classname="com.glendale.test.millitary.MarineCorps_Test" name="verifyIconsBelowTheBestSellersIsPresenceAndNavigation" time="41.515"/>
  <system-out/>
  <testcase classname="com.glendale.test.millitary.MarineCorps_Test" name="verifyFeaturedCollectionUniformItems" time="27.272"/>
  <system-out/>
  <testcase classname="com.glendale.test.millitary.MarineCorps_Test" name="verifyCustomFlagsSectionPresenceAndRediredirection" time="9.105"/>
  <system-out/>
  <testcase classname="com.glendale.test.millitary.MarineCorps_Test" name="verifyFlagsSectionPresenceAndRediredirection" time="9.533"/>
  <system-out/>
  <testcase classname="com.glendale.test.millitary.MarineCorps_Test" name="verifyBestSellersSectionPresence" time="6.617"/>
  <system-out/>
  <testcase classname="com.glendale.test.millitary.MarineCorps_Test" name="verifyFeaturedCollectionFlagAccessories" time="26.664"/>
  <system-out/>
  <testcase classname="com.glendale.test.millitary.MarineCorps_Test" name="verifyBunleProductSectionPresenceWithProducts" time="7.230"/>
  <system-out/>
  <testcase classname="com.glendale.test.millitary.MarineCorps_Test" name="verifyFeaturedCollectionFlags" time="26.176"/>
  <system-out/>
  <testcase classname="com.glendale.test.millitary.MarineCorps_Test" name="verifyTextOnTheBanner" time="7.927"/>
  <system-out/>
  <testcase classname="com.glendale.test.millitary.MarineCorps_Test" name="verifyFeaturedCollectionCeremonialItems" time="26.301"/>
  <system-out/>
</testsuite> <!-- com.glendale.test.millitary.MarineCorps_Test -->
