<?xml version="1.0" encoding="UTF-8"?>
<!-- Generated by org.testng.reporters.JUnitReportReporter -->
<testsuite hostname="ARISTA113-PC" failures="0" tests="1" name="com.glendale.test.uniforms.Aiguilletters_Page" time="5.457" errors="0" timestamp="2024-07-08T19:16:16 IST" skipped="0">
  <testcase classname="com.glendale.test.uniforms.Aiguilletters_Page" name="verifyProductButtonAddToCartAndSelectPresenceAndClickable" time="5.457"/>
  <system-out/>
</testsuite> <!-- com.glendale.test.uniforms.Aiguilletters_Page -->
