<?xml version="1.0" encoding="UTF-8"?>
<!-- Generated by org.testng.reporters.JUnitReportReporter -->
<testsuite hostname="ARISTA113-PC" failures="0" tests="9" name="com.glendale.test.flags.FlagOrnaments_Test" time="82.430" errors="0" timestamp="2024-08-09T18:52:47 IST" skipped="0">
  <testcase classname="com.glendale.test.flags.FlagOrnaments_Test" name="verifyPageURL" time="8.467"/>
  <system-out/>
  <testcase classname="com.glendale.test.flags.FlagOrnaments_Test" name="verifyPaginationRedirection" time="21.271"/>
  <system-out/>
  <testcase classname="com.glendale.test.flags.FlagOrnaments_Test" name="verifyProductsNameAndPricePresenceAndButtonsEnable" time="8.955"/>
  <system-out/>
  <testcase classname="com.glendale.test.flags.FlagOrnaments_Test" name="verifyPaginationEnable" time="6.667"/>
  <system-out/>
  <testcase classname="com.glendale.test.flags.FlagOrnaments_Test" name="verifyTextOnThePage" time="8.371"/>
  <system-out/>
  <testcase classname="com.glendale.test.flags.FlagOrnaments_Test" name="verifyAllFltersEnable" time="6.746"/>
  <system-out/>
  <testcase classname="com.glendale.test.flags.FlagOrnaments_Test" name="testSortFunctionality" time="6.950"/>
  <system-out/>
  <testcase classname="com.glendale.test.flags.FlagOrnaments_Test" name="verifyPageTitle" time="7.936"/>
  <system-out/>
  <testcase classname="com.glendale.test.flags.FlagOrnaments_Test" name="testPageLoadTime" time="7.067"/>
  <system-out/>
</testsuite> <!-- com.glendale.test.flags.FlagOrnaments_Test -->
