<?xml version="1.0" encoding="UTF-8"?>
<!-- Generated by org.testng.reporters.JUnitReportReporter -->
<testsuite hostname="ARISTA113-PC" failures="0" tests="9" name="com.glendale.test.uniforms.BeltsAndBuckles_Test" time="89.239" errors="0" timestamp="2024-08-13T13:52:10 IST" skipped="0">
  <testcase classname="com.glendale.test.uniforms.BeltsAndBuckles_Test" name="verifyPageURL" time="10.537"/>
  <system-out/>
  <testcase classname="com.glendale.test.uniforms.BeltsAndBuckles_Test" name="verifyProductButtonAddToCartAndSelectPresenceAndClickable" time="4.429"/>
  <system-out/>
  <testcase classname="com.glendale.test.uniforms.BeltsAndBuckles_Test" name="verifyTextPresenceAndFontSize" time="8.244"/>
  <system-out/>
  <testcase classname="com.glendale.test.uniforms.BeltsAndBuckles_Test" name="verifyPaginationEnable" time="6.783"/>
  <system-out/>
  <testcase classname="com.glendale.test.uniforms.BeltsAndBuckles_Test" name="verifyAllFltersEnable" time="7.004"/>
  <system-out/>
  <testcase classname="com.glendale.test.uniforms.BeltsAndBuckles_Test" name="verifyPageTitle" time="8.076"/>
  <system-out/>
  <testcase classname="com.glendale.test.uniforms.BeltsAndBuckles_Test" name="testSortFunctionality" time="8.795"/>
  <system-out/>
  <testcase classname="com.glendale.test.uniforms.BeltsAndBuckles_Test" name="verifyPaginationRedirection" time="28.025"/>
  <system-out/>
  <testcase classname="com.glendale.test.uniforms.BeltsAndBuckles_Test" name="verifyProductsNameAndPricePresenceAndButtonsEnable" time="7.346"/>
  <system-out/>
</testsuite> <!-- com.glendale.test.uniforms.BeltsAndBuckles_Test -->
