<?xml version="1.0" encoding="UTF-8"?>
<!-- Generated by org.testng.reporters.JUnitReportReporter -->
<testsuite hostname="ARISTA113-PC" failures="0" tests="4" name="com.glendale.test.firstResponder.SmithAndWarrenBadges_Test" time="39.917" errors="0" timestamp="2024-08-13T13:52:10 IST" skipped="0">
  <testcase classname="com.glendale.test.firstResponder.SmithAndWarrenBadges_Test" name="verifyPageTitle" time="10.370"/>
  <system-out/>
  <testcase classname="com.glendale.test.firstResponder.SmithAndWarrenBadges_Test" name="verifyTextOnThePage" time="10.327"/>
  <system-out/>
  <testcase classname="com.glendale.test.firstResponder.SmithAndWarrenBadges_Test" name="verifyPageURL" time="8.961"/>
  <system-out/>
  <testcase classname="com.glendale.test.firstResponder.SmithAndWarrenBadges_Test" name="testPageLoadTime" time="10.259"/>
  <system-out/>
</testsuite> <!-- com.glendale.test.firstResponder.SmithAndWarrenBadges_Test -->
