<?xml version="1.0" encoding="UTF-8"?>
<!-- Generated by org.testng.reporters.JUnitReportReporter -->
<testsuite hostname="ARISTA113-PC" failures="0" tests="1" name="com.glendale.test.codets.ThePershingRiflesGroup_Test" time="27.889" errors="0" timestamp="2024-08-14T18:14:45 IST" skipped="0">
  <testcase classname="com.glendale.test.codets.ThePershingRiflesGroup_Test" name="verifyCurrentURL" time="27.889"/>
  <system-out/>
</testsuite> <!-- com.glendale.test.codets.ThePershingRiflesGroup_Test -->
