<?xml version="1.0" encoding="UTF-8"?>
<!-- Generated by org.testng.reporters.JUnitReportReporter -->
<testsuite hostname="ARISTA113-PC" failures="0" tests="11" name="com.glendale.test.millitary.CoastGuard_Test" time="203.501" errors="0" timestamp="2024-07-11T18:20:11 IST" skipped="0">
  <testcase classname="com.glendale.test.millitary.CoastGuard_Test" name="verifyBunleProductSectionPresenceWithProducts" time="6.820"/>
  <system-out/>
  <testcase classname="com.glendale.test.millitary.CoastGuard_Test" name="verifyFeaturedCollectionFlags" time="25.954"/>
  <system-out/>
  <testcase classname="com.glendale.test.millitary.CoastGuard_Test" name="verifyIconsBelowTheBestSellersIsPresenceAndNavigation" time="41.289"/>
  <system-out/>
  <testcase classname="com.glendale.test.millitary.CoastGuard_Test" name="verifyCustomFlagsSectionPresenceAndRediredirection" time="10.061"/>
  <system-out/>
  <testcase classname="com.glendale.test.millitary.CoastGuard_Test" name="verifyFeaturedCollectionFlagAccessories" time="26.672"/>
  <system-out/>
  <testcase classname="com.glendale.test.millitary.CoastGuard_Test" name="verifyFeaturedCollectionUniformItems" time="26.733"/>
  <system-out/>
  <testcase classname="com.glendale.test.millitary.CoastGuard_Test" name="verifyTextOnTheBanner" time="7.666"/>
  <system-out/>
  <testcase classname="com.glendale.test.millitary.CoastGuard_Test" name="verifyBestSellersSectionPresence" time="6.769"/>
  <system-out/>
  <testcase classname="com.glendale.test.millitary.CoastGuard_Test" name="verifyFlagsSectionPresenceAndRediredirection" time="9.099"/>
  <system-out/>
  <testcase classname="com.glendale.test.millitary.CoastGuard_Test" name="verifyFeaturedCollectionCeremonialItems" time="26.973"/>
  <system-out/>
  <testcase classname="com.glendale.test.millitary.CoastGuard_Test" name="verifyBannerIsPresenceAndShopNowButtonRedirection" time="15.465"/>
  <system-out/>
</testsuite> <!-- com.glendale.test.millitary.CoastGuard_Test -->
