<?xml version="1.0" encoding="UTF-8"?>
<!-- Generated by org.testng.reporters.JUnitReportReporter -->
<testsuite hostname="ARISTA113-PC" failures="0" tests="9" name="com.glendale.test.flags.FlagCariers_Test" time="82.483" errors="0" timestamp="2024-08-13T13:52:10 IST" skipped="0">
  <testcase classname="com.glendale.test.flags.FlagCariers_Test" name="testPageLoadTime" time="8.662"/>
  <system-out/>
  <testcase classname="com.glendale.test.flags.FlagCariers_Test" name="verifyPageTitle" time="8.377"/>
  <system-out/>
  <testcase classname="com.glendale.test.flags.FlagCariers_Test" name="verifyPaginationRedirection" time="19.309"/>
  <system-out/>
  <testcase classname="com.glendale.test.flags.FlagCariers_Test" name="verifyProductsNameAndPricePresenceAndButtonsEnable" time="9.762"/>
  <system-out/>
  <testcase classname="com.glendale.test.flags.FlagCariers_Test" name="verifyPaginationEnable" time="6.800"/>
  <system-out/>
  <testcase classname="com.glendale.test.flags.FlagCariers_Test" name="verifyAllFltersEnable" time="6.524"/>
  <system-out/>
  <testcase classname="com.glendale.test.flags.FlagCariers_Test" name="verifyTextOnThePage" time="6.729"/>
  <system-out/>
  <testcase classname="com.glendale.test.flags.FlagCariers_Test" name="testSortFunctionality" time="8.358"/>
  <system-out/>
  <testcase classname="com.glendale.test.flags.FlagCariers_Test" name="verifyPageURL" time="7.962"/>
  <system-out/>
</testsuite> <!-- com.glendale.test.flags.FlagCariers_Test -->
