<?xml version="1.0" encoding="UTF-8"?>
<!-- Generated by org.testng.reporters.JUnitReportReporter -->
<testsuite hostname="ARISTA113-PC" failures="0" tests="11" name="com.glendale.test.millitary.Navy_Test" time="222.031" errors="0" timestamp="2024-08-09T15:54:30 IST" skipped="0">
  <testcase classname="com.glendale.test.millitary.Navy_Test" name="verifyFeaturedCollectionUniformItems" time="24.458"/>
  <system-out/>
  <testcase classname="com.glendale.test.millitary.Navy_Test" name="verifyIconsBelowTheBestSellersIsPresenceAndNavigation" time="57.692"/>
  <system-out/>
  <testcase classname="com.glendale.test.millitary.Navy_Test" name="verifyFeaturedCollectionFlags" time="23.941"/>
  <system-out/>
  <testcase classname="com.glendale.test.millitary.Navy_Test" name="verifyTextOnTheBanner" time="16.467"/>
  <system-out/>
  <testcase classname="com.glendale.test.millitary.Navy_Test" name="verifyFeaturedCollectionCeremonialItems" time="27.496"/>
  <system-out/>
  <testcase classname="com.glendale.test.millitary.Navy_Test" name="verifyBannerIsPresenceAndShopNowButtonRedirection" time="11.063"/>
  <system-out/>
  <testcase classname="com.glendale.test.millitary.Navy_Test" name="verifyBunleProductSectionPresenceWithProducts" time="6.689"/>
  <system-out/>
  <testcase classname="com.glendale.test.millitary.Navy_Test" name="verifyFlagsSectionPresenceAndRediredirection" time="10.783"/>
  <system-out/>
  <testcase classname="com.glendale.test.millitary.Navy_Test" name="verifyFeaturedCollectionFlagAccessories" time="25.118"/>
  <system-out/>
  <testcase classname="com.glendale.test.millitary.Navy_Test" name="verifyBestSellersSectionPresence" time="6.869"/>
  <system-out/>
  <testcase classname="com.glendale.test.millitary.Navy_Test" name="verifyCustomFlagsSectionPresenceAndRediredirection" time="11.455"/>
  <system-out/>
</testsuite> <!-- com.glendale.test.millitary.Navy_Test -->
