<?xml version="1.0" encoding="UTF-8"?>
<!-- Generated by org.testng.reporters.JUnitReportReporter -->
<testsuite hostname="ARISTA113-PC" failures="0" tests="7" name="com.glendale.test.uniforms.Accessories_Test" time="84.099" errors="0" timestamp="2024-08-13T13:52:10 IST" skipped="0">
  <testcase classname="com.glendale.test.uniforms.Accessories_Test" name="verifyPageURL" time="7.921"/>
  <system-out/>
  <testcase classname="com.glendale.test.uniforms.Accessories_Test" name="testSortFunctionality" time="7.451"/>
  <system-out/>
  <testcase classname="com.glendale.test.uniforms.Accessories_Test" name="verifyProductsNameAndPricePresenceAndButtonsEnable" time="8.822"/>
  <system-out/>
  <testcase classname="com.glendale.test.uniforms.Accessories_Test" name="verifyPaginationEnableAndRedirection" time="35.396"/>
  <system-out/>
  <testcase classname="com.glendale.test.uniforms.Accessories_Test" name="verifyTextPresenceAndFontSize" time="7.842"/>
  <system-out/>
  <testcase classname="com.glendale.test.uniforms.Accessories_Test" name="verifyAllFltersEnable" time="7.081"/>
  <system-out/>
  <testcase classname="com.glendale.test.uniforms.Accessories_Test" name="verifyPageTitle" time="9.586"/>
  <system-out/>
</testsuite> <!-- com.glendale.test.uniforms.Accessories_Test -->
