<?xml version="1.0" encoding="UTF-8"?>
<!-- Generated by org.testng.reporters.JUnitReportReporter -->
<testsuite hostname="ARISTA113-PC" failures="0" tests="8" name="com.glendale.test.uniforms.HatsAndCarriers_Test" time="62.315" errors="0" timestamp="2024-07-11T18:20:11 IST" skipped="0">
  <testcase classname="com.glendale.test.uniforms.HatsAndCarriers_Test" name="verifyProductButtonAddToCartAndSelectPresenceAndClickable" time="4.346"/>
  <system-out/>
  <testcase classname="com.glendale.test.uniforms.HatsAndCarriers_Test" name="verifyAllFltersEnable" time="7.940"/>
  <system-out/>
  <testcase classname="com.glendale.test.uniforms.HatsAndCarriers_Test" name="verifyPageTitle" time="6.555"/>
  <system-out/>
  <testcase classname="com.glendale.test.uniforms.HatsAndCarriers_Test" name="verifyPaginationEnable" time="6.886"/>
  <system-out/>
  <testcase classname="com.glendale.test.uniforms.HatsAndCarriers_Test" name="verifyPageURL" time="7.209"/>
  <system-out/>
  <testcase classname="com.glendale.test.uniforms.HatsAndCarriers_Test" name="verifyProductsNameAndPricePresenceAndButtonsEnable" time="7.513"/>
  <system-out/>
  <testcase classname="com.glendale.test.uniforms.HatsAndCarriers_Test" name="verifyPaginationRedirection" time="14.053"/>
  <system-out/>
  <testcase classname="com.glendale.test.uniforms.HatsAndCarriers_Test" name="testSortFunctionality" time="7.813"/>
  <system-out/>
</testsuite> <!-- com.glendale.test.uniforms.HatsAndCarriers_Test -->
