<?xml version="1.0" encoding="UTF-8"?>
<!-- Generated by org.testng.reporters.JUnitReportReporter -->
<testsuite hostname="ARISTA113-PC" failures="0" tests="12" name="com.glendale.test.firstResponder.AllFirstResponder_Test" time="245.060" errors="0" timestamp="2024-07-11T18:20:11 IST" skipped="0">
  <testcase classname="com.glendale.test.firstResponder.AllFirstResponder_Test" name="verifyDesignYourOwnBadgeSectionPresenceAndRediredirection" time="21.636"/>
  <system-out/>
  <testcase classname="com.glendale.test.firstResponder.AllFirstResponder_Test" name="verifyIconsBelowTheBestSellersIsPresenceAndNavigation" time="41.670"/>
  <system-out/>
  <testcase classname="com.glendale.test.firstResponder.AllFirstResponder_Test" name="verifyBannerIsPresence" time="8.876"/>
  <system-out/>
  <testcase classname="com.glendale.test.firstResponder.AllFirstResponder_Test" name="verifyFeaturedCollectionUniformItems" time="31.302"/>
  <system-out/>
  <testcase classname="com.glendale.test.firstResponder.AllFirstResponder_Test" name="verifyPageURL" time="7.470"/>
  <system-out/>
  <testcase classname="com.glendale.test.firstResponder.AllFirstResponder_Test" name="verifyFeaturedCollectionAccessories" time="42.701"/>
  <system-out/>
  <testcase classname="com.glendale.test.firstResponder.AllFirstResponder_Test" name="verifyCustomFlagsSectionPresenceAndRediredirection" time="10.934"/>
  <system-out/>
  <testcase classname="com.glendale.test.firstResponder.AllFirstResponder_Test" name="verifyFeaturedCollectionFlagsSection" time="27.201"/>
  <system-out/>
  <testcase classname="com.glendale.test.firstResponder.AllFirstResponder_Test" name="verifyBundleProducts" time="29.554"/>
  <system-out/>
  <testcase classname="com.glendale.test.firstResponder.AllFirstResponder_Test" name="verifyTextOnTheBanner" time="9.305"/>
  <system-out/>
  <testcase classname="com.glendale.test.firstResponder.AllFirstResponder_Test" name="verifyPageTitle" time="7.706"/>
  <system-out/>
  <testcase classname="com.glendale.test.firstResponder.AllFirstResponder_Test" name="testPageLoadTime" time="6.705"/>
  <system-out/>
</testsuite> <!-- com.glendale.test.firstResponder.AllFirstResponder_Test -->
