<?xml version="1.0" encoding="UTF-8"?>
<!-- Generated by org.testng.reporters.JUnitReportReporter -->
<testsuite hostname="ARISTA113-PC" failures="0" tests="9" name="com.glendale.test.flags.FlagOrnaments_Test" time="78.137" errors="0" timestamp="2024-10-07T18:25:40 IST" skipped="0">
  <testcase classname="com.glendale.test.flags.FlagOrnaments_Test" name="verifyTextOnThePage" time="7.094"/>
  <system-out/>
  <testcase classname="com.glendale.test.flags.FlagOrnaments_Test" name="testSortFunctionality" time="7.496"/>
  <system-out/>
  <testcase classname="com.glendale.test.flags.FlagOrnaments_Test" name="verifyPaginationEnable" time="7.071"/>
  <system-out/>
  <testcase classname="com.glendale.test.flags.FlagOrnaments_Test" name="verifyPageTitle" time="7.187"/>
  <system-out/>
  <testcase classname="com.glendale.test.flags.FlagOrnaments_Test" name="verifyAllFltersEnable" time="7.090"/>
  <system-out/>
  <testcase classname="com.glendale.test.flags.FlagOrnaments_Test" name="verifyProductsNameAndPricePresenceAndButtonsEnable" time="7.914"/>
  <system-out/>
  <testcase classname="com.glendale.test.flags.FlagOrnaments_Test" name="verifyPaginationRedirection" time="18.678"/>
  <system-out/>
  <testcase classname="com.glendale.test.flags.FlagOrnaments_Test" name="testPageLoadTime" time="8.712"/>
  <system-out/>
  <testcase classname="com.glendale.test.flags.FlagOrnaments_Test" name="verifyPageURL" time="6.895"/>
  <system-out/>
</testsuite> <!-- com.glendale.test.flags.FlagOrnaments_Test -->
