<?xml version="1.0" encoding="UTF-8"?>
<!-- Generated by org.testng.reporters.JUnitReportReporter -->
<testsuite hostname="ARISTA113-PC" failures="0" tests="7" name="com.glendale.test.uniforms.AllUnifoms_Test" time="120.447" errors="0" timestamp="2024-07-11T18:20:11 IST" skipped="0">
  <testcase classname="com.glendale.test.uniforms.AllUnifoms_Test" name="verifyFeaturedCollectionSectionPresenceAndRedirection" time="67.292"/>
  <system-out/>
  <testcase classname="com.glendale.test.uniforms.AllUnifoms_Test" name="verifySwordsAndSabersSectionPresenceAndRedirection" time="12.152"/>
  <system-out/>
  <testcase classname="com.glendale.test.uniforms.AllUnifoms_Test" name="verifyPageURL" time="7.048"/>
  <system-out/>
  <testcase classname="com.glendale.test.uniforms.AllUnifoms_Test" name="verifyPageTitle" time="7.126"/>
  <system-out/>
  <testcase classname="com.glendale.test.uniforms.AllUnifoms_Test" name="verifyApparelAndCustomWearSectionPresenceAndRedirection" time="10.762"/>
  <system-out/>
  <testcase classname="com.glendale.test.uniforms.AllUnifoms_Test" name="verifyBannerSizeAndFontSizeOfTheTextOnTheBanner" time="8.826"/>
  <system-out/>
  <testcase classname="com.glendale.test.uniforms.AllUnifoms_Test" name="verifyBannerAndTextOnTheBannerPresence" time="7.241"/>
  <system-out/>
</testsuite> <!-- com.glendale.test.uniforms.AllUnifoms_Test -->
