<?xml version="1.0" encoding="UTF-8"?>
<!-- Generated by org.testng.reporters.JUnitReportReporter -->
<testsuite hostname="ARISTA113-PC" failures="0" tests="9" name="com.glendale.test.uniforms.Socks_Test" time="78.879" errors="0" timestamp="2024-07-11T18:20:11 IST" skipped="0">
  <testcase classname="com.glendale.test.uniforms.Socks_Test" name="verifyPageURL" time="6.659"/>
  <system-out/>
  <testcase classname="com.glendale.test.uniforms.Socks_Test" name="verifyAllFltersEnable" time="6.867"/>
  <system-out/>
  <testcase classname="com.glendale.test.uniforms.Socks_Test" name="verifyProductsNameAndPricePresenceAndButtonsEnable" time="7.757"/>
  <system-out/>
  <testcase classname="com.glendale.test.uniforms.Socks_Test" name="testSortFunctionality" time="8.585"/>
  <system-out/>
  <testcase classname="com.glendale.test.uniforms.Socks_Test" name="verifyPageLoadTime" time="10.441"/>
  <system-out/>
  <testcase classname="com.glendale.test.uniforms.Socks_Test" name="verifyPageTitle" time="6.814"/>
  <system-out/>
  <testcase classname="com.glendale.test.uniforms.Socks_Test" name="verifyCrossBrowserCompatibility" time="15.888"/>
  <system-out/>
  <testcase classname="com.glendale.test.uniforms.Socks_Test" name="verifyProductImageSize" time="8.161"/>
  <system-out/>
  <testcase classname="com.glendale.test.uniforms.Socks_Test" name="verifyResponsiveDesign" time="7.707"/>
  <system-out/>
</testsuite> <!-- com.glendale.test.uniforms.Socks_Test -->
