<?xml version="1.0" encoding="UTF-8"?>
<!-- Generated by org.testng.reporters.JUnitReportReporter -->
<testsuite hostname="ARISTA113-PC" failures="0" tests="11" name="com.glendale.test.codets.CoastGuard_Test" time="215.015" errors="0" timestamp="2024-08-09T18:08:41 IST" skipped="0">
  <testcase classname="com.glendale.test.codets.CoastGuard_Test" name="verifyFeaturedCollectionUniformItems" time="28.088"/>
  <system-out/>
  <testcase classname="com.glendale.test.codets.CoastGuard_Test" name="verifyFeaturedCollectionAccessories" time="30.361"/>
  <system-out/>
  <testcase classname="com.glendale.test.codets.CoastGuard_Test" name="verifyTextOnTheBanner" time="9.421"/>
  <system-out/>
  <testcase classname="com.glendale.test.codets.CoastGuard_Test" name="verifyFeaturedCollectionFlagsItems" time="24.646"/>
  <system-out/>
  <testcase classname="com.glendale.test.codets.CoastGuard_Test" name="verifyFeaturedCollectionTeams" time="26.075"/>
  <system-out/>
  <testcase classname="com.glendale.test.codets.CoastGuard_Test" name="verifyIconsBelowTheBestSellersIsPresenceAndNavigation" time="51.663"/>
  <system-out/>
  <testcase classname="com.glendale.test.codets.CoastGuard_Test" name="verifyCustomFlagsSectionPresenceAndRediredirection" time="10.379"/>
  <system-out/>
  <testcase classname="com.glendale.test.codets.CoastGuard_Test" name="verifyBestSellersSectionPresence" time="7.544"/>
  <system-out/>
  <testcase classname="com.glendale.test.codets.CoastGuard_Test" name="verifyBunleProductSectionPresenceWithProducts" time="7.304"/>
  <system-out/>
  <testcase classname="com.glendale.test.codets.CoastGuard_Test" name="verifyFlagsSectionPresenceAndRediredirection" time="9.896"/>
  <system-out/>
  <testcase classname="com.glendale.test.codets.CoastGuard_Test" name="verifyBannerIsPresenceAndShopNowButtonRedirection" time="9.638"/>
  <system-out/>
</testsuite> <!-- com.glendale.test.codets.CoastGuard_Test -->
