<?xml version="1.0" encoding="UTF-8"?>
<!-- Generated by org.testng.reporters.JUnitReportReporter -->
<testsuite hostname="ARISTA113-PC" failures="0" tests="9" name="com.glendale.test.flags.FlagStands_Test" time="84.571" errors="0" timestamp="2024-08-09T18:52:47 IST" skipped="0">
  <testcase classname="com.glendale.test.flags.FlagStands_Test" name="verifyPaginationEnable" time="8.170"/>
  <system-out/>
  <testcase classname="com.glendale.test.flags.FlagStands_Test" name="verifyPaginationRedirection" time="21.718"/>
  <system-out/>
  <testcase classname="com.glendale.test.flags.FlagStands_Test" name="verifyPageURL" time="6.973"/>
  <system-out/>
  <testcase classname="com.glendale.test.flags.FlagStands_Test" name="testSortFunctionality" time="6.941"/>
  <system-out/>
  <testcase classname="com.glendale.test.flags.FlagStands_Test" name="verifyAllFltersEnable" time="6.924"/>
  <system-out/>
  <testcase classname="com.glendale.test.flags.FlagStands_Test" name="verifyPageTitle" time="7.849"/>
  <system-out/>
  <testcase classname="com.glendale.test.flags.FlagStands_Test" name="verifyTextOnThePage" time="6.696"/>
  <system-out/>
  <testcase classname="com.glendale.test.flags.FlagStands_Test" name="testPageLoadTime" time="8.546"/>
  <system-out/>
  <testcase classname="com.glendale.test.flags.FlagStands_Test" name="verifyProductsNameAndPricePresenceAndButtonsEnable" time="10.754"/>
  <system-out/>
</testsuite> <!-- com.glendale.test.flags.FlagStands_Test -->
