<?xml version="1.0" encoding="UTF-8"?>
<!-- Generated by org.testng.reporters.JUnitReportReporter -->
<testsuite hostname="ARISTA113-PC" failures="0" tests="6" name="com.glendale.test.flags.MourningFlags_Test" time="45.538" errors="0" timestamp="2024-08-09T19:03:05 IST" skipped="0">
  <testcase classname="com.glendale.test.flags.MourningFlags_Test" name="verifyPageURL" time="7.532"/>
  <system-out/>
  <testcase classname="com.glendale.test.flags.MourningFlags_Test" name="verifyPageTitle" time="7.901"/>
  <system-out/>
  <testcase classname="com.glendale.test.flags.MourningFlags_Test" name="verifyProductsNameAndPricePresenceAndButtonsEnable" time="7.275"/>
  <system-out/>
  <testcase classname="com.glendale.test.flags.MourningFlags_Test" name="verifyAllFltersEnable" time="6.953"/>
  <system-out/>
  <testcase classname="com.glendale.test.flags.MourningFlags_Test" name="testPageLoadTime" time="7.130"/>
  <system-out/>
  <testcase classname="com.glendale.test.flags.MourningFlags_Test" name="testSortFunctionality" time="8.747"/>
  <system-out/>
</testsuite> <!-- com.glendale.test.flags.MourningFlags_Test -->
