<?xml version="1.0" encoding="UTF-8"?>
<!-- Generated by org.testng.reporters.JUnitReportReporter -->
<testsuite hostname="ARISTA113-PC" failures="0" tests="6" name="com.glendale.test.swords.AllSwords_Test" time="43.613" errors="0" timestamp="2024-07-11T18:20:11 IST" skipped="0">
  <testcase classname="com.glendale.test.swords.AllSwords_Test" name="verifyProductsNameAndPricePresenceAndButtonsEnable" time="7.011"/>
  <system-out/>
  <testcase classname="com.glendale.test.swords.AllSwords_Test" name="verifyPageURL" time="6.675"/>
  <system-out/>
  <testcase classname="com.glendale.test.swords.AllSwords_Test" name="testSortFunctionality" time="8.523"/>
  <system-out/>
  <testcase classname="com.glendale.test.swords.AllSwords_Test" name="testPageLoadTime" time="7.491"/>
  <system-out/>
  <testcase classname="com.glendale.test.swords.AllSwords_Test" name="verifyPageTitle" time="6.697"/>
  <system-out/>
  <testcase classname="com.glendale.test.swords.AllSwords_Test" name="verifyAllFltersEnable" time="7.216"/>
  <system-out/>
</testsuite> <!-- com.glendale.test.swords.AllSwords_Test -->
