<?xml version="1.0" encoding="UTF-8"?>
<!-- Generated by org.testng.reporters.JUnitReportReporter -->
<testsuite hostname="ARISTA113-PC" failures="0" tests="9" name="com.glendale.test.flags.FlagPoles_Test" time="77.230" errors="0" timestamp="2024-07-11T18:20:11 IST" skipped="0">
  <testcase classname="com.glendale.test.flags.FlagPoles_Test" name="verifyPaginationRedirection" time="20.598"/>
  <system-out/>
  <testcase classname="com.glendale.test.flags.FlagPoles_Test" name="testPageLoadTime" time="7.542"/>
  <system-out/>
  <testcase classname="com.glendale.test.flags.FlagPoles_Test" name="verifyProductsNameAndPricePresenceAndButtonsEnable" time="7.805"/>
  <system-out/>
  <testcase classname="com.glendale.test.flags.FlagPoles_Test" name="verifyTextOnThePage" time="6.775"/>
  <system-out/>
  <testcase classname="com.glendale.test.flags.FlagPoles_Test" name="verifyPageURL" time="6.668"/>
  <system-out/>
  <testcase classname="com.glendale.test.flags.FlagPoles_Test" name="testSortFunctionality" time="7.281"/>
  <system-out/>
  <testcase classname="com.glendale.test.flags.FlagPoles_Test" name="verifyAllFltersEnable" time="6.931"/>
  <system-out/>
  <testcase classname="com.glendale.test.flags.FlagPoles_Test" name="verifyPageTitle" time="6.799"/>
  <system-out/>
  <testcase classname="com.glendale.test.flags.FlagPoles_Test" name="verifyPaginationEnable" time="6.831"/>
  <system-out/>
</testsuite> <!-- com.glendale.test.flags.FlagPoles_Test -->
