<?xml version="1.0" encoding="UTF-8"?>
<!-- Generated by org.testng.reporters.JUnitReportReporter -->
<testsuite hostname="ARISTA113-PC" failures="0" tests="9" name="com.glendale.test.uniforms.SwordsAndSabers_Test" time="129.878" errors="0" timestamp="2024-10-08T18:27:04 IST" skipped="0">
  <testcase classname="com.glendale.test.uniforms.SwordsAndSabers_Test" name="verifyProductsNameAndPricePresenceAndButtonsEnable" time="7.528"/>
  <system-out/>
  <testcase classname="com.glendale.test.uniforms.SwordsAndSabers_Test" name="verifyProductButtonAddToCartAndSelectPresenceAndClickable" time="5.212"/>
  <system-out/>
  <testcase classname="com.glendale.test.uniforms.SwordsAndSabers_Test" name="verifyPaginationRedirection" time="38.592"/>
  <system-out/>
  <testcase classname="com.glendale.test.uniforms.SwordsAndSabers_Test" name="verifyPaginationEnable" time="37.464"/>
  <system-out/>
  <testcase classname="com.glendale.test.uniforms.SwordsAndSabers_Test" name="verifyAllFltersEnable" time="7.566"/>
  <system-out/>
  <testcase classname="com.glendale.test.uniforms.SwordsAndSabers_Test" name="verifyPageTitle" time="8.439"/>
  <system-out/>
  <testcase classname="com.glendale.test.uniforms.SwordsAndSabers_Test" name="verifyPageURL" time="7.806"/>
  <system-out/>
  <testcase classname="com.glendale.test.uniforms.SwordsAndSabers_Test" name="testSortFunctionality" time="8.445"/>
  <system-out/>
  <testcase classname="com.glendale.test.uniforms.SwordsAndSabers_Test" name="verifyExploreLetterOpenenersButton" time="8.826"/>
  <system-out/>
</testsuite> <!-- com.glendale.test.uniforms.SwordsAndSabers_Test -->
