<?xml version="1.0" encoding="UTF-8"?>
<!-- Generated by org.testng.reporters.JUnitReportReporter -->
<testsuite hostname="ARISTA113-PC" failures="0" tests="9" name="com.glendale.test.aboutUs.AllAboutUs_Test" time="66.050" errors="0" timestamp="2024-10-04T21:32:56 IST" skipped="0">
  <testcase classname="com.glendale.test.aboutUs.AllAboutUs_Test" name="testPageLoadTime" time="6.948"/>
  <system-out/>
  <testcase classname="com.glendale.test.aboutUs.AllAboutUs_Test" name="verifyBannerPesence" time="7.051"/>
  <system-out/>
  <testcase classname="com.glendale.test.aboutUs.AllAboutUs_Test" name="verifyOurStorySection" time="7.153"/>
  <system-out/>
  <testcase classname="com.glendale.test.aboutUs.AllAboutUs_Test" name="verifyPageURL" time="6.839"/>
  <system-out/>
  <testcase classname="com.glendale.test.aboutUs.AllAboutUs_Test" name="verifyComeVisitUsInPersonSection" time="7.310"/>
  <system-out/>
  <testcase classname="com.glendale.test.aboutUs.AllAboutUs_Test" name="verifyAddreddAndPhoneEnable" time="10.043"/>
  <system-out/>
  <testcase classname="com.glendale.test.aboutUs.AllAboutUs_Test" name="verifyHeading" time="6.737"/>
  <system-out/>
  <testcase classname="com.glendale.test.aboutUs.AllAboutUs_Test" name="verifyOurServiceSection" time="6.824"/>
  <system-out/>
  <testcase classname="com.glendale.test.aboutUs.AllAboutUs_Test" name="verifyTitlOfThePage" time="7.145"/>
  <system-out/>
</testsuite> <!-- com.glendale.test.aboutUs.AllAboutUs_Test -->
