<?xml version="1.0" encoding="UTF-8"?>
<!-- Generated by org.testng.reporters.JUnitReportReporter -->
<testsuite hostname="ARISTA113-PC" failures="0" tests="9" name="com.glendale.test.flags.FlagCariers_Test" time="80.979" errors="0" timestamp="2024-07-11T18:20:11 IST" skipped="0">
  <testcase classname="com.glendale.test.flags.FlagCariers_Test" name="testSortFunctionality" time="7.191"/>
  <system-out/>
  <testcase classname="com.glendale.test.flags.FlagCariers_Test" name="verifyTextOnThePage" time="6.537"/>
  <system-out/>
  <testcase classname="com.glendale.test.flags.FlagCariers_Test" name="verifyPaginationRedirection" time="21.448"/>
  <system-out/>
  <testcase classname="com.glendale.test.flags.FlagCariers_Test" name="verifyProductsNameAndPricePresenceAndButtonsEnable" time="8.457"/>
  <system-out/>
  <testcase classname="com.glendale.test.flags.FlagCariers_Test" name="verifyPageURL" time="7.034"/>
  <system-out/>
  <testcase classname="com.glendale.test.flags.FlagCariers_Test" name="verifyPaginationEnable" time="8.729"/>
  <system-out/>
  <testcase classname="com.glendale.test.flags.FlagCariers_Test" name="verifyAllFltersEnable" time="6.356"/>
  <system-out/>
  <testcase classname="com.glendale.test.flags.FlagCariers_Test" name="testPageLoadTime" time="7.494"/>
  <system-out/>
  <testcase classname="com.glendale.test.flags.FlagCariers_Test" name="verifyPageTitle" time="7.733"/>
  <system-out/>
</testsuite> <!-- com.glendale.test.flags.FlagCariers_Test -->
