<?xml version="1.0" encoding="UTF-8"?>
<!-- Generated by org.testng.reporters.JUnitReportReporter -->
<testsuite hostname="ARISTA113-PC" failures="0" tests="9" name="com.glendale.test.flags.FlagStands_Test" time="80.780" errors="0" timestamp="2024-10-07T18:29:13 IST" skipped="0">
  <testcase classname="com.glendale.test.flags.FlagStands_Test" name="verifyPageURL" time="6.854"/>
  <system-out/>
  <testcase classname="com.glendale.test.flags.FlagStands_Test" name="testSortFunctionality" time="7.427"/>
  <system-out/>
  <testcase classname="com.glendale.test.flags.FlagStands_Test" name="verifyProductsNameAndPricePresenceAndButtonsEnable" time="7.317"/>
  <system-out/>
  <testcase classname="com.glendale.test.flags.FlagStands_Test" name="verifyAllFltersEnable" time="7.028"/>
  <system-out/>
  <testcase classname="com.glendale.test.flags.FlagStands_Test" name="verifyPaginationEnable" time="10.537"/>
  <system-out/>
  <testcase classname="com.glendale.test.flags.FlagStands_Test" name="verifyPageTitle" time="7.058"/>
  <system-out/>
  <testcase classname="com.glendale.test.flags.FlagStands_Test" name="verifyPaginationRedirection" time="19.506"/>
  <system-out/>
  <testcase classname="com.glendale.test.flags.FlagStands_Test" name="verifyTextOnThePage" time="7.659"/>
  <system-out/>
  <testcase classname="com.glendale.test.flags.FlagStands_Test" name="testPageLoadTime" time="7.394"/>
  <system-out/>
</testsuite> <!-- com.glendale.test.flags.FlagStands_Test -->
