<?xml version="1.0" encoding="UTF-8"?>
<!-- Generated by org.testng.reporters.JUnitReportReporter -->
<testsuite hostname="ARISTA113-PC" failures="0" tests="31" name="com.glendale.test.HomePageTest" time="988.781" errors="0" timestamp="2024-07-11T18:20:11 IST" skipped="0">
  <testcase classname="com.glendale.test.HomePageTest" name="verifyFooterCompanyLinkRedirections" time="303.275"/>
  <system-out/>
  <testcase classname="com.glendale.test.HomePageTest" name="verifyLogoPresenceAndClickable" time="4.057"/>
  <system-out/>
  <testcase classname="com.glendale.test.HomePageTest" name="verifyMilitaryFeaturedCollectionsItems" time="30.560"/>
  <system-out/>
  <testcase classname="com.glendale.test.HomePageTest" name="verifyMilitaryNavigationLinks" time="29.614"/>
  <system-out/>
  <testcase classname="com.glendale.test.HomePageTest" name="verifyCustomPatchesAndFlashesPresenceAndClickable" time="7.962"/>
  <system-out/>
  <testcase classname="com.glendale.test.HomePageTest" name="verifyTestimonialsSectionPresence" time="4.382"/>
  <system-out/>
  <testcase classname="com.glendale.test.HomePageTest" name="verifySwordsNavigationLinks" time="18.285"/>
  <system-out/>
  <testcase classname="com.glendale.test.HomePageTest" name="verifyrotcAndJrotcFeaturedCollectionsItems" time="38.223"/>
  <system-out/>
  <testcase classname="com.glendale.test.HomePageTest" name="verifyAccountIconPresenceAndClickable" time="6.681"/>
  <system-out/>
  <testcase classname="com.glendale.test.HomePageTest" name="verifySoloTandemDrillersPresenceAndClickable" time="6.699"/>
  <system-out/>
  <testcase classname="com.glendale.test.HomePageTest" name="verifyFirstResponderFeaturedCollectionsItems" time="30.968"/>
  <system-out/>
  <testcase classname="com.glendale.test.HomePageTest" name="verifyHonorGuradNavigationLinks" time="17.594"/>
  <system-out/>
  <testcase classname="com.glendale.test.HomePageTest" name="verifyFlagsPresenceAndClickable" time="7.264"/>
  <system-out/>
  <testcase classname="com.glendale.test.HomePageTest" name="verifyFooterSocialMediaLinksRedirection" time="26.829"/>
  <system-out/>
  <testcase classname="com.glendale.test.HomePageTest" name="verifyCodetsNavigationLinks" time="34.201"/>
  <system-out/>
  <testcase classname="com.glendale.test.HomePageTest" name="verifyReplicaRiflesNavigationLinks" time="57.261"/>
  <system-out/>
  <testcase classname="com.glendale.test.HomePageTest" name="verifyAboutUsNavigationLinks" time="122.626"/>
  <system-out/>
  <testcase classname="com.glendale.test.HomePageTest" name="verifyLatestBolgsPresenceAndViewAllBlogsClickable" time="7.754"/>
  <system-out/>
  <testcase classname="com.glendale.test.HomePageTest" name="verifyCartIconPresenceAndClickable" time="5.063"/>
  <system-out/>
  <testcase classname="com.glendale.test.HomePageTest" name="verifyFlagsNavigationLinks" time="28.718"/>
  <system-out/>
  <testcase classname="com.glendale.test.HomePageTest" name="verifyBannerPresence" time="4.490"/>
  <system-out/>
  <testcase classname="com.glendale.test.HomePageTest" name="verifyCustomFlagsPresenceAndClickable" time="6.833"/>
  <system-out/>
  <testcase classname="com.glendale.test.HomePageTest" name="verifyFooterProductsLinksRedirection" time="49.057"/>
  <system-out/>
  <testcase classname="com.glendale.test.HomePageTest" name="verigyFooterLogoPresenceAndClickable" time="4.471"/>
  <system-out/>
  <testcase classname="com.glendale.test.HomePageTest" name="verifySearchFunctionality" time="8.338"/>
  <system-out/>
  <testcase classname="com.glendale.test.HomePageTest" name="verifyCustomWorksNavigationLinks" time="17.240"/>
  <system-out/>
  <testcase classname="com.glendale.test.HomePageTest" name="verifyFirstRespondersNavigationLinks" time="12.329"/>
  <system-out/>
  <testcase classname="com.glendale.test.HomePageTest" name="verifyUniformsNavigationLinks" time="81.478"/>
  <system-out/>
  <testcase classname="com.glendale.test.HomePageTest" name="verifyHonePageTitle" time="4.010"/>
  <system-out/>
  <testcase classname="com.glendale.test.HomePageTest" name="verifyBestSellersSectionPresent" time="3.760"/>
  <system-out/>
  <testcase classname="com.glendale.test.HomePageTest" name="verifySmithAndWarrenBadgesPresenceAndClickable" time="8.759"/>
  <system-out/>
</testsuite> <!-- com.glendale.test.HomePageTest -->
