<?xml version="1.0" encoding="UTF-8"?>
<!-- Generated by org.testng.reporters.JUnitReportReporter -->
<testsuite hostname="ARISTA113-PC" failures="0" tests="9" name="com.glendale.test.uniforms.RibbonsMountsAndMedals_Test" time="90.103" errors="0" timestamp="2024-08-13T13:52:10 IST" skipped="0">
  <testcase classname="com.glendale.test.uniforms.RibbonsMountsAndMedals_Test" name="verifyAllFltersEnable" time="7.974"/>
  <system-out/>
  <testcase classname="com.glendale.test.uniforms.RibbonsMountsAndMedals_Test" name="verifyPaginationEnable" time="8.981"/>
  <system-out/>
  <testcase classname="com.glendale.test.uniforms.RibbonsMountsAndMedals_Test" name="verifyProductsNameAndPricePresenceAndButtonsEnable" time="9.943"/>
  <system-out/>
  <testcase classname="com.glendale.test.uniforms.RibbonsMountsAndMedals_Test" name="verifyTextPresenceAndFontSize" time="8.093"/>
  <system-out/>
  <testcase classname="com.glendale.test.uniforms.RibbonsMountsAndMedals_Test" name="testSortFunctionality" time="7.581"/>
  <system-out/>
  <testcase classname="com.glendale.test.uniforms.RibbonsMountsAndMedals_Test" name="verifyPaginationRedirection" time="26.931"/>
  <system-out/>
  <testcase classname="com.glendale.test.uniforms.RibbonsMountsAndMedals_Test" name="verifyProductButtonAddToCartAndSelectPresenceAndClickable" time="5.613"/>
  <system-out/>
  <testcase classname="com.glendale.test.uniforms.RibbonsMountsAndMedals_Test" name="verifyPageURL" time="6.681"/>
  <system-out/>
  <testcase classname="com.glendale.test.uniforms.RibbonsMountsAndMedals_Test" name="verifyPageTitle" time="8.306"/>
  <system-out/>
</testsuite> <!-- com.glendale.test.uniforms.RibbonsMountsAndMedals_Test -->
