<?xml version="1.0" encoding="UTF-8"?>
<!-- Generated by org.testng.reporters.JUnitReportReporter -->
<testsuite hostname="ARISTA113-PC" failures="0" tests="11" name="com.glendale.test.millitary.Navy_Test" time="194.301" errors="0" timestamp="2024-10-07T20:47:45 IST" skipped="0">
  <testcase classname="com.glendale.test.millitary.Navy_Test" name="verifyFeaturedCollectionFlags" time="23.103"/>
  <system-out/>
  <testcase classname="com.glendale.test.millitary.Navy_Test" name="verifyTextOnTheBanner" time="17.770"/>
  <system-out/>
  <testcase classname="com.glendale.test.millitary.Navy_Test" name="verifyFeaturedCollectionCeremonialItems" time="24.291"/>
  <system-out/>
  <testcase classname="com.glendale.test.millitary.Navy_Test" name="verifyFeaturedCollectionFlagAccessories" time="23.504"/>
  <system-out/>
  <testcase classname="com.glendale.test.millitary.Navy_Test" name="verifyBestSellersSectionPresence" time="7.375"/>
  <system-out/>
  <testcase classname="com.glendale.test.millitary.Navy_Test" name="verifyCustomFlagsSectionPresenceAndRediredirection" time="10.709"/>
  <system-out/>
  <testcase classname="com.glendale.test.millitary.Navy_Test" name="verifyFlagsSectionPresenceAndRediredirection" time="8.454"/>
  <system-out/>
  <testcase classname="com.glendale.test.millitary.Navy_Test" name="verifyBannerIsPresenceAndShopNowButtonRedirection" time="11.927"/>
  <system-out/>
  <testcase classname="com.glendale.test.millitary.Navy_Test" name="verifyFeaturedCollectionUniformItems" time="22.516"/>
  <system-out/>
  <testcase classname="com.glendale.test.millitary.Navy_Test" name="verifyIconsBelowTheBestSellersIsPresenceAndNavigation" time="36.913"/>
  <system-out/>
  <testcase classname="com.glendale.test.millitary.Navy_Test" name="verifyBunleProductSectionPresenceWithProducts" time="7.739"/>
  <system-out/>
</testsuite> <!-- com.glendale.test.millitary.Navy_Test -->
