<?xml version="1.0" encoding="UTF-8"?>
<!-- Generated by org.testng.reporters.JUnitReportReporter -->
<testsuite hostname="ARISTA113-PC" failures="0" tests="8" name="com.glendale.test.uniforms.GlovesAndScarves_Test" time="65.549" errors="0" timestamp="2024-10-08T17:55:49 IST" skipped="0">
  <testcase classname="com.glendale.test.uniforms.GlovesAndScarves_Test" name="verifyPaginationRedirection" time="16.537"/>
  <system-out/>
  <testcase classname="com.glendale.test.uniforms.GlovesAndScarves_Test" name="verifyAllFltersEnable" time="6.880"/>
  <system-out/>
  <testcase classname="com.glendale.test.uniforms.GlovesAndScarves_Test" name="verifyProductsNameAndPricePresenceAndButtonsEnable" time="7.187"/>
  <system-out/>
  <testcase classname="com.glendale.test.uniforms.GlovesAndScarves_Test" name="testSortFunctionality" time="8.719"/>
  <system-out/>
  <testcase classname="com.glendale.test.uniforms.GlovesAndScarves_Test" name="verifyProductButtonAddToCartAndSelectPresenceAndClickable" time="4.800"/>
  <system-out/>
  <testcase classname="com.glendale.test.uniforms.GlovesAndScarves_Test" name="verifyPageURL" time="6.964"/>
  <system-out/>
  <testcase classname="com.glendale.test.uniforms.GlovesAndScarves_Test" name="verifyPaginationEnable" time="7.146"/>
  <system-out/>
  <testcase classname="com.glendale.test.uniforms.GlovesAndScarves_Test" name="verifyPageTitle" time="7.316"/>
  <system-out/>
</testsuite> <!-- com.glendale.test.uniforms.GlovesAndScarves_Test -->
