<?xml version="1.0" encoding="UTF-8"?>
<!-- Generated by org.testng.reporters.JUnitReportReporter -->
<testsuite hostname="ARISTA113-PC" failures="0" tests="11" name="com.glendale.test.millitary.MarineCorps_Test" time="210.104" errors="0" timestamp="2024-08-13T13:52:10 IST" skipped="0">
  <testcase classname="com.glendale.test.millitary.MarineCorps_Test" name="verifyIconsBelowTheBestSellersIsPresenceAndNavigation" time="41.281"/>
  <system-out/>
  <testcase classname="com.glendale.test.millitary.MarineCorps_Test" name="verifyBunleProductSectionPresenceWithProducts" time="6.800"/>
  <system-out/>
  <testcase classname="com.glendale.test.millitary.MarineCorps_Test" name="verifyBannerIsPresenceAndShopNowButtonRedirection" time="12.586"/>
  <system-out/>
  <testcase classname="com.glendale.test.millitary.MarineCorps_Test" name="verifyCustomFlagsSectionPresenceAndRediredirection" time="10.721"/>
  <system-out/>
  <testcase classname="com.glendale.test.millitary.MarineCorps_Test" name="verifyFeaturedCollectionUniformItems" time="27.191"/>
  <system-out/>
  <testcase classname="com.glendale.test.millitary.MarineCorps_Test" name="verifyTextOnTheBanner" time="7.915"/>
  <system-out/>
  <testcase classname="com.glendale.test.millitary.MarineCorps_Test" name="verifyFeaturedCollectionCeremonialItems" time="28.217"/>
  <system-out/>
  <testcase classname="com.glendale.test.millitary.MarineCorps_Test" name="verifyFeaturedCollectionFlagAccessories" time="28.068"/>
  <system-out/>
  <testcase classname="com.glendale.test.millitary.MarineCorps_Test" name="verifyBestSellersSectionPresence" time="8.575"/>
  <system-out/>
  <testcase classname="com.glendale.test.millitary.MarineCorps_Test" name="verifyFlagsSectionPresenceAndRediredirection" time="10.701"/>
  <system-out/>
  <testcase classname="com.glendale.test.millitary.MarineCorps_Test" name="verifyFeaturedCollectionFlags" time="28.049"/>
  <system-out/>
</testsuite> <!-- com.glendale.test.millitary.MarineCorps_Test -->
