<?xml version="1.0" encoding="UTF-8"?>
<!-- Generated by org.testng.reporters.JUnitReportReporter -->
<testsuite hostname="ARISTA113-PC" failures="0" tests="11" name="com.glendale.test.codets.Army_Test" time="215.047" errors="0" timestamp="2024-08-09T18:08:41 IST" skipped="0">
  <testcase classname="com.glendale.test.codets.Army_Test" name="verifyTextOnTheBanner" time="7.812"/>
  <system-out/>
  <testcase classname="com.glendale.test.codets.Army_Test" name="verifyFeaturedCollectionTeams" time="25.818"/>
  <system-out/>
  <testcase classname="com.glendale.test.codets.Army_Test" name="verifyCustomFlagsSectionPresenceAndRediredirection" time="9.595"/>
  <system-out/>
  <testcase classname="com.glendale.test.codets.Army_Test" name="verifyFeaturedCollectionAccessories" time="32.320"/>
  <system-out/>
  <testcase classname="com.glendale.test.codets.Army_Test" name="verifyFeaturedCollectionUniformItems" time="30.722"/>
  <system-out/>
  <testcase classname="com.glendale.test.codets.Army_Test" name="verifyIconsBelowTheBestSellersIsPresenceAndNavigation" time="46.933"/>
  <system-out/>
  <testcase classname="com.glendale.test.codets.Army_Test" name="verifyBunleProductSectionPresenceWithProducts" time="8.467"/>
  <system-out/>
  <testcase classname="com.glendale.test.codets.Army_Test" name="verifyFeaturedCollectionFlagsItems" time="24.651"/>
  <system-out/>
  <testcase classname="com.glendale.test.codets.Army_Test" name="verifyBannerIsPresenceAndShopNowButtonRedirection" time="12.519"/>
  <system-out/>
  <testcase classname="com.glendale.test.codets.Army_Test" name="verifyBestSellersSectionPresence" time="7.112"/>
  <system-out/>
  <testcase classname="com.glendale.test.codets.Army_Test" name="verifyFlagsSectionPresenceAndRediredirection" time="9.098"/>
  <system-out/>
</testsuite> <!-- com.glendale.test.codets.Army_Test -->
