<?xml version="1.0" encoding="UTF-8"?>
<!-- Generated by org.testng.reporters.JUnitReportReporter -->
<testsuite hostname="ARISTA113-PC" failures="0" tests="6" name="com.glendale.test.flags.MourningFlags_Test" time="43.530" errors="0" timestamp="2024-08-13T13:52:10 IST" skipped="0">
  <testcase classname="com.glendale.test.flags.MourningFlags_Test" name="verifyAllFltersEnable" time="6.732"/>
  <system-out/>
  <testcase classname="com.glendale.test.flags.MourningFlags_Test" name="verifyPageTitle" time="8.179"/>
  <system-out/>
  <testcase classname="com.glendale.test.flags.MourningFlags_Test" name="verifyPageURL" time="7.950"/>
  <system-out/>
  <testcase classname="com.glendale.test.flags.MourningFlags_Test" name="verifyProductsNameAndPricePresenceAndButtonsEnable" time="6.840"/>
  <system-out/>
  <testcase classname="com.glendale.test.flags.MourningFlags_Test" name="testPageLoadTime" time="6.902"/>
  <system-out/>
  <testcase classname="com.glendale.test.flags.MourningFlags_Test" name="testSortFunctionality" time="6.927"/>
  <system-out/>
</testsuite> <!-- com.glendale.test.flags.MourningFlags_Test -->
