<?xml version="1.0" encoding="UTF-8"?>
<!-- Generated by org.testng.reporters.JUnitReportReporter -->
<testsuite hostname="ARISTA113-PC" failures="0" tests="8" name="com.glendale.test.honorGuard.Millitary_Test" time="75.728" errors="0" timestamp="2024-08-13T13:52:10 IST" skipped="0">
  <testcase classname="com.glendale.test.honorGuard.Millitary_Test" name="verifyAllFltersEnable" time="6.673"/>
  <system-out/>
  <testcase classname="com.glendale.test.honorGuard.Millitary_Test" name="testSortFunctionality" time="6.855"/>
  <system-out/>
  <testcase classname="com.glendale.test.honorGuard.Millitary_Test" name="verifyPageURL" time="6.851"/>
  <system-out/>
  <testcase classname="com.glendale.test.honorGuard.Millitary_Test" name="verifyProductsNameAndPricePresenceAndButtonsEnable" time="9.327"/>
  <system-out/>
  <testcase classname="com.glendale.test.honorGuard.Millitary_Test" name="verifyPaginationRedirection" time="20.846"/>
  <system-out/>
  <testcase classname="com.glendale.test.honorGuard.Millitary_Test" name="testPageLoadTime" time="9.148"/>
  <system-out/>
  <testcase classname="com.glendale.test.honorGuard.Millitary_Test" name="verifyPageTitle" time="8.062"/>
  <system-out/>
  <testcase classname="com.glendale.test.honorGuard.Millitary_Test" name="verifyPaginationEnable" time="7.966"/>
  <system-out/>
</testsuite> <!-- com.glendale.test.honorGuard.Millitary_Test -->
