<?xml version="1.0" encoding="UTF-8"?>
<!-- Generated by org.testng.reporters.JUnitReportReporter -->
<testsuite hostname="ARISTA113-PC" failures="0" tests="9" name="com.glendale.test.flags.FlagStands_Test" time="83.778" errors="0" timestamp="2024-07-11T18:20:11 IST" skipped="0">
  <testcase classname="com.glendale.test.flags.FlagStands_Test" name="verifyAllFltersEnable" time="7.199"/>
  <system-out/>
  <testcase classname="com.glendale.test.flags.FlagStands_Test" name="verifyTextOnThePage" time="11.953"/>
  <system-out/>
  <testcase classname="com.glendale.test.flags.FlagStands_Test" name="testSortFunctionality" time="7.311"/>
  <system-out/>
  <testcase classname="com.glendale.test.flags.FlagStands_Test" name="testPageLoadTime" time="7.794"/>
  <system-out/>
  <testcase classname="com.glendale.test.flags.FlagStands_Test" name="verifyPageTitle" time="7.642"/>
  <system-out/>
  <testcase classname="com.glendale.test.flags.FlagStands_Test" name="verifyProductsNameAndPricePresenceAndButtonsEnable" time="7.092"/>
  <system-out/>
  <testcase classname="com.glendale.test.flags.FlagStands_Test" name="verifyPaginationEnable" time="6.755"/>
  <system-out/>
  <testcase classname="com.glendale.test.flags.FlagStands_Test" name="verifyPageURL" time="6.900"/>
  <system-out/>
  <testcase classname="com.glendale.test.flags.FlagStands_Test" name="verifyPaginationRedirection" time="21.132"/>
  <system-out/>
</testsuite> <!-- com.glendale.test.flags.FlagStands_Test -->
