<?xml version="1.0" encoding="UTF-8"?>
<!-- Generated by org.testng.reporters.JUnitReportReporter -->
<testsuite hostname="ARISTA113-PC" failures="0" tests="9" name="com.glendale.test.replicaRifles.RifleAccessories_Test" time="86.237" errors="0" timestamp="2024-08-13T13:52:10 IST" skipped="0">
  <testcase classname="com.glendale.test.replicaRifles.RifleAccessories_Test" name="verifyProductsNameAndPricePresenceAndButtonsEnable" time="7.487"/>
  <system-out/>
  <testcase classname="com.glendale.test.replicaRifles.RifleAccessories_Test" name="verifyPaginationEnable" time="6.754"/>
  <system-out/>
  <testcase classname="com.glendale.test.replicaRifles.RifleAccessories_Test" name="verifyTextOnThePage" time="9.405"/>
  <system-out/>
  <testcase classname="com.glendale.test.replicaRifles.RifleAccessories_Test" name="verifyPageURL" time="6.811"/>
  <system-out/>
  <testcase classname="com.glendale.test.replicaRifles.RifleAccessories_Test" name="testSortFunctionality" time="9.972"/>
  <system-out/>
  <testcase classname="com.glendale.test.replicaRifles.RifleAccessories_Test" name="verifyAllFltersEnable" time="6.550"/>
  <system-out/>
  <testcase classname="com.glendale.test.replicaRifles.RifleAccessories_Test" name="testPageLoadTime" time="6.851"/>
  <system-out/>
  <testcase classname="com.glendale.test.replicaRifles.RifleAccessories_Test" name="verifyPaginationRedirection" time="25.409"/>
  <system-out/>
  <testcase classname="com.glendale.test.replicaRifles.RifleAccessories_Test" name="verifyPageTitle" time="6.998"/>
  <system-out/>
</testsuite> <!-- com.glendale.test.replicaRifles.RifleAccessories_Test -->
