<?xml version="1.0" encoding="UTF-8"?>
<!-- Generated by org.testng.reporters.JUnitReportReporter -->
<testsuite hostname="ARISTA113-PC" failures="0" tests="9" name="com.glendale.test.uniforms.ShoesAndAccessories_Test" time="77.920" errors="0" timestamp="2024-07-11T18:20:11 IST" skipped="0">
  <testcase classname="com.glendale.test.uniforms.ShoesAndAccessories_Test" name="verifyPaginationRedirection" time="19.792"/>
  <system-out/>
  <testcase classname="com.glendale.test.uniforms.ShoesAndAccessories_Test" name="testSortFunctionality" time="7.885"/>
  <system-out/>
  <testcase classname="com.glendale.test.uniforms.ShoesAndAccessories_Test" name="verifyPaginationEnable" time="6.747"/>
  <system-out/>
  <testcase classname="com.glendale.test.uniforms.ShoesAndAccessories_Test" name="verifyProductsNameAndPricePresenceAndButtonsEnable" time="8.979"/>
  <system-out/>
  <testcase classname="com.glendale.test.uniforms.ShoesAndAccessories_Test" name="verifyAllFltersEnable" time="6.839"/>
  <system-out/>
  <testcase classname="com.glendale.test.uniforms.ShoesAndAccessories_Test" name="verifyProductButtonAddToCartAndSelectPresenceAndClickable" time="5.331"/>
  <system-out/>
  <testcase classname="com.glendale.test.uniforms.ShoesAndAccessories_Test" name="verifyTextPresenceAndFontSize" time="8.210"/>
  <system-out/>
  <testcase classname="com.glendale.test.uniforms.ShoesAndAccessories_Test" name="verifyPageURL" time="7.065"/>
  <system-out/>
  <testcase classname="com.glendale.test.uniforms.ShoesAndAccessories_Test" name="verifyPageTitle" time="7.072"/>
  <system-out/>
</testsuite> <!-- com.glendale.test.uniforms.ShoesAndAccessories_Test -->
