<?xml version="1.0" encoding="UTF-8"?>
<!-- Generated by org.testng.reporters.JUnitReportReporter -->
<testsuite hostname="ARISTA113-PC" failures="0" tests="9" name="com.glendale.test.flags.FlagStands_Test" time="85.940" errors="0" timestamp="2024-08-13T13:52:10 IST" skipped="0">
  <testcase classname="com.glendale.test.flags.FlagStands_Test" name="verifyPageTitle" time="8.726"/>
  <system-out/>
  <testcase classname="com.glendale.test.flags.FlagStands_Test" name="verifyPaginationEnable" time="9.506"/>
  <system-out/>
  <testcase classname="com.glendale.test.flags.FlagStands_Test" name="verifyPaginationRedirection" time="20.967"/>
  <system-out/>
  <testcase classname="com.glendale.test.flags.FlagStands_Test" name="verifyAllFltersEnable" time="8.073"/>
  <system-out/>
  <testcase classname="com.glendale.test.flags.FlagStands_Test" name="verifyTextOnThePage" time="8.350"/>
  <system-out/>
  <testcase classname="com.glendale.test.flags.FlagStands_Test" name="testSortFunctionality" time="8.578"/>
  <system-out/>
  <testcase classname="com.glendale.test.flags.FlagStands_Test" name="verifyPageURL" time="6.711"/>
  <system-out/>
  <testcase classname="com.glendale.test.flags.FlagStands_Test" name="testPageLoadTime" time="7.681"/>
  <system-out/>
  <testcase classname="com.glendale.test.flags.FlagStands_Test" name="verifyProductsNameAndPricePresenceAndButtonsEnable" time="7.348"/>
  <system-out/>
</testsuite> <!-- com.glendale.test.flags.FlagStands_Test -->
