<?xml version="1.0" encoding="UTF-8"?>
<!-- Generated by org.testng.reporters.JUnitReportReporter -->
<testsuite hostname="ARISTA113-PC" failures="0" tests="1" name="com.glendale.test.uniforms.PinsAndTabs_Test" time="7.468" errors="0" timestamp="2024-10-08T18:01:06 IST" skipped="0">
  <testcase classname="com.glendale.test.uniforms.PinsAndTabs_Test" name="verifyTextPresenceAndFontSize" time="7.468"/>
  <system-out/>
</testsuite> <!-- com.glendale.test.uniforms.PinsAndTabs_Test -->
