<?xml version="1.0" encoding="UTF-8"?>
<!-- Generated by org.testng.reporters.JUnitReportReporter -->
<testsuite hostname="ARISTA113-PC" failures="0" tests="9" name="com.glendale.test.uniforms.BeltsAndBuckles_Test" time="76.952" errors="0" timestamp="2024-10-08T17:52:18 IST" skipped="0">
  <testcase classname="com.glendale.test.uniforms.BeltsAndBuckles_Test" name="testSortFunctionality" time="7.050"/>
  <system-out/>
  <testcase classname="com.glendale.test.uniforms.BeltsAndBuckles_Test" name="verifyPaginationRedirection" time="22.856"/>
  <system-out/>
  <testcase classname="com.glendale.test.uniforms.BeltsAndBuckles_Test" name="verifyPaginationEnable" time="7.216"/>
  <system-out/>
  <testcase classname="com.glendale.test.uniforms.BeltsAndBuckles_Test" name="verifyProductsNameAndPricePresenceAndButtonsEnable" time="6.799"/>
  <system-out/>
  <testcase classname="com.glendale.test.uniforms.BeltsAndBuckles_Test" name="verifyProductButtonAddToCartAndSelectPresenceAndClickable" time="5.189"/>
  <system-out/>
  <testcase classname="com.glendale.test.uniforms.BeltsAndBuckles_Test" name="verifyTextPresenceAndFontSize" time="7.044"/>
  <system-out/>
  <testcase classname="com.glendale.test.uniforms.BeltsAndBuckles_Test" name="verifyAllFltersEnable" time="6.901"/>
  <system-out/>
  <testcase classname="com.glendale.test.uniforms.BeltsAndBuckles_Test" name="verifyPageURL" time="7.051"/>
  <system-out/>
  <testcase classname="com.glendale.test.uniforms.BeltsAndBuckles_Test" name="verifyPageTitle" time="6.846"/>
  <system-out/>
</testsuite> <!-- com.glendale.test.uniforms.BeltsAndBuckles_Test -->
