<?xml version="1.0" encoding="UTF-8"?>
<!-- Generated by org.testng.reporters.JUnitReportReporter -->
<testsuite hostname="ARISTA113-PC" failures="0" tests="7" name="com.glendale.test.uniforms.Aiguilletters_Page" time="47.208" errors="0" timestamp="2024-10-08T17:21:21 IST" skipped="0">
  <testcase classname="com.glendale.test.uniforms.Aiguilletters_Page" name="verifyPageTitle" time="7.069"/>
  <system-out/>
  <testcase classname="com.glendale.test.uniforms.Aiguilletters_Page" name="verifyPageURL" time="7.792"/>
  <system-out/>
  <testcase classname="com.glendale.test.uniforms.Aiguilletters_Page" name="verifyAllFltersEnable" time="7.065"/>
  <system-out/>
  <testcase classname="com.glendale.test.uniforms.Aiguilletters_Page" name="verifyProductButtonAddToCartAndSelectPresenceAndClickable" time="5.005"/>
  <system-out/>
  <testcase classname="com.glendale.test.uniforms.Aiguilletters_Page" name="verifyTextPresenceAndFontSize" time="7.083"/>
  <system-out/>
  <testcase classname="com.glendale.test.uniforms.Aiguilletters_Page" name="testSortFunctionality" time="6.933"/>
  <system-out/>
  <testcase classname="com.glendale.test.uniforms.Aiguilletters_Page" name="verifyProductsNameAndPricePresenceAndButtonsEnable" time="6.261"/>
  <system-out/>
</testsuite> <!-- com.glendale.test.uniforms.Aiguilletters_Page -->
