<?xml version="1.0" encoding="UTF-8"?>
<!-- Generated by org.testng.reporters.JUnitReportReporter -->
<testsuite hostname="ARISTA113-PC" failures="0" tests="11" name="com.glendale.test.codets.SpaceForce_Test" time="204.615" errors="0" timestamp="2024-08-14T18:06:13 IST" skipped="0">
  <testcase classname="com.glendale.test.codets.SpaceForce_Test" name="verifyBestSellersSectionPresence" time="7.561"/>
  <system-out/>
  <testcase classname="com.glendale.test.codets.SpaceForce_Test" name="verifyIconsBelowTheBestSellersIsPresenceAndNavigation" time="42.375"/>
  <system-out/>
  <testcase classname="com.glendale.test.codets.SpaceForce_Test" name="verifyBunleProductSectionPresenceWithProducts" time="12.188"/>
  <system-out/>
  <testcase classname="com.glendale.test.codets.SpaceForce_Test" name="verifyCustomFlagsSectionPresenceAndRediredirection" time="9.685"/>
  <system-out/>
  <testcase classname="com.glendale.test.codets.SpaceForce_Test" name="verifyFeaturedCollectionTeams" time="25.024"/>
  <system-out/>
  <testcase classname="com.glendale.test.codets.SpaceForce_Test" name="verifyFlagsSectionPresenceAndRediredirection" time="11.164"/>
  <system-out/>
  <testcase classname="com.glendale.test.codets.SpaceForce_Test" name="verifyTextOnTheBanner" time="7.939"/>
  <system-out/>
  <testcase classname="com.glendale.test.codets.SpaceForce_Test" name="verifyBannerIsPresenceAndShopNowButtonRedirection" time="10.274"/>
  <system-out/>
  <testcase classname="com.glendale.test.codets.SpaceForce_Test" name="verifyFeaturedCollectionAccessories" time="30.175"/>
  <system-out/>
  <testcase classname="com.glendale.test.codets.SpaceForce_Test" name="verifyFeaturedCollectionUniformItems" time="23.860"/>
  <system-out/>
  <testcase classname="com.glendale.test.codets.SpaceForce_Test" name="verifyFeaturedCollectionFlagsItems" time="24.370"/>
  <system-out/>
</testsuite> <!-- com.glendale.test.codets.SpaceForce_Test -->
