<?xml version="1.0" encoding="UTF-8"?>
<!-- Generated by org.testng.reporters.JUnitReportReporter -->
<testsuite hostname="ARISTA113-PC" failures="0" tests="8" name="com.glendale.test.swords.LetterOpenerSwords_Test" time="63.695" errors="0" timestamp="2024-10-08T17:16:18 IST" skipped="0">
  <testcase classname="com.glendale.test.swords.LetterOpenerSwords_Test" name="testSortFunctionality" time="8.007"/>
  <system-out/>
  <testcase classname="com.glendale.test.swords.LetterOpenerSwords_Test" name="verifyPageURL" time="8.897"/>
  <system-out/>
  <testcase classname="com.glendale.test.swords.LetterOpenerSwords_Test" name="verifyProductImageSize" time="5.872"/>
  <system-out/>
  <testcase classname="com.glendale.test.swords.LetterOpenerSwords_Test" name="verifyExploreCeremonialMilitarySwordsButton" time="9.607"/>
  <system-out/>
  <testcase classname="com.glendale.test.swords.LetterOpenerSwords_Test" name="verifyPageLoadTime" time="9.036"/>
  <system-out/>
  <testcase classname="com.glendale.test.swords.LetterOpenerSwords_Test" name="verifyResponsiveDesign" time="7.554"/>
  <system-out/>
  <testcase classname="com.glendale.test.swords.LetterOpenerSwords_Test" name="verifyProductsNameAndPricePresenceAndButtonsEnable" time="7.579"/>
  <system-out/>
  <testcase classname="com.glendale.test.swords.LetterOpenerSwords_Test" name="verifyPageTitle" time="7.143"/>
  <system-out/>
</testsuite> <!-- com.glendale.test.swords.LetterOpenerSwords_Test -->
