<?xml version="1.0" encoding="UTF-8"?>
<!-- Generated by org.testng.reporters.JUnitReportReporter -->
<testsuite hostname="ARISTA113-PC" failures="0" tests="11" name="com.glendale.test.codets.AirForce_Test" time="210.859" errors="0" timestamp="2024-08-09T18:08:41 IST" skipped="0">
  <testcase classname="com.glendale.test.codets.AirForce_Test" name="verifyBannerIsPresenceAndShopNowButtonRedirection" time="11.774"/>
  <system-out/>
  <testcase classname="com.glendale.test.codets.AirForce_Test" name="verifyFeaturedCollectionAccessories" time="32.340"/>
  <system-out/>
  <testcase classname="com.glendale.test.codets.AirForce_Test" name="verifyBunleProductSectionPresenceWithProducts" time="6.909"/>
  <system-out/>
  <testcase classname="com.glendale.test.codets.AirForce_Test" name="verifyFeaturedCollectionFlagsItems" time="25.220"/>
  <system-out/>
  <testcase classname="com.glendale.test.codets.AirForce_Test" name="verifyFeaturedCollectionTeams" time="26.556"/>
  <system-out/>
  <testcase classname="com.glendale.test.codets.AirForce_Test" name="verifyFlagsSectionPresenceAndRediredirection" time="15.420"/>
  <system-out/>
  <testcase classname="com.glendale.test.codets.AirForce_Test" name="verifyBestSellersSectionPresence" time="7.281"/>
  <system-out/>
  <testcase classname="com.glendale.test.codets.AirForce_Test" name="verifyCustomFlagsSectionPresenceAndRediredirection" time="10.032"/>
  <system-out/>
  <testcase classname="com.glendale.test.codets.AirForce_Test" name="verifyFeaturedCollectionUniformItems" time="27.344"/>
  <system-out/>
  <testcase classname="com.glendale.test.codets.AirForce_Test" name="verifyIconsBelowTheBestSellersIsPresenceAndNavigation" time="39.680"/>
  <system-out/>
  <testcase classname="com.glendale.test.codets.AirForce_Test" name="verifyTextOnTheBanner" time="8.303"/>
  <system-out/>
</testsuite> <!-- com.glendale.test.codets.AirForce_Test -->
