<?xml version="1.0" encoding="UTF-8"?>
<!-- Generated by org.testng.reporters.JUnitReportReporter -->
<testsuite hostname="ARISTA113-PC" failures="0" tests="9" name="com.glendale.test.honorGuard.AllHonorGuard_Test" time="81.202" errors="0" timestamp="2024-07-11T18:20:11 IST" skipped="0">
  <testcase classname="com.glendale.test.honorGuard.AllHonorGuard_Test" name="verifyTextPresenceAndFontSize" time="9.050"/>
  <system-out/>
  <testcase classname="com.glendale.test.honorGuard.AllHonorGuard_Test" name="verifyPageURL" time="6.121"/>
  <system-out/>
  <testcase classname="com.glendale.test.honorGuard.AllHonorGuard_Test" name="verifyPaginationEnable" time="6.637"/>
  <system-out/>
  <testcase classname="com.glendale.test.honorGuard.AllHonorGuard_Test" name="verifyPageTitle" time="7.766"/>
  <system-out/>
  <testcase classname="com.glendale.test.honorGuard.AllHonorGuard_Test" name="verifyPaginationRedirection" time="19.263"/>
  <system-out/>
  <testcase classname="com.glendale.test.honorGuard.AllHonorGuard_Test" name="verifyBundleProducts" time="8.481"/>
  <system-out/>
  <testcase classname="com.glendale.test.honorGuard.AllHonorGuard_Test" name="verifyProductsNameAndPricePresenceAndButtonsEnable" time="9.012"/>
  <system-out/>
  <testcase classname="com.glendale.test.honorGuard.AllHonorGuard_Test" name="testSortFunctionality" time="8.284"/>
  <system-out/>
  <testcase classname="com.glendale.test.honorGuard.AllHonorGuard_Test" name="verifyAllFltersEnable" time="6.588"/>
  <system-out/>
</testsuite> <!-- com.glendale.test.honorGuard.AllHonorGuard_Test -->
