<?xml version="1.0" encoding="UTF-8"?>
<!-- Generated by org.testng.reporters.JUnitReportReporter -->
<testsuite hostname="ARISTA113-PC" failures="0" tests="6" name="com.glendale.test.flags.MourningFlags_Test" time="43.551" errors="0" timestamp="2024-07-11T18:20:11 IST" skipped="0">
  <testcase classname="com.glendale.test.flags.MourningFlags_Test" name="verifyPageTitle" time="6.764"/>
  <system-out/>
  <testcase classname="com.glendale.test.flags.MourningFlags_Test" name="verifyAllFltersEnable" time="6.698"/>
  <system-out/>
  <testcase classname="com.glendale.test.flags.MourningFlags_Test" name="testPageLoadTime" time="9.360"/>
  <system-out/>
  <testcase classname="com.glendale.test.flags.MourningFlags_Test" name="verifyPageURL" time="6.512"/>
  <system-out/>
  <testcase classname="com.glendale.test.flags.MourningFlags_Test" name="verifyProductsNameAndPricePresenceAndButtonsEnable" time="7.169"/>
  <system-out/>
  <testcase classname="com.glendale.test.flags.MourningFlags_Test" name="testSortFunctionality" time="7.048"/>
  <system-out/>
</testsuite> <!-- com.glendale.test.flags.MourningFlags_Test -->
