<?xml version="1.0" encoding="UTF-8"?>
<!-- Generated by org.testng.reporters.JUnitReportReporter -->
<testsuite hostname="ARISTA113-PC" failures="0" tests="11" name="com.glendale.test.codets.MarineCorps_Test" time="200.889" errors="0" timestamp="2024-08-14T16:39:54 IST" skipped="0">
  <testcase classname="com.glendale.test.codets.MarineCorps_Test" name="verifyBestSellersSectionPresence" time="8.189"/>
  <system-out/>
  <testcase classname="com.glendale.test.codets.MarineCorps_Test" name="verifyIconsBelowTheBestSellersIsPresenceAndNavigation" time="41.100"/>
  <system-out/>
  <testcase classname="com.glendale.test.codets.MarineCorps_Test" name="verifyBunleProductSectionPresenceWithProducts" time="7.040"/>
  <system-out/>
  <testcase classname="com.glendale.test.codets.MarineCorps_Test" name="verifyFlagsSectionPresenceAndRediredirection" time="9.840"/>
  <system-out/>
  <testcase classname="com.glendale.test.codets.MarineCorps_Test" name="verifyCustomFlagsSectionPresenceAndRediredirection" time="9.611"/>
  <system-out/>
  <testcase classname="com.glendale.test.codets.MarineCorps_Test" name="verifyTextOnTheBanner" time="8.300"/>
  <system-out/>
  <testcase classname="com.glendale.test.codets.MarineCorps_Test" name="verifyFeaturedCollectionUniformItems" time="26.569"/>
  <system-out/>
  <testcase classname="com.glendale.test.codets.MarineCorps_Test" name="verifyBannerIsPresenceAndShopNowButtonRedirection" time="10.022"/>
  <system-out/>
  <testcase classname="com.glendale.test.codets.MarineCorps_Test" name="verifyFeaturedCollectionAccessories" time="29.155"/>
  <system-out/>
  <testcase classname="com.glendale.test.codets.MarineCorps_Test" name="verifyFeaturedCollectionFlagsItems" time="24.992"/>
  <system-out/>
  <testcase classname="com.glendale.test.codets.MarineCorps_Test" name="verifyFeaturedCollectionTeams" time="26.071"/>
  <system-out/>
</testsuite> <!-- com.glendale.test.codets.MarineCorps_Test -->
