<?xml version="1.0" encoding="UTF-8"?>
<!-- Generated by org.testng.reporters.JUnitReportReporter -->
<testsuite hostname="ARISTA113-PC" failures="0" tests="11" name="com.glendale.test.millitary.CoastGuard_Test" time="208.281" errors="0" timestamp="2024-08-13T13:52:10 IST" skipped="0">
  <testcase classname="com.glendale.test.millitary.CoastGuard_Test" name="verifyFeaturedCollectionFlagAccessories" time="29.405"/>
  <system-out/>
  <testcase classname="com.glendale.test.millitary.CoastGuard_Test" name="verifyBannerIsPresenceAndShopNowButtonRedirection" time="13.585"/>
  <system-out/>
  <testcase classname="com.glendale.test.millitary.CoastGuard_Test" name="verifyFeaturedCollectionUniformItems" time="26.112"/>
  <system-out/>
  <testcase classname="com.glendale.test.millitary.CoastGuard_Test" name="verifyCustomFlagsSectionPresenceAndRediredirection" time="12.436"/>
  <system-out/>
  <testcase classname="com.glendale.test.millitary.CoastGuard_Test" name="verifyBestSellersSectionPresence" time="6.802"/>
  <system-out/>
  <testcase classname="com.glendale.test.millitary.CoastGuard_Test" name="verifyIconsBelowTheBestSellersIsPresenceAndNavigation" time="41.058"/>
  <system-out/>
  <testcase classname="com.glendale.test.millitary.CoastGuard_Test" name="verifyFeaturedCollectionCeremonialItems" time="27.449"/>
  <system-out/>
  <testcase classname="com.glendale.test.millitary.CoastGuard_Test" name="verifyFlagsSectionPresenceAndRediredirection" time="10.785"/>
  <system-out/>
  <testcase classname="com.glendale.test.millitary.CoastGuard_Test" name="verifyBunleProductSectionPresenceWithProducts" time="7.017"/>
  <system-out/>
  <testcase classname="com.glendale.test.millitary.CoastGuard_Test" name="verifyFeaturedCollectionFlags" time="26.443"/>
  <system-out/>
  <testcase classname="com.glendale.test.millitary.CoastGuard_Test" name="verifyTextOnTheBanner" time="7.189"/>
  <system-out/>
</testsuite> <!-- com.glendale.test.millitary.CoastGuard_Test -->
