<?xml version="1.0" encoding="UTF-8"?>
<!-- Generated by org.testng.reporters.JUnitReportReporter -->
<testsuite hostname="ARISTA113-PC" failures="0" tests="11" name="com.glendale.test.codets.Navy_Test" time="207.841" errors="0" timestamp="2024-08-09T18:08:41 IST" skipped="0">
  <testcase classname="com.glendale.test.codets.Navy_Test" name="verifyFeaturedCollectionAccessories" time="31.231"/>
  <system-out/>
  <testcase classname="com.glendale.test.codets.Navy_Test" name="verifyTextOnTheBanner" time="8.347"/>
  <system-out/>
  <testcase classname="com.glendale.test.codets.Navy_Test" name="verifyBannerIsPresenceAndShopNowButtonRedirection" time="10.801"/>
  <system-out/>
  <testcase classname="com.glendale.test.codets.Navy_Test" name="verifyBestSellersSectionPresence" time="7.197"/>
  <system-out/>
  <testcase classname="com.glendale.test.codets.Navy_Test" name="verifyCustomFlagsSectionPresenceAndRediredirection" time="10.708"/>
  <system-out/>
  <testcase classname="com.glendale.test.codets.Navy_Test" name="verifyIconsBelowTheBestSellersIsPresenceAndNavigation" time="42.985"/>
  <system-out/>
  <testcase classname="com.glendale.test.codets.Navy_Test" name="verifyFeaturedCollectionFlagsItems" time="25.528"/>
  <system-out/>
  <testcase classname="com.glendale.test.codets.Navy_Test" name="verifyFlagsSectionPresenceAndRediredirection" time="11.208"/>
  <system-out/>
  <testcase classname="com.glendale.test.codets.Navy_Test" name="verifyFeaturedCollectionTeams" time="27.306"/>
  <system-out/>
  <testcase classname="com.glendale.test.codets.Navy_Test" name="verifyFeaturedCollectionUniformItems" time="25.358"/>
  <system-out/>
  <testcase classname="com.glendale.test.codets.Navy_Test" name="verifyBunleProductSectionPresenceWithProducts" time="7.172"/>
  <system-out/>
</testsuite> <!-- com.glendale.test.codets.Navy_Test -->
