<?xml version="1.0" encoding="UTF-8"?>
<!-- Generated by org.testng.reporters.JUnitReportReporter -->
<testsuite hostname="ARISTA113-PC" failures="0" tests="1" name="com.glendale.test.swords.CeremonialMillitarySwords_Test" time="9.712" errors="0" timestamp="2024-10-08T16:45:23 IST" skipped="0">
  <testcase classname="com.glendale.test.swords.CeremonialMillitarySwords_Test" name="verifyPageLoadTime" time="9.712"/>
  <system-out/>
</testsuite> <!-- com.glendale.test.swords.CeremonialMillitarySwords_Test -->
