<?xml version="1.0" encoding="UTF-8"?>
<!-- Generated by org.testng.reporters.JUnitReportReporter -->
<testsuite hostname="ARISTA113-PC" failures="0" tests="9" name="com.glendale.test.uniforms.ApparelAndCustomWear_Test" time="98.250" errors="0" timestamp="2024-07-11T18:20:11 IST" skipped="0">
  <testcase classname="com.glendale.test.uniforms.ApparelAndCustomWear_Test" name="verifyPaginationEnable" time="33.762"/>
  <system-out/>
  <testcase classname="com.glendale.test.uniforms.ApparelAndCustomWear_Test" name="verifyPageTitle" time="7.674"/>
  <system-out/>
  <testcase classname="com.glendale.test.uniforms.ApparelAndCustomWear_Test" name="verifyTextPresenceAndFontSize" time="6.996"/>
  <system-out/>
  <testcase classname="com.glendale.test.uniforms.ApparelAndCustomWear_Test" name="verifyPaginationRedirection" time="17.208"/>
  <system-out/>
  <testcase classname="com.glendale.test.uniforms.ApparelAndCustomWear_Test" name="verifyAllFltersEnable" time="6.925"/>
  <system-out/>
  <testcase classname="com.glendale.test.uniforms.ApparelAndCustomWear_Test" name="testSortFunctionality" time="7.380"/>
  <system-out/>
  <testcase classname="com.glendale.test.uniforms.ApparelAndCustomWear_Test" name="verifyProductButtonAddToCartAndSelectPresenceAndClickable" time="4.100"/>
  <system-out/>
  <testcase classname="com.glendale.test.uniforms.ApparelAndCustomWear_Test" name="verifyPageURL" time="6.665"/>
  <system-out/>
  <testcase classname="com.glendale.test.uniforms.ApparelAndCustomWear_Test" name="verifyProductsNameAndPricePresenceAndButtonsEnable" time="7.540"/>
  <system-out/>
</testsuite> <!-- com.glendale.test.uniforms.ApparelAndCustomWear_Test -->
