<?xml version="1.0" encoding="UTF-8"?>
<!-- Generated by org.testng.reporters.JUnitReportReporter -->
<testsuite hostname="ARISTA113-PC" failures="0" tests="8" name="com.glendale.test.uniforms.GlovesAndScarves_Test" time="67.874" errors="0" timestamp="2024-07-11T18:20:11 IST" skipped="0">
  <testcase classname="com.glendale.test.uniforms.GlovesAndScarves_Test" name="verifyProductButtonAddToCartAndSelectPresenceAndClickable" time="5.994"/>
  <system-out/>
  <testcase classname="com.glendale.test.uniforms.GlovesAndScarves_Test" name="testSortFunctionality" time="9.120"/>
  <system-out/>
  <testcase classname="com.glendale.test.uniforms.GlovesAndScarves_Test" name="verifyPageTitle" time="6.585"/>
  <system-out/>
  <testcase classname="com.glendale.test.uniforms.GlovesAndScarves_Test" name="verifyAllFltersEnable" time="7.761"/>
  <system-out/>
  <testcase classname="com.glendale.test.uniforms.GlovesAndScarves_Test" name="verifyPageURL" time="7.902"/>
  <system-out/>
  <testcase classname="com.glendale.test.uniforms.GlovesAndScarves_Test" name="verifyPaginationRedirection" time="16.808"/>
  <system-out/>
  <testcase classname="com.glendale.test.uniforms.GlovesAndScarves_Test" name="verifyPaginationEnable" time="6.524"/>
  <system-out/>
  <testcase classname="com.glendale.test.uniforms.GlovesAndScarves_Test" name="verifyProductsNameAndPricePresenceAndButtonsEnable" time="7.180"/>
  <system-out/>
</testsuite> <!-- com.glendale.test.uniforms.GlovesAndScarves_Test -->
