<?xml version="1.0" encoding="UTF-8"?>
<!-- Generated by org.testng.reporters.JUnitReportReporter -->
<testsuite hostname="ARISTA113-PC" failures="0" tests="1" name="com.glendale.test.firstResponder.AllFirstResponder_Test" time="37.563" errors="0" timestamp="2024-10-07T17:45:15 IST" skipped="0">
  <testcase classname="com.glendale.test.firstResponder.AllFirstResponder_Test" name="verifyFeaturedCollectionAccessories" time="37.563"/>
  <system-out/>
</testsuite> <!-- com.glendale.test.firstResponder.AllFirstResponder_Test -->
