<?xml version="1.0" encoding="UTF-8"?>
<!-- Generated by org.testng.reporters.JUnitReportReporter -->
<testsuite hostname="ARISTA113-PC" failures="0" tests="1" name="com.glendale.test.uniforms.Socks_Test" time="8.362" errors="0" timestamp="2024-10-08T18:14:24 IST" skipped="0">
  <testcase classname="com.glendale.test.uniforms.Socks_Test" name="verifyPageTitle" time="8.362"/>
  <system-out/>
</testsuite> <!-- com.glendale.test.uniforms.Socks_Test -->
