<?xml version="1.0" encoding="UTF-8"?>
<!-- Generated by org.testng.reporters.JUnitReportReporter -->
<testsuite hostname="ARISTA113-PC" failures="0" tests="7" name="com.glendale.test.replicaRifles.RifleSlings_Test" time="79.772" errors="0" timestamp="2024-07-11T18:20:11 IST" skipped="0">
  <testcase classname="com.glendale.test.replicaRifles.RifleSlings_Test" name="verifyProductsNameAndPricePresenceAndButtonsEnable" time="8.213"/>
  <system-out/>
  <testcase classname="com.glendale.test.replicaRifles.RifleSlings_Test" name="testSortFunctionality" time="7.466"/>
  <system-out/>
  <testcase classname="com.glendale.test.replicaRifles.RifleSlings_Test" name="verifyPageTitle" time="6.491"/>
  <system-out/>
  <testcase classname="com.glendale.test.replicaRifles.RifleSlings_Test" name="verifyAllFltersEnable" time="6.717"/>
  <system-out/>
  <testcase classname="com.glendale.test.replicaRifles.RifleSlings_Test" name="verifyTextOnThePage" time="36.618"/>
  <system-out/>
  <testcase classname="com.glendale.test.replicaRifles.RifleSlings_Test" name="testPageLoadTime" time="7.479"/>
  <system-out/>
  <testcase classname="com.glendale.test.replicaRifles.RifleSlings_Test" name="verifyPageURL" time="6.788"/>
  <system-out/>
</testsuite> <!-- com.glendale.test.replicaRifles.RifleSlings_Test -->
