<?xml version="1.0" encoding="UTF-8"?>
<!-- Generated by org.testng.reporters.JUnitReportReporter -->
<testsuite hostname="ARISTA113-PC" failures="0" tests="1" name="com.glendale.test.codets.Army_Test" time="27.672" errors="0" timestamp="2024-08-14T16:01:09 IST" skipped="0">
  <testcase classname="com.glendale.test.codets.Army_Test" name="verifyFeaturedCollectionFlagsItems" time="27.672"/>
  <system-out/>
</testsuite> <!-- com.glendale.test.codets.Army_Test -->
