<?xml version="1.0" encoding="UTF-8"?>
<!-- Generated by org.testng.reporters.JUnitReportReporter -->
<testsuite hostname="ARISTA113-PC" failures="0" tests="8" name="com.glendale.test.aboutUs.Blogs_Test" time="87.915" errors="0" timestamp="2024-07-11T18:20:11 IST" skipped="0">
  <testcase classname="com.glendale.test.aboutUs.Blogs_Test" name="verifyBlogTitlePresence" time="7.088"/>
  <system-out/>
  <testcase classname="com.glendale.test.aboutUs.Blogs_Test" name="testPageLoadTime" time="6.634"/>
  <system-out/>
  <testcase classname="com.glendale.test.aboutUs.Blogs_Test" name="verifyNumberOfBlogPosts" time="6.869"/>
  <system-out/>
  <testcase classname="com.glendale.test.aboutUs.Blogs_Test" name="verifyPagination" time="19.201"/>
  <system-out/>
  <testcase classname="com.glendale.test.aboutUs.Blogs_Test" name="verifyPageTitle" time="6.335"/>
  <system-out/>
  <testcase classname="com.glendale.test.aboutUs.Blogs_Test" name="verifyPageURL" time="7.011"/>
  <system-out/>
  <testcase classname="com.glendale.test.aboutUs.Blogs_Test" name="verifyBlogPostTitlesPresence" time="7.181"/>
  <system-out/>
  <testcase classname="com.glendale.test.aboutUs.Blogs_Test" name="verifyReadMoreLinks" time="27.596"/>
  <system-out/>
</testsuite> <!-- com.glendale.test.aboutUs.Blogs_Test -->
