<?xml version="1.0" encoding="UTF-8"?>
<!-- Generated by org.testng.reporters.JUnitReportReporter -->
<testsuite hostname="ARISTA113-PC" failures="0" tests="1" name="com.glendale.test.millitary.AirForce_Test" time="11.350" errors="0" timestamp="2024-10-07T20:00:44 IST" skipped="0">
  <testcase classname="com.glendale.test.millitary.AirForce_Test" name="verifyBunleProductSectionPresenceWithProducts" time="11.350"/>
  <system-out/>
</testsuite> <!-- com.glendale.test.millitary.AirForce_Test -->
