<?xml version="1.0" encoding="UTF-8"?>
<!-- Generated by org.testng.reporters.JUnitReportReporter -->
<testsuite hostname="ARISTA113-PC" failures="0" tests="9" name="com.glendale.test.uniforms.RibbonsMountsAndMedals_Test" time="80.543" errors="0" timestamp="2024-10-08T18:02:36 IST" skipped="0">
  <testcase classname="com.glendale.test.uniforms.RibbonsMountsAndMedals_Test" name="verifyProductButtonAddToCartAndSelectPresenceAndClickable" time="4.845"/>
  <system-out/>
  <testcase classname="com.glendale.test.uniforms.RibbonsMountsAndMedals_Test" name="verifyTextPresenceAndFontSize" time="5.940"/>
  <system-out/>
  <testcase classname="com.glendale.test.uniforms.RibbonsMountsAndMedals_Test" name="testSortFunctionality" time="7.933"/>
  <system-out/>
  <testcase classname="com.glendale.test.uniforms.RibbonsMountsAndMedals_Test" name="verifyPaginationRedirection" time="22.924"/>
  <system-out/>
  <testcase classname="com.glendale.test.uniforms.RibbonsMountsAndMedals_Test" name="verifyPaginationEnable" time="6.915"/>
  <system-out/>
  <testcase classname="com.glendale.test.uniforms.RibbonsMountsAndMedals_Test" name="verifyPageURL" time="6.075"/>
  <system-out/>
  <testcase classname="com.glendale.test.uniforms.RibbonsMountsAndMedals_Test" name="verifyProductsNameAndPricePresenceAndButtonsEnable" time="11.841"/>
  <system-out/>
  <testcase classname="com.glendale.test.uniforms.RibbonsMountsAndMedals_Test" name="verifyAllFltersEnable" time="8.119"/>
  <system-out/>
  <testcase classname="com.glendale.test.uniforms.RibbonsMountsAndMedals_Test" name="verifyPageTitle" time="5.951"/>
  <system-out/>
</testsuite> <!-- com.glendale.test.uniforms.RibbonsMountsAndMedals_Test -->
