<?xml version="1.0" encoding="UTF-8"?>
<!-- Generated by org.testng.reporters.JUnitReportReporter -->
<testsuite hostname="ARISTA113-PC" failures="0" tests="1" name="com.glendale.test.Millitary_Test" time="31.559" errors="0" timestamp="2024-07-02T14:53:55 IST" skipped="0">
  <testcase classname="com.glendale.test.Millitary_Test" name="verifyTest" time="31.559"/>
  <system-out/>
</testsuite> <!-- com.glendale.test.Millitary_Test -->
