<?xml version="1.0" encoding="UTF-8"?>
<!-- Generated by org.testng.reporters.JUnitReportReporter -->
<testsuite hostname="ARISTA113-PC" failures="0" tests="7" name="com.glendale.test.aboutUs.ContactUs_Test" time="60.187" errors="0" timestamp="2024-10-04T21:38:48 IST" skipped="0">
  <testcase classname="com.glendale.test.aboutUs.ContactUs_Test" name="verifyAddressSection" time="17.154"/>
  <system-out/>
  <testcase classname="com.glendale.test.aboutUs.ContactUs_Test" name="verifyPageURL" time="8.177"/>
  <system-out/>
  <testcase classname="com.glendale.test.aboutUs.ContactUs_Test" name="verifyPageTitle" time="6.775"/>
  <system-out/>
  <testcase classname="com.glendale.test.aboutUs.ContactUs_Test" name="verifyPhoneSection" time="6.935"/>
  <system-out/>
  <testcase classname="com.glendale.test.aboutUs.ContactUs_Test" name="testPageLoadTime" time="6.820"/>
  <system-out/>
  <testcase classname="com.glendale.test.aboutUs.ContactUs_Test" name="verifyEmailSection" time="7.328"/>
  <system-out/>
  <testcase classname="com.glendale.test.aboutUs.ContactUs_Test" name="verifyHeading" time="6.998"/>
  <system-out/>
</testsuite> <!-- com.glendale.test.aboutUs.ContactUs_Test -->
