<?xml version="1.0" encoding="UTF-8"?>
<!-- Generated by org.testng.reporters.JUnitReportReporter -->
<testsuite hostname="ARISTA113-PC" failures="0" tests="1" name="com.glendale.test.aboutUs.Blogs_Test" time="57.483" errors="0" timestamp="2024-08-14T15:41:48 IST" skipped="0">
  <testcase classname="com.glendale.test.aboutUs.Blogs_Test" name="verifyReadMoreLinks" time="57.483"/>
  <system-out/>
</testsuite> <!-- com.glendale.test.aboutUs.Blogs_Test -->
