<?xml version="1.0" encoding="UTF-8"?>
<!-- Generated by org.testng.reporters.JUnitReportReporter -->
<testsuite hostname="ARISTA113-PC" failures="0" tests="6" name="com.glendale.test.firstResponder.BadgeHoldersWallets_Test" time="45.139" errors="0" timestamp="2024-10-07T17:48:35 IST" skipped="0">
  <testcase classname="com.glendale.test.firstResponder.BadgeHoldersWallets_Test" name="verifyProductsNameAndPricePresenceAndButtonsEnable" time="7.727"/>
  <system-out/>
  <testcase classname="com.glendale.test.firstResponder.BadgeHoldersWallets_Test" name="verifyAllFltersEnable" time="7.209"/>
  <system-out/>
  <testcase classname="com.glendale.test.firstResponder.BadgeHoldersWallets_Test" name="verifyPageTitle" time="7.203"/>
  <system-out/>
  <testcase classname="com.glendale.test.firstResponder.BadgeHoldersWallets_Test" name="verifyPageURL" time="7.718"/>
  <system-out/>
  <testcase classname="com.glendale.test.firstResponder.BadgeHoldersWallets_Test" name="testPageLoadTime" time="7.679"/>
  <system-out/>
  <testcase classname="com.glendale.test.firstResponder.BadgeHoldersWallets_Test" name="testSortFunctionality" time="7.603"/>
  <system-out/>
</testsuite> <!-- com.glendale.test.firstResponder.BadgeHoldersWallets_Test -->
