<?xml version="1.0" encoding="UTF-8"?>
<!-- Generated by org.testng.reporters.JUnitReportReporter -->
<testsuite hostname="ARISTA113-PC" failures="0" tests="7" name="com.glendale.test.aboutUs.ContactUs_Test" time="51.608" errors="0" timestamp="2024-08-09T17:38:42 IST" skipped="0">
  <testcase classname="com.glendale.test.aboutUs.ContactUs_Test" name="verifyEmailSection" time="6.905"/>
  <system-out/>
  <testcase classname="com.glendale.test.aboutUs.ContactUs_Test" name="verifyPageTitle" time="6.775"/>
  <system-out/>
  <testcase classname="com.glendale.test.aboutUs.ContactUs_Test" name="verifyHeading" time="6.764"/>
  <system-out/>
  <testcase classname="com.glendale.test.aboutUs.ContactUs_Test" name="verifyPhoneSection" time="7.883"/>
  <system-out/>
  <testcase classname="com.glendale.test.aboutUs.ContactUs_Test" name="testPageLoadTime" time="8.034"/>
  <system-out/>
  <testcase classname="com.glendale.test.aboutUs.ContactUs_Test" name="verifyAddressSection" time="8.731"/>
  <system-out/>
  <testcase classname="com.glendale.test.aboutUs.ContactUs_Test" name="verifyPageURL" time="6.516"/>
  <system-out/>
</testsuite> <!-- com.glendale.test.aboutUs.ContactUs_Test -->
