<?xml version="1.0" encoding="UTF-8"?>
<!-- Generated by org.testng.reporters.JUnitReportReporter -->
<testsuite hostname="ARISTA113-PC" failures="0" tests="14" name="com.glendale.test.flags.AllFlags_Test" time="291.471" errors="0" timestamp="2024-10-07T18:06:43 IST" skipped="0">
  <testcase classname="com.glendale.test.flags.AllFlags_Test" name="verifyFeaturedCollectionFlagAccessoriesSection" time="31.679"/>
  <system-out/>
  <testcase classname="com.glendale.test.flags.AllFlags_Test" name="verifyPageTitle" time="7.336"/>
  <system-out/>
  <testcase classname="com.glendale.test.flags.AllFlags_Test" name="verifyIconsBelowTheBestSellersIsPresenceAndNavigation" time="58.168"/>
  <system-out/>
  <testcase classname="com.glendale.test.flags.AllFlags_Test" name="verifyBundleProducts" time="6.924"/>
  <system-out/>
  <testcase classname="com.glendale.test.flags.AllFlags_Test" name="verifyTextOnTheBanner" time="7.271"/>
  <system-out/>
  <testcase classname="com.glendale.test.flags.AllFlags_Test" name="verifyFeaturedCollectionMillitarySection" time="47.962"/>
  <system-out/>
  <testcase classname="com.glendale.test.flags.AllFlags_Test" name="verifyPageURL" time="7.217"/>
  <system-out/>
  <testcase classname="com.glendale.test.flags.AllFlags_Test" name="verifyFeaturedCollectionUSFlagsSection" time="47.373"/>
  <system-out/>
  <testcase classname="com.glendale.test.flags.AllFlags_Test" name="verifyFeaturedCollectionInternationalSection" time="16.374"/>
  <system-out/>
  <testcase classname="com.glendale.test.flags.AllFlags_Test" name="testPageLoadTime" time="7.350"/>
  <system-out/>
  <testcase classname="com.glendale.test.flags.AllFlags_Test" name="verifyBannerIsPresence" time="6.349"/>
  <system-out/>
  <testcase classname="com.glendale.test.flags.AllFlags_Test" name="verifyBestSellersSectionPresence" time="7.164"/>
  <system-out/>
  <testcase classname="com.glendale.test.flags.AllFlags_Test" name="verifyFeaturedCollectionJROTCSection" time="20.607"/>
  <system-out/>
  <testcase classname="com.glendale.test.flags.AllFlags_Test" name="verifyFeaturedCollectionStateAndTerritorialSection" time="19.697"/>
  <system-out/>
</testsuite> <!-- com.glendale.test.flags.AllFlags_Test -->
