<?xml version="1.0" encoding="UTF-8"?>
<!-- Generated by org.testng.reporters.JUnitReportReporter -->
<testsuite hostname="ARISTA113-PC" failures="0" tests="9" name="com.glendale.test.uniforms.ShoulderCords_Test" time="79.792" errors="0" timestamp="2024-10-08T18:05:37 IST" skipped="0">
  <testcase classname="com.glendale.test.uniforms.ShoulderCords_Test" name="testSortFunctionality" time="7.257"/>
  <system-out/>
  <testcase classname="com.glendale.test.uniforms.ShoulderCords_Test" name="verifyAllFltersEnable" time="7.250"/>
  <system-out/>
  <testcase classname="com.glendale.test.uniforms.ShoulderCords_Test" name="verifyPageTitle" time="7.722"/>
  <system-out/>
  <testcase classname="com.glendale.test.uniforms.ShoulderCords_Test" name="verifyPageURL" time="6.138"/>
  <system-out/>
  <testcase classname="com.glendale.test.uniforms.ShoulderCords_Test" name="verifyPaginationEnable" time="7.125"/>
  <system-out/>
  <testcase classname="com.glendale.test.uniforms.ShoulderCords_Test" name="verifyTextPresenceAndFontSize" time="6.900"/>
  <system-out/>
  <testcase classname="com.glendale.test.uniforms.ShoulderCords_Test" name="verifyProductButtonAddToCartAndSelectPresenceAndClickable" time="4.992"/>
  <system-out/>
  <testcase classname="com.glendale.test.uniforms.ShoulderCords_Test" name="verifyPaginationRedirection" time="24.578"/>
  <system-out/>
  <testcase classname="com.glendale.test.uniforms.ShoulderCords_Test" name="verifyProductsNameAndPricePresenceAndButtonsEnable" time="7.830"/>
  <system-out/>
</testsuite> <!-- com.glendale.test.uniforms.ShoulderCords_Test -->
