<?xml version="1.0" encoding="UTF-8"?>
<!-- Generated by org.testng.reporters.JUnitReportReporter -->
<testsuite hostname="ARISTA113-PC" failures="0" tests="12" name="com.glendale.test.firstResponder.AllFirstResponder_Test" time="195.525" errors="0" timestamp="2024-08-09T18:33:48 IST" skipped="0">
  <testcase classname="com.glendale.test.firstResponder.AllFirstResponder_Test" name="verifyCustomFlagsSectionPresenceAndRediredirection" time="11.367"/>
  <system-out/>
  <testcase classname="com.glendale.test.firstResponder.AllFirstResponder_Test" name="verifyIconsBelowTheBestSellersIsPresenceAndNavigation" time="38.726"/>
  <system-out/>
  <testcase classname="com.glendale.test.firstResponder.AllFirstResponder_Test" name="testPageLoadTime" time="6.709"/>
  <system-out/>
  <testcase classname="com.glendale.test.firstResponder.AllFirstResponder_Test" name="verifyPageTitle" time="9.709"/>
  <system-out/>
  <testcase classname="com.glendale.test.firstResponder.AllFirstResponder_Test" name="verifyDesignYourOwnBadgeSectionPresenceAndRediredirection" time="13.716"/>
  <system-out/>
  <testcase classname="com.glendale.test.firstResponder.AllFirstResponder_Test" name="verifyTextOnTheBanner" time="7.690"/>
  <system-out/>
  <testcase classname="com.glendale.test.firstResponder.AllFirstResponder_Test" name="verifyPageURL" time="7.114"/>
  <system-out/>
  <testcase classname="com.glendale.test.firstResponder.AllFirstResponder_Test" name="verifyBannerIsPresence" time="7.468"/>
  <system-out/>
  <testcase classname="com.glendale.test.firstResponder.AllFirstResponder_Test" name="verifyFeaturedCollectionAccessories" time="35.466"/>
  <system-out/>
  <testcase classname="com.glendale.test.firstResponder.AllFirstResponder_Test" name="verifyFeaturedCollectionUniformItems" time="24.476"/>
  <system-out/>
  <testcase classname="com.glendale.test.firstResponder.AllFirstResponder_Test" name="verifyFeaturedCollectionFlagsSection" time="25.353"/>
  <system-out/>
  <testcase classname="com.glendale.test.firstResponder.AllFirstResponder_Test" name="verifyBundleProducts" time="7.731"/>
  <system-out/>
</testsuite> <!-- com.glendale.test.firstResponder.AllFirstResponder_Test -->
