<?xml version="1.0" encoding="UTF-8"?>
<!-- Generated by org.testng.reporters.JUnitReportReporter -->
<testsuite hostname="ARISTA113-PC" failures="0" tests="14" name="com.glendale.test.flags.AllFlags_Test" time="311.963" errors="0" timestamp="2024-08-13T13:52:10 IST" skipped="0">
  <testcase classname="com.glendale.test.flags.AllFlags_Test" name="verifyBannerIsPresence" time="6.890"/>
  <system-out/>
  <testcase classname="com.glendale.test.flags.AllFlags_Test" name="verifyFeaturedCollectionStateAndTerritorialSection" time="22.286"/>
  <system-out/>
  <testcase classname="com.glendale.test.flags.AllFlags_Test" name="verifyFeaturedCollectionJROTCSection" time="22.629"/>
  <system-out/>
  <testcase classname="com.glendale.test.flags.AllFlags_Test" name="verifyFeaturedCollectionUSFlagsSection" time="53.381"/>
  <system-out/>
  <testcase classname="com.glendale.test.flags.AllFlags_Test" name="verifyBestSellersSectionPresence" time="7.386"/>
  <system-out/>
  <testcase classname="com.glendale.test.flags.AllFlags_Test" name="verifyIconsBelowTheBestSellersIsPresenceAndNavigation" time="42.472"/>
  <system-out/>
  <testcase classname="com.glendale.test.flags.AllFlags_Test" name="verifyFeaturedCollectionMillitarySection" time="60.512"/>
  <system-out/>
  <testcase classname="com.glendale.test.flags.AllFlags_Test" name="verifyBundleProducts" time="7.414"/>
  <system-out/>
  <testcase classname="com.glendale.test.flags.AllFlags_Test" name="verifyPageURL" time="8.830"/>
  <system-out/>
  <testcase classname="com.glendale.test.flags.AllFlags_Test" name="verifyFeaturedCollectionFlagAccessoriesSection" time="37.460"/>
  <system-out/>
  <testcase classname="com.glendale.test.flags.AllFlags_Test" name="verifyFeaturedCollectionInternationalSection" time="17.293"/>
  <system-out/>
  <testcase classname="com.glendale.test.flags.AllFlags_Test" name="testPageLoadTime" time="8.385"/>
  <system-out/>
  <testcase classname="com.glendale.test.flags.AllFlags_Test" name="verifyPageTitle" time="8.157"/>
  <system-out/>
  <testcase classname="com.glendale.test.flags.AllFlags_Test" name="verifyTextOnTheBanner" time="8.868"/>
  <system-out/>
</testsuite> <!-- com.glendale.test.flags.AllFlags_Test -->
