<?xml version="1.0" encoding="UTF-8"?>
<!-- Generated by org.testng.reporters.JUnitReportReporter -->
<testsuite hostname="ARISTA113-PC" failures="0" tests="8" name="com.glendale.test.uniforms.HatsAndCarriers_Test" time="72.221" errors="0" timestamp="2024-08-13T13:52:10 IST" skipped="0">
  <testcase classname="com.glendale.test.uniforms.HatsAndCarriers_Test" name="verifyProductsNameAndPricePresenceAndButtonsEnable" time="8.806"/>
  <system-out/>
  <testcase classname="com.glendale.test.uniforms.HatsAndCarriers_Test" name="verifyProductButtonAddToCartAndSelectPresenceAndClickable" time="5.529"/>
  <system-out/>
  <testcase classname="com.glendale.test.uniforms.HatsAndCarriers_Test" name="verifyPaginationRedirection" time="16.727"/>
  <system-out/>
  <testcase classname="com.glendale.test.uniforms.HatsAndCarriers_Test" name="verifyPaginationEnable" time="8.237"/>
  <system-out/>
  <testcase classname="com.glendale.test.uniforms.HatsAndCarriers_Test" name="verifyAllFltersEnable" time="7.008"/>
  <system-out/>
  <testcase classname="com.glendale.test.uniforms.HatsAndCarriers_Test" name="verifyPageURL" time="8.133"/>
  <system-out/>
  <testcase classname="com.glendale.test.uniforms.HatsAndCarriers_Test" name="testSortFunctionality" time="9.434"/>
  <system-out/>
  <testcase classname="com.glendale.test.uniforms.HatsAndCarriers_Test" name="verifyPageTitle" time="8.347"/>
  <system-out/>
</testsuite> <!-- com.glendale.test.uniforms.HatsAndCarriers_Test -->
