<?xml version="1.0" encoding="UTF-8"?>
<!-- Generated by org.testng.reporters.JUnitReportReporter -->
<testsuite hostname="ARISTA113-PC" failures="0" tests="11" name="com.glendale.test.millitary.SpaceForce_Test" time="194.773" errors="0" timestamp="2024-08-09T15:54:30 IST" skipped="0">
  <testcase classname="com.glendale.test.millitary.SpaceForce_Test" name="verifyTextOnTheBanner" time="8.037"/>
  <system-out/>
  <testcase classname="com.glendale.test.millitary.SpaceForce_Test" name="verifyFeaturedCollectionUniformItems" time="24.141"/>
  <system-out/>
  <testcase classname="com.glendale.test.millitary.SpaceForce_Test" name="verifyFlagsSectionPresenceAndRediredirection" time="9.183"/>
  <system-out/>
  <testcase classname="com.glendale.test.millitary.SpaceForce_Test" name="verifyBestSellersSectionPresence" time="6.700"/>
  <system-out/>
  <testcase classname="com.glendale.test.millitary.SpaceForce_Test" name="verifyBannerIsPresenceAndShopNowButtonRedirection" time="12.456"/>
  <system-out/>
  <testcase classname="com.glendale.test.millitary.SpaceForce_Test" name="verifyCustomFlagsSectionPresenceAndRediredirection" time="9.554"/>
  <system-out/>
  <testcase classname="com.glendale.test.millitary.SpaceForce_Test" name="verifyBunleProductSectionPresenceWithProducts" time="6.800"/>
  <system-out/>
  <testcase classname="com.glendale.test.millitary.SpaceForce_Test" name="verifyFeaturedCollectionFlags" time="24.826"/>
  <system-out/>
  <testcase classname="com.glendale.test.millitary.SpaceForce_Test" name="verifyIconsBelowTheBestSellersIsPresenceAndNavigation" time="41.841"/>
  <system-out/>
  <testcase classname="com.glendale.test.millitary.SpaceForce_Test" name="verifyFeaturedCollectionCeremonialItems" time="24.324"/>
  <system-out/>
  <testcase classname="com.glendale.test.millitary.SpaceForce_Test" name="verifyFeaturedCollectionFlagAccessories" time="26.911"/>
  <system-out/>
</testsuite> <!-- com.glendale.test.millitary.SpaceForce_Test -->
