<?xml version="1.0" encoding="UTF-8"?>
<!-- Generated by org.testng.reporters.JUnitReportReporter -->
<testsuite hostname="ARISTA113-PC" failures="0" tests="9" name="com.glendale.test.flags.FlagCoversAndCases_Test" time="92.748" errors="0" timestamp="2024-08-13T13:52:10 IST" skipped="0">
  <testcase classname="com.glendale.test.flags.FlagCoversAndCases_Test" name="verifyTextOnThePage" time="7.044"/>
  <system-out/>
  <testcase classname="com.glendale.test.flags.FlagCoversAndCases_Test" name="testPageLoadTime" time="9.889"/>
  <system-out/>
  <testcase classname="com.glendale.test.flags.FlagCoversAndCases_Test" name="verifyPaginationRedirection" time="21.310"/>
  <system-out/>
  <testcase classname="com.glendale.test.flags.FlagCoversAndCases_Test" name="testSortFunctionality" time="8.336"/>
  <system-out/>
  <testcase classname="com.glendale.test.flags.FlagCoversAndCases_Test" name="verifyPageURL" time="7.600"/>
  <system-out/>
  <testcase classname="com.glendale.test.flags.FlagCoversAndCases_Test" name="verifyPaginationEnable" time="8.136"/>
  <system-out/>
  <testcase classname="com.glendale.test.flags.FlagCoversAndCases_Test" name="verifyPageTitle" time="11.392"/>
  <system-out/>
  <testcase classname="com.glendale.test.flags.FlagCoversAndCases_Test" name="verifyAllFltersEnable" time="8.892"/>
  <system-out/>
  <testcase classname="com.glendale.test.flags.FlagCoversAndCases_Test" name="verifyProductsNameAndPricePresenceAndButtonsEnable" time="10.149"/>
  <system-out/>
</testsuite> <!-- com.glendale.test.flags.FlagCoversAndCases_Test -->
