<?xml version="1.0" encoding="UTF-8"?>
<!-- Generated by org.testng.reporters.JUnitReportReporter -->
<testsuite hostname="ARISTA113-PC" failures="0" tests="1" name="com.glendale.test.HomePageTest" time="6.661" errors="0" timestamp="2024-10-04T21:13:39 IST" skipped="0">
  <testcase classname="com.glendale.test.HomePageTest" name="verifyBannerPresence" time="6.661"/>
  <system-out/>
</testsuite> <!-- com.glendale.test.HomePageTest -->
