<?xml version="1.0" encoding="UTF-8"?>
<!-- Generated by org.testng.reporters.JUnitReportReporter -->
<testsuite hostname="ARISTA113-PC" failures="0" tests="11" name="com.glendale.test.millitary.MarineCorps_Test" time="195.715" errors="0" timestamp="2024-10-07T20:42:40 IST" skipped="0">
  <testcase classname="com.glendale.test.millitary.MarineCorps_Test" name="verifyFeaturedCollectionFlagAccessories" time="26.074"/>
  <system-out/>
  <testcase classname="com.glendale.test.millitary.MarineCorps_Test" name="verifyBunleProductSectionPresenceWithProducts" time="6.201"/>
  <system-out/>
  <testcase classname="com.glendale.test.millitary.MarineCorps_Test" name="verifyBannerIsPresenceAndShopNowButtonRedirection" time="12.260"/>
  <system-out/>
  <testcase classname="com.glendale.test.millitary.MarineCorps_Test" name="verifyCustomFlagsSectionPresenceAndRediredirection" time="9.684"/>
  <system-out/>
  <testcase classname="com.glendale.test.millitary.MarineCorps_Test" name="verifyIconsBelowTheBestSellersIsPresenceAndNavigation" time="39.068"/>
  <system-out/>
  <testcase classname="com.glendale.test.millitary.MarineCorps_Test" name="verifyTextOnTheBanner" time="8.380"/>
  <system-out/>
  <testcase classname="com.glendale.test.millitary.MarineCorps_Test" name="verifyFeaturedCollectionFlags" time="24.672"/>
  <system-out/>
  <testcase classname="com.glendale.test.millitary.MarineCorps_Test" name="verifyBestSellersSectionPresence" time="7.667"/>
  <system-out/>
  <testcase classname="com.glendale.test.millitary.MarineCorps_Test" name="verifyFlagsSectionPresenceAndRediredirection" time="10.132"/>
  <system-out/>
  <testcase classname="com.glendale.test.millitary.MarineCorps_Test" name="verifyFeaturedCollectionUniformItems" time="26.236"/>
  <system-out/>
  <testcase classname="com.glendale.test.millitary.MarineCorps_Test" name="verifyFeaturedCollectionCeremonialItems" time="25.341"/>
  <system-out/>
</testsuite> <!-- com.glendale.test.millitary.MarineCorps_Test -->
