<?xml version="1.0" encoding="UTF-8"?>
<!-- Generated by org.testng.reporters.JUnitReportReporter -->
<testsuite hostname="ARISTA113-PC" failures="0" tests="9" name="com.glendale.test.uniforms.OtherCords_Test" time="85.498" errors="0" timestamp="2024-08-13T13:52:10 IST" skipped="0">
  <testcase classname="com.glendale.test.uniforms.OtherCords_Test" name="testSortFunctionality" time="7.773"/>
  <system-out/>
  <testcase classname="com.glendale.test.uniforms.OtherCords_Test" name="verifyAllFltersEnable" time="7.112"/>
  <system-out/>
  <testcase classname="com.glendale.test.uniforms.OtherCords_Test" name="verifyPageTitle" time="6.705"/>
  <system-out/>
  <testcase classname="com.glendale.test.uniforms.OtherCords_Test" name="verifyTextPresenceAndFontSize" time="6.831"/>
  <system-out/>
  <testcase classname="com.glendale.test.uniforms.OtherCords_Test" name="verifyPaginationRedirection" time="22.924"/>
  <system-out/>
  <testcase classname="com.glendale.test.uniforms.OtherCords_Test" name="verifyPageURL" time="9.067"/>
  <system-out/>
  <testcase classname="com.glendale.test.uniforms.OtherCords_Test" name="verifyProductButtonAddToCartAndSelectPresenceAndClickable" time="5.559"/>
  <system-out/>
  <testcase classname="com.glendale.test.uniforms.OtherCords_Test" name="verifyPaginationEnable" time="9.910"/>
  <system-out/>
  <testcase classname="com.glendale.test.uniforms.OtherCords_Test" name="verifyProductsNameAndPricePresenceAndButtonsEnable" time="9.617"/>
  <system-out/>
</testsuite> <!-- com.glendale.test.uniforms.OtherCords_Test -->
