<?xml version="1.0" encoding="UTF-8"?>
<!-- Generated by org.testng.reporters.JUnitReportReporter -->
<testsuite hostname="ARISTA113-PC" failures="0" tests="9" name="com.glendale.test.replicaRifles.RifleAccessories_Test" time="83.928" errors="0" timestamp="2024-10-07T21:00:20 IST" skipped="0">
  <testcase classname="com.glendale.test.replicaRifles.RifleAccessories_Test" name="testPageLoadTime" time="7.650"/>
  <system-out/>
  <testcase classname="com.glendale.test.replicaRifles.RifleAccessories_Test" name="testSortFunctionality" time="7.987"/>
  <system-out/>
  <testcase classname="com.glendale.test.replicaRifles.RifleAccessories_Test" name="verifyTextOnThePage" time="7.305"/>
  <system-out/>
  <testcase classname="com.glendale.test.replicaRifles.RifleAccessories_Test" name="verifyPageTitle" time="7.150"/>
  <system-out/>
  <testcase classname="com.glendale.test.replicaRifles.RifleAccessories_Test" name="verifyPaginationRedirection" time="22.752"/>
  <system-out/>
  <testcase classname="com.glendale.test.replicaRifles.RifleAccessories_Test" name="verifyPageURL" time="7.207"/>
  <system-out/>
  <testcase classname="com.glendale.test.replicaRifles.RifleAccessories_Test" name="verifyPaginationEnable" time="7.912"/>
  <system-out/>
  <testcase classname="com.glendale.test.replicaRifles.RifleAccessories_Test" name="verifyAllFltersEnable" time="7.697"/>
  <system-out/>
  <testcase classname="com.glendale.test.replicaRifles.RifleAccessories_Test" name="verifyProductsNameAndPricePresenceAndButtonsEnable" time="8.268"/>
  <system-out/>
</testsuite> <!-- com.glendale.test.replicaRifles.RifleAccessories_Test -->
