<?xml version="1.0" encoding="UTF-8"?>
<!-- Generated by org.testng.reporters.JUnitReportReporter -->
<testsuite hostname="ARISTA113-PC" failures="0" tests="7" name="com.glendale.test.replicaRifles.Rifles_Test" time="53.421" errors="0" timestamp="2024-10-07T21:04:44 IST" skipped="0">
  <testcase classname="com.glendale.test.replicaRifles.Rifles_Test" name="verifyAllFltersEnable" time="7.055"/>
  <system-out/>
  <testcase classname="com.glendale.test.replicaRifles.Rifles_Test" name="verifyPageTitle" time="8.246"/>
  <system-out/>
  <testcase classname="com.glendale.test.replicaRifles.Rifles_Test" name="verifyTextOnThePage" time="7.377"/>
  <system-out/>
  <testcase classname="com.glendale.test.replicaRifles.Rifles_Test" name="verifyProductsNameAndPricePresenceAndButtonsEnable" time="8.011"/>
  <system-out/>
  <testcase classname="com.glendale.test.replicaRifles.Rifles_Test" name="testSortFunctionality" time="7.903"/>
  <system-out/>
  <testcase classname="com.glendale.test.replicaRifles.Rifles_Test" name="testPageLoadTime" time="7.911"/>
  <system-out/>
  <testcase classname="com.glendale.test.replicaRifles.Rifles_Test" name="verifyPageURL" time="6.918"/>
  <system-out/>
</testsuite> <!-- com.glendale.test.replicaRifles.Rifles_Test -->
