<?xml version="1.0" encoding="UTF-8"?>
<!-- Generated by org.testng.reporters.JUnitReportReporter -->
<testsuite hostname="ARISTA113-PC" failures="0" tests="6" name="com.glendale.test.uniforms.GarmentsAndGearBags_Test" time="42.722" errors="0" timestamp="2024-10-08T17:54:28 IST" skipped="0">
  <testcase classname="com.glendale.test.uniforms.GarmentsAndGearBags_Test" name="testSortFunctionality" time="7.030"/>
  <system-out/>
  <testcase classname="com.glendale.test.uniforms.GarmentsAndGearBags_Test" name="verifyPageTitle" time="6.972"/>
  <system-out/>
  <testcase classname="com.glendale.test.uniforms.GarmentsAndGearBags_Test" name="verifyProductButtonAddToCartAndSelectPresenceAndClickable" time="5.357"/>
  <system-out/>
  <testcase classname="com.glendale.test.uniforms.GarmentsAndGearBags_Test" name="verifyAllFltersEnable" time="7.654"/>
  <system-out/>
  <testcase classname="com.glendale.test.uniforms.GarmentsAndGearBags_Test" name="verifyPageURL" time="7.997"/>
  <system-out/>
  <testcase classname="com.glendale.test.uniforms.GarmentsAndGearBags_Test" name="verifyProductsNameAndPricePresenceAndButtonsEnable" time="7.712"/>
  <system-out/>
</testsuite> <!-- com.glendale.test.uniforms.GarmentsAndGearBags_Test -->
