<?xml version="1.0" encoding="UTF-8"?>
<!-- Generated by org.testng.reporters.JUnitReportReporter -->
<testsuite hostname="ARISTA113-PC" failures="0" tests="9" name="com.glendale.test.uniforms.OtherCords_Test" time="78.683" errors="0" timestamp="2024-07-11T18:20:11 IST" skipped="0">
  <testcase classname="com.glendale.test.uniforms.OtherCords_Test" name="verifyPaginationRedirection" time="21.575"/>
  <system-out/>
  <testcase classname="com.glendale.test.uniforms.OtherCords_Test" name="verifyProductsNameAndPricePresenceAndButtonsEnable" time="8.549"/>
  <system-out/>
  <testcase classname="com.glendale.test.uniforms.OtherCords_Test" name="verifyProductButtonAddToCartAndSelectPresenceAndClickable" time="4.528"/>
  <system-out/>
  <testcase classname="com.glendale.test.uniforms.OtherCords_Test" name="verifyAllFltersEnable" time="7.395"/>
  <system-out/>
  <testcase classname="com.glendale.test.uniforms.OtherCords_Test" name="verifyPaginationEnable" time="6.854"/>
  <system-out/>
  <testcase classname="com.glendale.test.uniforms.OtherCords_Test" name="verifyPageURL" time="6.556"/>
  <system-out/>
  <testcase classname="com.glendale.test.uniforms.OtherCords_Test" name="verifyPageTitle" time="6.841"/>
  <system-out/>
  <testcase classname="com.glendale.test.uniforms.OtherCords_Test" name="testSortFunctionality" time="9.567"/>
  <system-out/>
  <testcase classname="com.glendale.test.uniforms.OtherCords_Test" name="verifyTextPresenceAndFontSize" time="6.818"/>
  <system-out/>
</testsuite> <!-- com.glendale.test.uniforms.OtherCords_Test -->
