<?xml version="1.0" encoding="UTF-8"?>
<!-- Generated by org.testng.reporters.JUnitReportReporter -->
<testsuite hostname="ARISTA113-PC" failures="0" tests="9" name="com.glendale.test.uniforms.AchievementMedals_Test" time="91.363" errors="0" timestamp="2024-07-11T18:20:11 IST" skipped="0">
  <testcase classname="com.glendale.test.uniforms.AchievementMedals_Test" name="verifyPaginationEnable" time="6.875"/>
  <system-out/>
  <testcase classname="com.glendale.test.uniforms.AchievementMedals_Test" name="verifyProductsNameAndPricePresenceAndButtonsEnable" time="7.150"/>
  <system-out/>
  <testcase classname="com.glendale.test.uniforms.AchievementMedals_Test" name="verifyTextPresenceAndFontSize" time="6.840"/>
  <system-out/>
  <testcase classname="com.glendale.test.uniforms.AchievementMedals_Test" name="verifyAllFltersEnable" time="6.972"/>
  <system-out/>
  <testcase classname="com.glendale.test.uniforms.AchievementMedals_Test" name="verifyProductButtonAddToCartAndSelectPresenceAndClickable" time="4.451"/>
  <system-out/>
  <testcase classname="com.glendale.test.uniforms.AchievementMedals_Test" name="verifyPageURL" time="6.305"/>
  <system-out/>
  <testcase classname="com.glendale.test.uniforms.AchievementMedals_Test" name="verifyPaginationRedirection" time="38.064"/>
  <system-out/>
  <testcase classname="com.glendale.test.uniforms.AchievementMedals_Test" name="testSortFunctionality" time="7.833"/>
  <system-out/>
  <testcase classname="com.glendale.test.uniforms.AchievementMedals_Test" name="verifyPageTitle" time="6.873"/>
  <system-out/>
</testsuite> <!-- com.glendale.test.uniforms.AchievementMedals_Test -->
