<?xml version="1.0" encoding="UTF-8"?>
<!-- Generated by org.testng.reporters.JUnitReportReporter -->
<testsuite hostname="ARISTA113-PC" failures="0" tests="9" name="com.glendale.test.uniforms.PinsAndTabs_Test" time="89.557" errors="0" timestamp="2024-08-13T13:52:10 IST" skipped="0">
  <testcase classname="com.glendale.test.uniforms.PinsAndTabs_Test" name="verifyPaginationRedirection" time="31.162"/>
  <system-out/>
  <testcase classname="com.glendale.test.uniforms.PinsAndTabs_Test" name="verifyPageURL" time="6.945"/>
  <system-out/>
  <testcase classname="com.glendale.test.uniforms.PinsAndTabs_Test" name="verifyProductButtonAddToCartAndSelectPresenceAndClickable" time="4.302"/>
  <system-out/>
  <testcase classname="com.glendale.test.uniforms.PinsAndTabs_Test" name="verifyProductsNameAndPricePresenceAndButtonsEnable" time="8.007"/>
  <system-out/>
  <testcase classname="com.glendale.test.uniforms.PinsAndTabs_Test" name="verifyPageTitle" time="8.373"/>
  <system-out/>
  <testcase classname="com.glendale.test.uniforms.PinsAndTabs_Test" name="verifyPaginationEnable" time="6.784"/>
  <system-out/>
  <testcase classname="com.glendale.test.uniforms.PinsAndTabs_Test" name="verifyTextPresenceAndFontSize" time="7.222"/>
  <system-out/>
  <testcase classname="com.glendale.test.uniforms.PinsAndTabs_Test" name="verifyAllFltersEnable" time="8.040"/>
  <system-out/>
  <testcase classname="com.glendale.test.uniforms.PinsAndTabs_Test" name="testSortFunctionality" time="8.722"/>
  <system-out/>
</testsuite> <!-- com.glendale.test.uniforms.PinsAndTabs_Test -->
