<?xml version="1.0" encoding="UTF-8"?>
<!-- Generated by org.testng.reporters.JUnitReportReporter -->
<testsuite hostname="ARISTA113-PC" failures="0" tests="8" name="com.glendale.test.uniforms.HatsAndCarriers_Test" time="62.770" errors="0" timestamp="2024-10-08T17:57:00 IST" skipped="0">
  <testcase classname="com.glendale.test.uniforms.HatsAndCarriers_Test" name="testSortFunctionality" time="8.827"/>
  <system-out/>
  <testcase classname="com.glendale.test.uniforms.HatsAndCarriers_Test" name="verifyAllFltersEnable" time="6.438"/>
  <system-out/>
  <testcase classname="com.glendale.test.uniforms.HatsAndCarriers_Test" name="verifyPaginationEnable" time="5.831"/>
  <system-out/>
  <testcase classname="com.glendale.test.uniforms.HatsAndCarriers_Test" name="verifyProductButtonAddToCartAndSelectPresenceAndClickable" time="4.912"/>
  <system-out/>
  <testcase classname="com.glendale.test.uniforms.HatsAndCarriers_Test" name="verifyPageURL" time="6.256"/>
  <system-out/>
  <testcase classname="com.glendale.test.uniforms.HatsAndCarriers_Test" name="verifyPageTitle" time="7.540"/>
  <system-out/>
  <testcase classname="com.glendale.test.uniforms.HatsAndCarriers_Test" name="verifyPaginationRedirection" time="16.398"/>
  <system-out/>
  <testcase classname="com.glendale.test.uniforms.HatsAndCarriers_Test" name="verifyProductsNameAndPricePresenceAndButtonsEnable" time="6.568"/>
  <system-out/>
</testsuite> <!-- com.glendale.test.uniforms.HatsAndCarriers_Test -->
