<?xml version="1.0" encoding="UTF-8"?>
<!-- Generated by org.testng.reporters.JUnitReportReporter -->
<testsuite hostname="ARISTA113-PC" failures="0" tests="9" name="com.glendale.test.uniforms.OtherCords_Test" time="75.691" errors="0" timestamp="2024-10-08T17:58:25 IST" skipped="0">
  <testcase classname="com.glendale.test.uniforms.OtherCords_Test" name="verifyAllFltersEnable" time="7.039"/>
  <system-out/>
  <testcase classname="com.glendale.test.uniforms.OtherCords_Test" name="verifyPaginationRedirection" time="19.895"/>
  <system-out/>
  <testcase classname="com.glendale.test.uniforms.OtherCords_Test" name="verifyPageTitle" time="7.242"/>
  <system-out/>
  <testcase classname="com.glendale.test.uniforms.OtherCords_Test" name="verifyPageURL" time="7.151"/>
  <system-out/>
  <testcase classname="com.glendale.test.uniforms.OtherCords_Test" name="verifyPaginationEnable" time="8.265"/>
  <system-out/>
  <testcase classname="com.glendale.test.uniforms.OtherCords_Test" name="testSortFunctionality" time="6.993"/>
  <system-out/>
  <testcase classname="com.glendale.test.uniforms.OtherCords_Test" name="verifyProductsNameAndPricePresenceAndButtonsEnable" time="7.660"/>
  <system-out/>
  <testcase classname="com.glendale.test.uniforms.OtherCords_Test" name="verifyTextPresenceAndFontSize" time="7.548"/>
  <system-out/>
  <testcase classname="com.glendale.test.uniforms.OtherCords_Test" name="verifyProductButtonAddToCartAndSelectPresenceAndClickable" time="3.898"/>
  <system-out/>
</testsuite> <!-- com.glendale.test.uniforms.OtherCords_Test -->
