<?xml version="1.0" encoding="UTF-8"?>
<!-- Generated by org.testng.reporters.JUnitReportReporter -->
<testsuite hostname="ARISTA113-PC" failures="0" tests="1" name="com.glendale.test.millitary.Army_Test" time="14.726" errors="0" timestamp="2024-08-09T16:34:44 IST" skipped="0">
  <testcase classname="com.glendale.test.millitary.Army_Test" name="verifyBannerIsPresenceAndShopNowButtonRedirection" time="14.726"/>
  <system-out/>
</testsuite> <!-- com.glendale.test.millitary.Army_Test -->
