<?xml version="1.0" encoding="UTF-8"?>
<!-- Generated by org.testng.reporters.JUnitReportReporter -->
<testsuite hostname="ARISTA113-PC" failures="0" tests="11" name="com.glendale.test.millitary.CoastGuard_Test" time="184.329" errors="0" timestamp="2024-10-07T20:30:16 IST" skipped="0">
  <testcase classname="com.glendale.test.millitary.CoastGuard_Test" name="verifyFeaturedCollectionFlags" time="23.437"/>
  <system-out/>
  <testcase classname="com.glendale.test.millitary.CoastGuard_Test" name="verifyFeaturedCollectionCeremonialItems" time="26.297"/>
  <system-out/>
  <testcase classname="com.glendale.test.millitary.CoastGuard_Test" name="verifyIconsBelowTheBestSellersIsPresenceAndNavigation" time="36.164"/>
  <system-out/>
  <testcase classname="com.glendale.test.millitary.CoastGuard_Test" name="verifyTextOnTheBanner" time="7.226"/>
  <system-out/>
  <testcase classname="com.glendale.test.millitary.CoastGuard_Test" name="verifyFeaturedCollectionUniformItems" time="23.549"/>
  <system-out/>
  <testcase classname="com.glendale.test.millitary.CoastGuard_Test" name="verifyFlagsSectionPresenceAndRediredirection" time="10.532"/>
  <system-out/>
  <testcase classname="com.glendale.test.millitary.CoastGuard_Test" name="verifyBestSellersSectionPresence" time="7.262"/>
  <system-out/>
  <testcase classname="com.glendale.test.millitary.CoastGuard_Test" name="verifyBannerIsPresenceAndShopNowButtonRedirection" time="10.718"/>
  <system-out/>
  <testcase classname="com.glendale.test.millitary.CoastGuard_Test" name="verifyCustomFlagsSectionPresenceAndRediredirection" time="9.040"/>
  <system-out/>
  <testcase classname="com.glendale.test.millitary.CoastGuard_Test" name="verifyBunleProductSectionPresenceWithProducts" time="7.175"/>
  <system-out/>
  <testcase classname="com.glendale.test.millitary.CoastGuard_Test" name="verifyFeaturedCollectionFlagAccessories" time="22.929"/>
  <system-out/>
</testsuite> <!-- com.glendale.test.millitary.CoastGuard_Test -->
