<?xml version="1.0" encoding="UTF-8"?>
<!-- Generated by org.testng.reporters.JUnitReportReporter -->
<testsuite hostname="ARISTA113-PC" failures="0" tests="8" name="com.glendale.test.aboutUs.Blogs_Test" time="94.229" errors="0" timestamp="2024-08-09T17:38:42 IST" skipped="0">
  <testcase classname="com.glendale.test.aboutUs.Blogs_Test" name="verifyNumberOfBlogPosts" time="7.417"/>
  <system-out/>
  <testcase classname="com.glendale.test.aboutUs.Blogs_Test" name="verifyPageTitle" time="6.552"/>
  <system-out/>
  <testcase classname="com.glendale.test.aboutUs.Blogs_Test" name="verifyBlogTitlePresence" time="6.725"/>
  <system-out/>
  <testcase classname="com.glendale.test.aboutUs.Blogs_Test" name="verifyPageURL" time="7.345"/>
  <system-out/>
  <testcase classname="com.glendale.test.aboutUs.Blogs_Test" name="verifyPagination" time="19.795"/>
  <system-out/>
  <testcase classname="com.glendale.test.aboutUs.Blogs_Test" name="testPageLoadTime" time="9.416"/>
  <system-out/>
  <testcase classname="com.glendale.test.aboutUs.Blogs_Test" name="verifyReadMoreLinks" time="30.331"/>
  <system-out/>
  <testcase classname="com.glendale.test.aboutUs.Blogs_Test" name="verifyBlogPostTitlesPresence" time="6.648"/>
  <system-out/>
</testsuite> <!-- com.glendale.test.aboutUs.Blogs_Test -->
