<?xml version="1.0" encoding="UTF-8"?>
<!-- Generated by org.testng.reporters.JUnitReportReporter -->
<testsuite hostname="ARISTA113-PC" failures="0" tests="8" name="com.glendale.test.uniforms.GlovesAndScarves_Test" time="71.012" errors="0" timestamp="2024-08-13T13:52:10 IST" skipped="0">
  <testcase classname="com.glendale.test.uniforms.GlovesAndScarves_Test" name="verifyProductsNameAndPricePresenceAndButtonsEnable" time="9.057"/>
  <system-out/>
  <testcase classname="com.glendale.test.uniforms.GlovesAndScarves_Test" name="verifyProductButtonAddToCartAndSelectPresenceAndClickable" time="4.770"/>
  <system-out/>
  <testcase classname="com.glendale.test.uniforms.GlovesAndScarves_Test" name="verifyAllFltersEnable" time="8.136"/>
  <system-out/>
  <testcase classname="com.glendale.test.uniforms.GlovesAndScarves_Test" name="verifyPageTitle" time="7.169"/>
  <system-out/>
  <testcase classname="com.glendale.test.uniforms.GlovesAndScarves_Test" name="testSortFunctionality" time="9.100"/>
  <system-out/>
  <testcase classname="com.glendale.test.uniforms.GlovesAndScarves_Test" name="verifyPaginationRedirection" time="18.704"/>
  <system-out/>
  <testcase classname="com.glendale.test.uniforms.GlovesAndScarves_Test" name="verifyPaginationEnable" time="6.737"/>
  <system-out/>
  <testcase classname="com.glendale.test.uniforms.GlovesAndScarves_Test" name="verifyPageURL" time="7.339"/>
  <system-out/>
</testsuite> <!-- com.glendale.test.uniforms.GlovesAndScarves_Test -->
