<?xml version="1.0" encoding="UTF-8"?>
<!-- Generated by org.testng.reporters.JUnitReportReporter -->
<testsuite hostname="ARISTA113-PC" failures="0" tests="9" name="com.glendale.test.aboutUs.AllAboutUs_Test" time="63.016" errors="0" timestamp="2024-08-14T15:19:18 IST" skipped="0">
  <testcase classname="com.glendale.test.aboutUs.AllAboutUs_Test" name="verifyComeVisitUsInPersonSection" time="6.410"/>
  <system-out/>
  <testcase classname="com.glendale.test.aboutUs.AllAboutUs_Test" name="verifyBannerPesence" time="6.523"/>
  <system-out/>
  <testcase classname="com.glendale.test.aboutUs.AllAboutUs_Test" name="verifyHeading" time="6.503"/>
  <system-out/>
  <testcase classname="com.glendale.test.aboutUs.AllAboutUs_Test" name="testPageLoadTime" time="8.104"/>
  <system-out/>
  <testcase classname="com.glendale.test.aboutUs.AllAboutUs_Test" name="verifyOurStorySection" time="9.378"/>
  <system-out/>
  <testcase classname="com.glendale.test.aboutUs.AllAboutUs_Test" name="verifyTitlOfThePage" time="6.560"/>
  <system-out/>
  <testcase classname="com.glendale.test.aboutUs.AllAboutUs_Test" name="verifyPageURL" time="6.494"/>
  <system-out/>
  <testcase classname="com.glendale.test.aboutUs.AllAboutUs_Test" name="verifyAddreddAndPhoneEnable" time="6.594"/>
  <system-out/>
  <testcase classname="com.glendale.test.aboutUs.AllAboutUs_Test" name="verifyOurServiceSection" time="6.450"/>
  <system-out/>
</testsuite> <!-- com.glendale.test.aboutUs.AllAboutUs_Test -->
