<?xml version="1.0" encoding="UTF-8"?>
<!-- Generated by org.testng.reporters.JUnitReportReporter -->
<testsuite hostname="ARISTA113-PC" failures="0" tests="7" name="com.glendale.test.replicaRifles.RifleCases_Test" time="79.595" errors="0" timestamp="2024-07-11T18:20:11 IST" skipped="0">
  <testcase classname="com.glendale.test.replicaRifles.RifleCases_Test" name="verifyAllFltersEnable" time="7.225"/>
  <system-out/>
  <testcase classname="com.glendale.test.replicaRifles.RifleCases_Test" name="verifyPageTitle" time="6.467"/>
  <system-out/>
  <testcase classname="com.glendale.test.replicaRifles.RifleCases_Test" name="verifyPageURL" time="6.846"/>
  <system-out/>
  <testcase classname="com.glendale.test.replicaRifles.RifleCases_Test" name="testPageLoadTime" time="7.809"/>
  <system-out/>
  <testcase classname="com.glendale.test.replicaRifles.RifleCases_Test" name="verifyTextOnThePage" time="37.009"/>
  <system-out/>
  <testcase classname="com.glendale.test.replicaRifles.RifleCases_Test" name="verifyProductsNameAndPricePresenceAndButtonsEnable" time="7.353"/>
  <system-out/>
  <testcase classname="com.glendale.test.replicaRifles.RifleCases_Test" name="testSortFunctionality" time="6.886"/>
  <system-out/>
</testsuite> <!-- com.glendale.test.replicaRifles.RifleCases_Test -->
