<?xml version="1.0" encoding="UTF-8"?>
<!-- Generated by org.testng.reporters.JUnitReportReporter -->
<testsuite hostname="ARISTA113-PC" failures="0" tests="11" name="com.glendale.test.codets.MarineCorps_Test" time="213.969" errors="0" timestamp="2024-08-09T18:28:48 IST" skipped="0">
  <testcase classname="com.glendale.test.codets.MarineCorps_Test" name="verifyBunleProductSectionPresenceWithProducts" time="7.422"/>
  <system-out/>
  <testcase classname="com.glendale.test.codets.MarineCorps_Test" name="verifyBannerIsPresenceAndShopNowButtonRedirection" time="17.580"/>
  <system-out/>
  <testcase classname="com.glendale.test.codets.MarineCorps_Test" name="verifyFeaturedCollectionUniformItems" time="25.774"/>
  <system-out/>
  <testcase classname="com.glendale.test.codets.MarineCorps_Test" name="verifyFeaturedCollectionAccessories" time="32.541"/>
  <system-out/>
  <testcase classname="com.glendale.test.codets.MarineCorps_Test" name="verifyFlagsSectionPresenceAndRediredirection" time="10.435"/>
  <system-out/>
  <testcase classname="com.glendale.test.codets.MarineCorps_Test" name="verifyTextOnTheBanner" time="8.732"/>
  <system-out/>
  <testcase classname="com.glendale.test.codets.MarineCorps_Test" name="verifyIconsBelowTheBestSellersIsPresenceAndNavigation" time="40.287"/>
  <system-out/>
  <testcase classname="com.glendale.test.codets.MarineCorps_Test" name="verifyBestSellersSectionPresence" time="8.939"/>
  <system-out/>
  <testcase classname="com.glendale.test.codets.MarineCorps_Test" name="verifyCustomFlagsSectionPresenceAndRediredirection" time="10.549"/>
  <system-out/>
  <testcase classname="com.glendale.test.codets.MarineCorps_Test" name="verifyFeaturedCollectionFlagsItems" time="25.037"/>
  <system-out/>
  <testcase classname="com.glendale.test.codets.MarineCorps_Test" name="verifyFeaturedCollectionTeams" time="26.673"/>
  <system-out/>
</testsuite> <!-- com.glendale.test.codets.MarineCorps_Test -->
