<?xml version="1.0" encoding="UTF-8"?>
<!-- Generated by org.testng.reporters.JUnitReportReporter -->
<testsuite hostname="ARISTA113-PC" failures="0" tests="6" name="com.glendale.test.uniforms.BeretsAndHelmets_Test" time="41.701" errors="0" timestamp="2024-10-08T17:53:14 IST" skipped="0">
  <testcase classname="com.glendale.test.uniforms.BeretsAndHelmets_Test" name="verifyProductsNameAndPricePresenceAndButtonsEnable" time="6.686"/>
  <system-out/>
  <testcase classname="com.glendale.test.uniforms.BeretsAndHelmets_Test" name="verifyAllFltersEnable" time="6.977"/>
  <system-out/>
  <testcase classname="com.glendale.test.uniforms.BeretsAndHelmets_Test" name="testSortFunctionality" time="7.891"/>
  <system-out/>
  <testcase classname="com.glendale.test.uniforms.BeretsAndHelmets_Test" name="verifyPageTitle" time="7.091"/>
  <system-out/>
  <testcase classname="com.glendale.test.uniforms.BeretsAndHelmets_Test" name="verifyPageURL" time="7.074"/>
  <system-out/>
  <testcase classname="com.glendale.test.uniforms.BeretsAndHelmets_Test" name="verifyProductButtonAddToCartAndSelectPresenceAndClickable" time="5.982"/>
  <system-out/>
</testsuite> <!-- com.glendale.test.uniforms.BeretsAndHelmets_Test -->
