<?xml version="1.0" encoding="UTF-8"?>
<!-- Generated by org.testng.reporters.JUnitReportReporter -->
<testsuite hostname="ARISTA113-PC" failures="0" tests="9" name="com.glendale.test.uniforms.BeltsAndBuckles_Test" time="81.733" errors="0" timestamp="2024-07-11T18:20:11 IST" skipped="0">
  <testcase classname="com.glendale.test.uniforms.BeltsAndBuckles_Test" name="verifyProductButtonAddToCartAndSelectPresenceAndClickable" time="6.311"/>
  <system-out/>
  <testcase classname="com.glendale.test.uniforms.BeltsAndBuckles_Test" name="verifyPaginationEnable" time="8.017"/>
  <system-out/>
  <testcase classname="com.glendale.test.uniforms.BeltsAndBuckles_Test" name="verifyProductsNameAndPricePresenceAndButtonsEnable" time="8.522"/>
  <system-out/>
  <testcase classname="com.glendale.test.uniforms.BeltsAndBuckles_Test" name="verifyPageURL" time="6.577"/>
  <system-out/>
  <testcase classname="com.glendale.test.uniforms.BeltsAndBuckles_Test" name="verifyTextPresenceAndFontSize" time="6.793"/>
  <system-out/>
  <testcase classname="com.glendale.test.uniforms.BeltsAndBuckles_Test" name="verifyAllFltersEnable" time="7.069"/>
  <system-out/>
  <testcase classname="com.glendale.test.uniforms.BeltsAndBuckles_Test" name="verifyPageTitle" time="6.446"/>
  <system-out/>
  <testcase classname="com.glendale.test.uniforms.BeltsAndBuckles_Test" name="testSortFunctionality" time="8.393"/>
  <system-out/>
  <testcase classname="com.glendale.test.uniforms.BeltsAndBuckles_Test" name="verifyPaginationRedirection" time="23.605"/>
  <system-out/>
</testsuite> <!-- com.glendale.test.uniforms.BeltsAndBuckles_Test -->
