<?xml version="1.0" encoding="UTF-8"?>
<!-- Generated by org.testng.reporters.JUnitReportReporter -->
<testsuite hostname="ARISTA113-PC" failures="0" tests="11" name="com.glendale.test.codets.MarineCorps_Test" time="193.505" errors="0" timestamp="2024-10-07T17:28:45 IST" skipped="0">
  <testcase classname="com.glendale.test.codets.MarineCorps_Test" name="verifyIconsBelowTheBestSellersIsPresenceAndNavigation" time="36.741"/>
  <system-out/>
  <testcase classname="com.glendale.test.codets.MarineCorps_Test" name="verifyFeaturedCollectionAccessories" time="30.932"/>
  <system-out/>
  <testcase classname="com.glendale.test.codets.MarineCorps_Test" name="verifyFeaturedCollectionFlagsItems" time="24.547"/>
  <system-out/>
  <testcase classname="com.glendale.test.codets.MarineCorps_Test" name="verifyBunleProductSectionPresenceWithProducts" time="7.487"/>
  <system-out/>
  <testcase classname="com.glendale.test.codets.MarineCorps_Test" name="verifyCustomFlagsSectionPresenceAndRediredirection" time="10.488"/>
  <system-out/>
  <testcase classname="com.glendale.test.codets.MarineCorps_Test" name="verifyFlagsSectionPresenceAndRediredirection" time="9.874"/>
  <system-out/>
  <testcase classname="com.glendale.test.codets.MarineCorps_Test" name="verifyTextOnTheBanner" time="7.644"/>
  <system-out/>
  <testcase classname="com.glendale.test.codets.MarineCorps_Test" name="verifyBannerIsPresenceAndShopNowButtonRedirection" time="10.879"/>
  <system-out/>
  <testcase classname="com.glendale.test.codets.MarineCorps_Test" name="verifyBestSellersSectionPresence" time="7.468"/>
  <system-out/>
  <testcase classname="com.glendale.test.codets.MarineCorps_Test" name="verifyFeaturedCollectionUniformItems" time="23.304"/>
  <system-out/>
  <testcase classname="com.glendale.test.codets.MarineCorps_Test" name="verifyFeaturedCollectionTeams" time="24.141"/>
  <system-out/>
</testsuite> <!-- com.glendale.test.codets.MarineCorps_Test -->
