<?xml version="1.0" encoding="UTF-8"?>
<!-- Generated by org.testng.reporters.JUnitReportReporter -->
<testsuite hostname="ARISTA113-PC" failures="0" tests="7" name="com.glendale.test.replicaRifles.AllReplicaRiflesPage_Test" time="53.237" errors="0" timestamp="2024-07-11T18:20:11 IST" skipped="0">
  <testcase classname="com.glendale.test.replicaRifles.AllReplicaRiflesPage_Test" name="verifyProductsNameAndPricePresenceAndButtonsEnable" time="9.015"/>
  <system-out/>
  <testcase classname="com.glendale.test.replicaRifles.AllReplicaRiflesPage_Test" name="verifyPageURL" time="6.728"/>
  <system-out/>
  <testcase classname="com.glendale.test.replicaRifles.AllReplicaRiflesPage_Test" name="verifyTextOnThePage" time="6.709"/>
  <system-out/>
  <testcase classname="com.glendale.test.replicaRifles.AllReplicaRiflesPage_Test" name="verifyPageTitle" time="7.574"/>
  <system-out/>
  <testcase classname="com.glendale.test.replicaRifles.AllReplicaRiflesPage_Test" name="verifyAllFltersEnable" time="7.243"/>
  <system-out/>
  <testcase classname="com.glendale.test.replicaRifles.AllReplicaRiflesPage_Test" name="testPageLoadTime" time="7.592"/>
  <system-out/>
  <testcase classname="com.glendale.test.replicaRifles.AllReplicaRiflesPage_Test" name="testSortFunctionality" time="8.376"/>
  <system-out/>
</testsuite> <!-- com.glendale.test.replicaRifles.AllReplicaRiflesPage_Test -->
