<?xml version="1.0" encoding="UTF-8"?>
<!-- Generated by org.testng.reporters.JUnitReportReporter -->
<testsuite hostname="ARISTA113-PC" failures="0" tests="15" name="com.glendale.test.swords.LetterOpenerSwords_Test" time="109.586" errors="0" timestamp="2024-07-11T18:20:11 IST" skipped="0">
  <testcase classname="com.glendale.test.swords.LetterOpenerSwords_Test" name="verifyDescriptionOfTheProduct" time="8.730"/>
  <system-out/>
  <testcase classname="com.glendale.test.swords.LetterOpenerSwords_Test" name="verifyRelatedProductSection" time="7.184"/>
  <system-out/>
  <testcase classname="com.glendale.test.swords.LetterOpenerSwords_Test" name="testBranchDropdownOptions" time="6.904"/>
  <system-out/>
  <testcase classname="com.glendale.test.swords.LetterOpenerSwords_Test" name="verifyTitleOfTheProductIsPresent" time="6.967"/>
  <system-out/>
  <testcase classname="com.glendale.test.swords.LetterOpenerSwords_Test" name="testPageLoadTime" time="6.922"/>
  <system-out/>
  <testcase classname="com.glendale.test.swords.LetterOpenerSwords_Test" name="testBranchDropdown" time="7.008"/>
  <system-out/>
  <testcase classname="com.glendale.test.swords.LetterOpenerSwords_Test" name="verifyTestimonialSectionIsPresence" time="8.103"/>
  <system-out/>
  <testcase classname="com.glendale.test.swords.LetterOpenerSwords_Test" name="verifyAddToCartButtonPresence" time="6.950"/>
  <system-out/>
  <testcase classname="com.glendale.test.swords.LetterOpenerSwords_Test" name="veryImageOfTheProductIsPresence" time="6.841"/>
  <system-out/>
  <testcase classname="com.glendale.test.swords.LetterOpenerSwords_Test" name="verifyPriceOfTheProductIsPresence" time="8.487"/>
  <system-out/>
  <testcase classname="com.glendale.test.swords.LetterOpenerSwords_Test" name="testProductDecreaseButton" time="6.985"/>
  <system-out/>
  <testcase classname="com.glendale.test.swords.LetterOpenerSwords_Test" name="verifyPageTitle" time="6.687"/>
  <system-out/>
  <testcase classname="com.glendale.test.swords.LetterOpenerSwords_Test" name="verifyAddToCartButtonFunctionality" time="6.782"/>
  <system-out/>
  <testcase classname="com.glendale.test.swords.LetterOpenerSwords_Test" name="testProductIncreaseButton" time="8.211"/>
  <system-out/>
  <testcase classname="com.glendale.test.swords.LetterOpenerSwords_Test" name="verifyPageURL" time="6.825"/>
  <system-out/>
</testsuite> <!-- com.glendale.test.swords.LetterOpenerSwords_Test -->
