<?xml version="1.0" encoding="UTF-8"?>
<!-- Generated by org.testng.reporters.JUnitReportReporter -->
<testsuite hostname="ARISTA113-PC" failures="0" tests="7" name="com.glendale.test.replicaRifles.AllReplicaRiflesPage_Test" time="52.399" errors="0" timestamp="2024-08-13T13:52:10 IST" skipped="0">
  <testcase classname="com.glendale.test.replicaRifles.AllReplicaRiflesPage_Test" name="verifyPageTitle" time="6.896"/>
  <system-out/>
  <testcase classname="com.glendale.test.replicaRifles.AllReplicaRiflesPage_Test" name="verifyTextOnThePage" time="8.058"/>
  <system-out/>
  <testcase classname="com.glendale.test.replicaRifles.AllReplicaRiflesPage_Test" name="verifyAllFltersEnable" time="6.886"/>
  <system-out/>
  <testcase classname="com.glendale.test.replicaRifles.AllReplicaRiflesPage_Test" name="verifyPageURL" time="8.115"/>
  <system-out/>
  <testcase classname="com.glendale.test.replicaRifles.AllReplicaRiflesPage_Test" name="testPageLoadTime" time="8.047"/>
  <system-out/>
  <testcase classname="com.glendale.test.replicaRifles.AllReplicaRiflesPage_Test" name="verifyProductsNameAndPricePresenceAndButtonsEnable" time="7.072"/>
  <system-out/>
  <testcase classname="com.glendale.test.replicaRifles.AllReplicaRiflesPage_Test" name="testSortFunctionality" time="7.325"/>
  <system-out/>
</testsuite> <!-- com.glendale.test.replicaRifles.AllReplicaRiflesPage_Test -->
