<?xml version="1.0" encoding="UTF-8"?>
<!-- Generated by org.testng.reporters.JUnitReportReporter -->
<testsuite hostname="ARISTA113-PC" failures="0" tests="1" name="com.glendale.test.HomePageTest" time="34.389" errors="0" timestamp="2024-08-14T15:15:25 IST" skipped="0">
  <testcase classname="com.glendale.test.HomePageTest" name="verifyCodetsNavigationLinks" time="34.389"/>
  <system-out/>
</testsuite> <!-- com.glendale.test.HomePageTest -->
