<?xml version="1.0" encoding="UTF-8"?>
<!-- Generated by org.testng.reporters.JUnitReportReporter -->
<testsuite hostname="ARISTA113-PC" failures="0" tests="8" name="com.glendale.test.aboutUs.Blogs_Test" time="85.002" errors="0" timestamp="2024-10-04T21:34:51 IST" skipped="0">
  <testcase classname="com.glendale.test.aboutUs.Blogs_Test" name="verifyNumberOfBlogPosts" time="7.116"/>
  <system-out/>
  <testcase classname="com.glendale.test.aboutUs.Blogs_Test" name="verifyPageURL" time="5.710"/>
  <system-out/>
  <testcase classname="com.glendale.test.aboutUs.Blogs_Test" name="testPageLoadTime" time="7.039"/>
  <system-out/>
  <testcase classname="com.glendale.test.aboutUs.Blogs_Test" name="verifyBlogPostTitlesPresence" time="8.156"/>
  <system-out/>
  <testcase classname="com.glendale.test.aboutUs.Blogs_Test" name="verifyReadMoreLinks" time="24.714"/>
  <system-out/>
  <testcase classname="com.glendale.test.aboutUs.Blogs_Test" name="verifyPagination" time="17.944"/>
  <system-out/>
  <testcase classname="com.glendale.test.aboutUs.Blogs_Test" name="verifyBlogTitlePresence" time="7.308"/>
  <system-out/>
  <testcase classname="com.glendale.test.aboutUs.Blogs_Test" name="verifyPageTitle" time="7.015"/>
  <system-out/>
</testsuite> <!-- com.glendale.test.aboutUs.Blogs_Test -->
