<?xml version="1.0" encoding="UTF-8"?>
<!-- Generated by org.testng.reporters.JUnitReportReporter -->
<testsuite hostname="ARISTA113-PC" failures="0" tests="1" name="com.glendale.test.millitary.Army_Test" time="10.811" errors="0" timestamp="2024-10-07T20:19:25 IST" skipped="0">
  <testcase classname="com.glendale.test.millitary.Army_Test" name="verifyCustomFlagsSectionPresenceAndRediredirection" time="10.811"/>
  <system-out/>
</testsuite> <!-- com.glendale.test.millitary.Army_Test -->
