<?xml version="1.0" encoding="UTF-8"?>
<!-- Generated by org.testng.reporters.JUnitReportReporter -->
<testsuite hostname="ARISTA113-PC" failures="0" tests="9" name="com.glendale.test.uniforms.RibbonsMountsAndMedals_Test" time="86.357" errors="0" timestamp="2024-07-11T18:20:11 IST" skipped="0">
  <testcase classname="com.glendale.test.uniforms.RibbonsMountsAndMedals_Test" name="verifyPageTitle" time="7.955"/>
  <system-out/>
  <testcase classname="com.glendale.test.uniforms.RibbonsMountsAndMedals_Test" name="verifyProductButtonAddToCartAndSelectPresenceAndClickable" time="5.732"/>
  <system-out/>
  <testcase classname="com.glendale.test.uniforms.RibbonsMountsAndMedals_Test" name="verifyPaginationRedirection" time="26.683"/>
  <system-out/>
  <testcase classname="com.glendale.test.uniforms.RibbonsMountsAndMedals_Test" name="verifyAllFltersEnable" time="7.158"/>
  <system-out/>
  <testcase classname="com.glendale.test.uniforms.RibbonsMountsAndMedals_Test" name="verifyPageURL" time="6.296"/>
  <system-out/>
  <testcase classname="com.glendale.test.uniforms.RibbonsMountsAndMedals_Test" name="verifyProductsNameAndPricePresenceAndButtonsEnable" time="9.633"/>
  <system-out/>
  <testcase classname="com.glendale.test.uniforms.RibbonsMountsAndMedals_Test" name="testSortFunctionality" time="9.204"/>
  <system-out/>
  <testcase classname="com.glendale.test.uniforms.RibbonsMountsAndMedals_Test" name="verifyPaginationEnable" time="7.183"/>
  <system-out/>
  <testcase classname="com.glendale.test.uniforms.RibbonsMountsAndMedals_Test" name="verifyTextPresenceAndFontSize" time="6.513"/>
  <system-out/>
</testsuite> <!-- com.glendale.test.uniforms.RibbonsMountsAndMedals_Test -->
