<?xml version="1.0" encoding="UTF-8"?>
<!-- Generated by org.testng.reporters.JUnitReportReporter -->
<testsuite hostname="ARISTA113-PC" failures="0" tests="11" name="com.glendale.test.codets.SpaceForce_Test" time="186.027" errors="0" timestamp="2024-10-07T17:37:00 IST" skipped="0">
  <testcase classname="com.glendale.test.codets.SpaceForce_Test" name="verifyBestSellersSectionPresence" time="8.109"/>
  <system-out/>
  <testcase classname="com.glendale.test.codets.SpaceForce_Test" name="verifyBunleProductSectionPresenceWithProducts" time="8.114"/>
  <system-out/>
  <testcase classname="com.glendale.test.codets.SpaceForce_Test" name="verifyBannerIsPresenceAndShopNowButtonRedirection" time="9.935"/>
  <system-out/>
  <testcase classname="com.glendale.test.codets.SpaceForce_Test" name="verifyFeaturedCollectionAccessories" time="26.590"/>
  <system-out/>
  <testcase classname="com.glendale.test.codets.SpaceForce_Test" name="verifyFlagsSectionPresenceAndRediredirection" time="9.391"/>
  <system-out/>
  <testcase classname="com.glendale.test.codets.SpaceForce_Test" name="verifyTextOnTheBanner" time="8.187"/>
  <system-out/>
  <testcase classname="com.glendale.test.codets.SpaceForce_Test" name="verifyFeaturedCollectionFlagsItems" time="22.446"/>
  <system-out/>
  <testcase classname="com.glendale.test.codets.SpaceForce_Test" name="verifyFeaturedCollectionUniformItems" time="23.239"/>
  <system-out/>
  <testcase classname="com.glendale.test.codets.SpaceForce_Test" name="verifyIconsBelowTheBestSellersIsPresenceAndNavigation" time="36.931"/>
  <system-out/>
  <testcase classname="com.glendale.test.codets.SpaceForce_Test" name="verifyCustomFlagsSectionPresenceAndRediredirection" time="9.994"/>
  <system-out/>
  <testcase classname="com.glendale.test.codets.SpaceForce_Test" name="verifyFeaturedCollectionTeams" time="23.091"/>
  <system-out/>
</testsuite> <!-- com.glendale.test.codets.SpaceForce_Test -->
