<?xml version="1.0" encoding="UTF-8"?>
<!-- Generated by org.testng.reporters.JUnitReportReporter -->
<testsuite hostname="ARISTA113-PC" failures="0" tests="11" name="com.glendale.test.millitary.SpaceForce_Test" time="210.851" errors="0" timestamp="2024-07-11T18:20:11 IST" skipped="0">
  <testcase classname="com.glendale.test.millitary.SpaceForce_Test" name="verifyFlagsSectionPresenceAndRediredirection" time="9.020"/>
  <system-out/>
  <testcase classname="com.glendale.test.millitary.SpaceForce_Test" name="verifyTextOnTheBanner" time="16.682"/>
  <system-out/>
  <testcase classname="com.glendale.test.millitary.SpaceForce_Test" name="verifyBannerIsPresenceAndShopNowButtonRedirection" time="11.675"/>
  <system-out/>
  <testcase classname="com.glendale.test.millitary.SpaceForce_Test" name="verifyFeaturedCollectionFlagAccessories" time="25.130"/>
  <system-out/>
  <testcase classname="com.glendale.test.millitary.SpaceForce_Test" name="verifyFeaturedCollectionUniformItems" time="27.723"/>
  <system-out/>
  <testcase classname="com.glendale.test.millitary.SpaceForce_Test" name="verifyFeaturedCollectionFlags" time="25.551"/>
  <system-out/>
  <testcase classname="com.glendale.test.millitary.SpaceForce_Test" name="verifyCustomFlagsSectionPresenceAndRediredirection" time="11.432"/>
  <system-out/>
  <testcase classname="com.glendale.test.millitary.SpaceForce_Test" name="verifyIconsBelowTheBestSellersIsPresenceAndNavigation" time="43.422"/>
  <system-out/>
  <testcase classname="com.glendale.test.millitary.SpaceForce_Test" name="verifyFeaturedCollectionCeremonialItems" time="26.593"/>
  <system-out/>
  <testcase classname="com.glendale.test.millitary.SpaceForce_Test" name="verifyBestSellersSectionPresence" time="7.132"/>
  <system-out/>
  <testcase classname="com.glendale.test.millitary.SpaceForce_Test" name="verifyBunleProductSectionPresenceWithProducts" time="6.491"/>
  <system-out/>
</testsuite> <!-- com.glendale.test.millitary.SpaceForce_Test -->
