<?xml version="1.0" encoding="UTF-8"?>
<!-- Generated by org.testng.reporters.JUnitReportReporter -->
<testsuite hostname="ARISTA113-PC" failures="0" tests="11" name="com.glendale.test.millitary.Navy_Test" time="209.341" errors="0" timestamp="2024-08-13T13:52:10 IST" skipped="0">
  <testcase classname="com.glendale.test.millitary.Navy_Test" name="verifyFeaturedCollectionCeremonialItems" time="25.818"/>
  <system-out/>
  <testcase classname="com.glendale.test.millitary.Navy_Test" name="verifyFeaturedCollectionFlagAccessories" time="24.869"/>
  <system-out/>
  <testcase classname="com.glendale.test.millitary.Navy_Test" name="verifyIconsBelowTheBestSellersIsPresenceAndNavigation" time="40.655"/>
  <system-out/>
  <testcase classname="com.glendale.test.millitary.Navy_Test" name="verifyFeaturedCollectionFlags" time="27.239"/>
  <system-out/>
  <testcase classname="com.glendale.test.millitary.Navy_Test" name="verifyFeaturedCollectionUniformItems" time="27.139"/>
  <system-out/>
  <testcase classname="com.glendale.test.millitary.Navy_Test" name="verifyBestSellersSectionPresence" time="6.594"/>
  <system-out/>
  <testcase classname="com.glendale.test.millitary.Navy_Test" name="verifyCustomFlagsSectionPresenceAndRediredirection" time="10.292"/>
  <system-out/>
  <testcase classname="com.glendale.test.millitary.Navy_Test" name="verifyBannerIsPresenceAndShopNowButtonRedirection" time="11.666"/>
  <system-out/>
  <testcase classname="com.glendale.test.millitary.Navy_Test" name="verifyFlagsSectionPresenceAndRediredirection" time="11.504"/>
  <system-out/>
  <testcase classname="com.glendale.test.millitary.Navy_Test" name="verifyBunleProductSectionPresenceWithProducts" time="6.591"/>
  <system-out/>
  <testcase classname="com.glendale.test.millitary.Navy_Test" name="verifyTextOnTheBanner" time="16.974"/>
  <system-out/>
</testsuite> <!-- com.glendale.test.millitary.Navy_Test -->
