<?xml version="1.0" encoding="UTF-8"?>
<!-- Generated by org.testng.reporters.JUnitReportReporter -->
<testsuite hostname="ARISTA113-PC" failures="0" tests="7" name="com.glendale.test.uniforms.AllUnifoms_Test" time="109.386" errors="0" timestamp="2024-10-08T17:29:51 IST" skipped="0">
  <testcase classname="com.glendale.test.uniforms.AllUnifoms_Test" name="verifyBannerSizeAndFontSizeOfTheTextOnTheBanner" time="7.605"/>
  <system-out/>
  <testcase classname="com.glendale.test.uniforms.AllUnifoms_Test" name="verifyFeaturedCollectionSectionPresenceAndRedirection" time="63.086"/>
  <system-out/>
  <testcase classname="com.glendale.test.uniforms.AllUnifoms_Test" name="verifyBannerAndTextOnTheBannerPresence" time="7.532"/>
  <system-out/>
  <testcase classname="com.glendale.test.uniforms.AllUnifoms_Test" name="verifyApparelAndCustomWearSectionPresenceAndRedirection" time="8.893"/>
  <system-out/>
  <testcase classname="com.glendale.test.uniforms.AllUnifoms_Test" name="verifyPageTitle" time="6.038"/>
  <system-out/>
  <testcase classname="com.glendale.test.uniforms.AllUnifoms_Test" name="verifyPageURL" time="7.236"/>
  <system-out/>
  <testcase classname="com.glendale.test.uniforms.AllUnifoms_Test" name="verifySwordsAndSabersSectionPresenceAndRedirection" time="8.996"/>
  <system-out/>
</testsuite> <!-- com.glendale.test.uniforms.AllUnifoms_Test -->
