<?xml version="1.0" encoding="UTF-8"?>
<!-- Generated by org.testng.reporters.JUnitReportReporter -->
<testsuite hostname="ARISTA113-PC" failures="0" tests="8" name="com.glendale.test.honorGuard.Millitary_Test" time="72.864" errors="0" timestamp="2024-10-07T18:35:10 IST" skipped="0">
  <testcase classname="com.glendale.test.honorGuard.Millitary_Test" name="testSortFunctionality" time="7.433"/>
  <system-out/>
  <testcase classname="com.glendale.test.honorGuard.Millitary_Test" name="verifyAllFltersEnable" time="7.306"/>
  <system-out/>
  <testcase classname="com.glendale.test.honorGuard.Millitary_Test" name="testPageLoadTime" time="8.354"/>
  <system-out/>
  <testcase classname="com.glendale.test.honorGuard.Millitary_Test" name="verifyPageTitle" time="7.117"/>
  <system-out/>
  <testcase classname="com.glendale.test.honorGuard.Millitary_Test" name="verifyPaginationEnable" time="7.391"/>
  <system-out/>
  <testcase classname="com.glendale.test.honorGuard.Millitary_Test" name="verifyProductsNameAndPricePresenceAndButtonsEnable" time="8.328"/>
  <system-out/>
  <testcase classname="com.glendale.test.honorGuard.Millitary_Test" name="verifyPaginationRedirection" time="19.692"/>
  <system-out/>
  <testcase classname="com.glendale.test.honorGuard.Millitary_Test" name="verifyPageURL" time="7.243"/>
  <system-out/>
</testsuite> <!-- com.glendale.test.honorGuard.Millitary_Test -->
