<?xml version="1.0" encoding="UTF-8"?>
<!-- Generated by org.testng.reporters.JUnitReportReporter -->
<testsuite hostname="ARISTA113-PC" failures="0" tests="11" name="com.glendale.test.codets.MarineCorps_Test" time="210.013" errors="0" timestamp="2024-07-11T18:20:11 IST" skipped="0">
  <testcase classname="com.glendale.test.codets.MarineCorps_Test" name="verifyFeaturedCollectionAccessories" time="30.533"/>
  <system-out/>
  <testcase classname="com.glendale.test.codets.MarineCorps_Test" name="verifyFeaturedCollectionUniformItems" time="26.977"/>
  <system-out/>
  <testcase classname="com.glendale.test.codets.MarineCorps_Test" name="verifyFlagsSectionPresenceAndRediredirection" time="9.635"/>
  <system-out/>
  <testcase classname="com.glendale.test.codets.MarineCorps_Test" name="verifyTextOnTheBanner" time="9.768"/>
  <system-out/>
  <testcase classname="com.glendale.test.codets.MarineCorps_Test" name="verifyBunleProductSectionPresenceWithProducts" time="8.336"/>
  <system-out/>
  <testcase classname="com.glendale.test.codets.MarineCorps_Test" name="verifyIconsBelowTheBestSellersIsPresenceAndNavigation" time="40.182"/>
  <system-out/>
  <testcase classname="com.glendale.test.codets.MarineCorps_Test" name="verifyFeaturedCollectionFlagsItems" time="24.953"/>
  <system-out/>
  <testcase classname="com.glendale.test.codets.MarineCorps_Test" name="verifyFeaturedCollectionTeams" time="28.458"/>
  <system-out/>
  <testcase classname="com.glendale.test.codets.MarineCorps_Test" name="verifyBestSellersSectionPresence" time="7.069"/>
  <system-out/>
  <testcase classname="com.glendale.test.codets.MarineCorps_Test" name="verifyBannerIsPresenceAndShopNowButtonRedirection" time="13.494"/>
  <system-out/>
  <testcase classname="com.glendale.test.codets.MarineCorps_Test" name="verifyCustomFlagsSectionPresenceAndRediredirection" time="10.608"/>
  <system-out/>
</testsuite> <!-- com.glendale.test.codets.MarineCorps_Test -->
