<?xml version="1.0" encoding="UTF-8"?>
<!-- Generated by org.testng.reporters.JUnitReportReporter -->
<testsuite hostname="ARISTA113-PC" failures="0" tests="9" name="com.glendale.test.flags.FlagCoversAndCases_Test" time="79.865" errors="0" timestamp="2024-08-09T18:52:47 IST" skipped="0">
  <testcase classname="com.glendale.test.flags.FlagCoversAndCases_Test" name="verifyPageTitle" time="8.065"/>
  <system-out/>
  <testcase classname="com.glendale.test.flags.FlagCoversAndCases_Test" name="verifyAllFltersEnable" time="8.046"/>
  <system-out/>
  <testcase classname="com.glendale.test.flags.FlagCoversAndCases_Test" name="testPageLoadTime" time="9.016"/>
  <system-out/>
  <testcase classname="com.glendale.test.flags.FlagCoversAndCases_Test" name="testSortFunctionality" time="7.205"/>
  <system-out/>
  <testcase classname="com.glendale.test.flags.FlagCoversAndCases_Test" name="verifyPageURL" time="6.730"/>
  <system-out/>
  <testcase classname="com.glendale.test.flags.FlagCoversAndCases_Test" name="verifyPaginationEnable" time="6.634"/>
  <system-out/>
  <testcase classname="com.glendale.test.flags.FlagCoversAndCases_Test" name="verifyProductsNameAndPricePresenceAndButtonsEnable" time="7.436"/>
  <system-out/>
  <testcase classname="com.glendale.test.flags.FlagCoversAndCases_Test" name="verifyTextOnThePage" time="6.413"/>
  <system-out/>
  <testcase classname="com.glendale.test.flags.FlagCoversAndCases_Test" name="verifyPaginationRedirection" time="20.320"/>
  <system-out/>
</testsuite> <!-- com.glendale.test.flags.FlagCoversAndCases_Test -->
