<?xml version="1.0" encoding="UTF-8"?>
<!-- Generated by org.testng.reporters.JUnitReportReporter -->
<testsuite hostname="ARISTA113-PC" failures="0" tests="1" name="com.glendale.test.honorGuard.Veterans_Test" time="10.984" errors="0" timestamp="2024-10-07T18:37:56 IST" skipped="0">
  <testcase classname="com.glendale.test.honorGuard.Veterans_Test" name="verifyPageTitle" time="10.984"/>
  <system-out/>
</testsuite> <!-- com.glendale.test.honorGuard.Veterans_Test -->
