<?xml version="1.0" encoding="UTF-8"?>
<!-- Generated by org.testng.reporters.JUnitReportReporter -->
<testsuite hostname="ARISTA113-PC" failures="0" tests="9" name="com.glendale.test.uniforms.ApparelAndCustomWear_Test" time="103.591" errors="0" timestamp="2024-08-13T13:52:10 IST" skipped="0">
  <testcase classname="com.glendale.test.uniforms.ApparelAndCustomWear_Test" name="verifyPageURL" time="7.942"/>
  <system-out/>
  <testcase classname="com.glendale.test.uniforms.ApparelAndCustomWear_Test" name="verifyPageTitle" time="6.795"/>
  <system-out/>
  <testcase classname="com.glendale.test.uniforms.ApparelAndCustomWear_Test" name="testSortFunctionality" time="7.773"/>
  <system-out/>
  <testcase classname="com.glendale.test.uniforms.ApparelAndCustomWear_Test" name="verifyAllFltersEnable" time="6.983"/>
  <system-out/>
  <testcase classname="com.glendale.test.uniforms.ApparelAndCustomWear_Test" name="verifyProductButtonAddToCartAndSelectPresenceAndClickable" time="6.212"/>
  <system-out/>
  <testcase classname="com.glendale.test.uniforms.ApparelAndCustomWear_Test" name="verifyPaginationRedirection" time="16.223"/>
  <system-out/>
  <testcase classname="com.glendale.test.uniforms.ApparelAndCustomWear_Test" name="verifyPaginationEnable" time="34.184"/>
  <system-out/>
  <testcase classname="com.glendale.test.uniforms.ApparelAndCustomWear_Test" name="verifyTextPresenceAndFontSize" time="8.545"/>
  <system-out/>
  <testcase classname="com.glendale.test.uniforms.ApparelAndCustomWear_Test" name="verifyProductsNameAndPricePresenceAndButtonsEnable" time="8.934"/>
  <system-out/>
</testsuite> <!-- com.glendale.test.uniforms.ApparelAndCustomWear_Test -->
