<?xml version="1.0" encoding="UTF-8"?>
<!-- Generated by org.testng.reporters.JUnitReportReporter -->
<testsuite hostname="ARISTA113-PC" failures="0" tests="11" name="com.glendale.test.millitary.Navy_Test" time="221.067" errors="0" timestamp="2024-07-11T18:20:11 IST" skipped="0">
  <testcase classname="com.glendale.test.millitary.Navy_Test" name="verifyIconsBelowTheBestSellersIsPresenceAndNavigation" time="50.463"/>
  <system-out/>
  <testcase classname="com.glendale.test.millitary.Navy_Test" name="verifyTextOnTheBanner" time="17.312"/>
  <system-out/>
  <testcase classname="com.glendale.test.millitary.Navy_Test" name="verifyBestSellersSectionPresence" time="7.047"/>
  <system-out/>
  <testcase classname="com.glendale.test.millitary.Navy_Test" name="verifyFeaturedCollectionFlags" time="25.463"/>
  <system-out/>
  <testcase classname="com.glendale.test.millitary.Navy_Test" name="verifyCustomFlagsSectionPresenceAndRediredirection" time="10.489"/>
  <system-out/>
  <testcase classname="com.glendale.test.millitary.Navy_Test" name="verifyFeaturedCollectionFlagAccessories" time="27.751"/>
  <system-out/>
  <testcase classname="com.glendale.test.millitary.Navy_Test" name="verifyBannerIsPresenceAndShopNowButtonRedirection" time="11.667"/>
  <system-out/>
  <testcase classname="com.glendale.test.millitary.Navy_Test" name="verifyFlagsSectionPresenceAndRediredirection" time="10.742"/>
  <system-out/>
  <testcase classname="com.glendale.test.millitary.Navy_Test" name="verifyBunleProductSectionPresenceWithProducts" time="6.957"/>
  <system-out/>
  <testcase classname="com.glendale.test.millitary.Navy_Test" name="verifyFeaturedCollectionCeremonialItems" time="25.361"/>
  <system-out/>
  <testcase classname="com.glendale.test.millitary.Navy_Test" name="verifyFeaturedCollectionUniformItems" time="27.815"/>
  <system-out/>
</testsuite> <!-- com.glendale.test.millitary.Navy_Test -->
