<?xml version="1.0" encoding="UTF-8"?>
<!-- Generated by org.testng.reporters.JUnitReportReporter -->
<testsuite hostname="ARISTA113-PC" failures="0" tests="11" name="com.glendale.test.codets.Navy_Test" time="208.464" errors="0" timestamp="2024-10-07T17:32:41 IST" skipped="0">
  <testcase classname="com.glendale.test.codets.Navy_Test" name="verifyBannerIsPresenceAndShopNowButtonRedirection" time="10.298"/>
  <system-out/>
  <testcase classname="com.glendale.test.codets.Navy_Test" name="verifyFeaturedCollectionAccessories" time="27.116"/>
  <system-out/>
  <testcase classname="com.glendale.test.codets.Navy_Test" name="verifyBunleProductSectionPresenceWithProducts" time="16.653"/>
  <system-out/>
  <testcase classname="com.glendale.test.codets.Navy_Test" name="verifyBestSellersSectionPresence" time="7.494"/>
  <system-out/>
  <testcase classname="com.glendale.test.codets.Navy_Test" name="verifyFeaturedCollectionUniformItems" time="23.695"/>
  <system-out/>
  <testcase classname="com.glendale.test.codets.Navy_Test" name="verifyFeaturedCollectionFlagsItems" time="22.181"/>
  <system-out/>
  <testcase classname="com.glendale.test.codets.Navy_Test" name="verifyCustomFlagsSectionPresenceAndRediredirection" time="10.583"/>
  <system-out/>
  <testcase classname="com.glendale.test.codets.Navy_Test" name="verifyFeaturedCollectionTeams" time="23.607"/>
  <system-out/>
  <testcase classname="com.glendale.test.codets.Navy_Test" name="verifyFlagsSectionPresenceAndRediredirection" time="9.378"/>
  <system-out/>
  <testcase classname="com.glendale.test.codets.Navy_Test" name="verifyTextOnTheBanner" time="8.646"/>
  <system-out/>
  <testcase classname="com.glendale.test.codets.Navy_Test" name="verifyIconsBelowTheBestSellersIsPresenceAndNavigation" time="48.813"/>
  <system-out/>
</testsuite> <!-- com.glendale.test.codets.Navy_Test -->
