<?xml version="1.0" encoding="UTF-8"?>
<!-- Generated by org.testng.reporters.JUnitReportReporter -->
<testsuite hostname="ARISTA113-PC" failures="0" tests="6" name="com.glendale.test.uniforms.GarmentsAndGearBags_Test" time="45.568" errors="0" timestamp="2024-08-13T13:52:10 IST" skipped="0">
  <testcase classname="com.glendale.test.uniforms.GarmentsAndGearBags_Test" name="verifyProductButtonAddToCartAndSelectPresenceAndClickable" time="5.927"/>
  <system-out/>
  <testcase classname="com.glendale.test.uniforms.GarmentsAndGearBags_Test" name="verifyPageURL" time="7.284"/>
  <system-out/>
  <testcase classname="com.glendale.test.uniforms.GarmentsAndGearBags_Test" name="verifyPageTitle" time="8.158"/>
  <system-out/>
  <testcase classname="com.glendale.test.uniforms.GarmentsAndGearBags_Test" name="verifyAllFltersEnable" time="8.009"/>
  <system-out/>
  <testcase classname="com.glendale.test.uniforms.GarmentsAndGearBags_Test" name="testSortFunctionality" time="8.951"/>
  <system-out/>
  <testcase classname="com.glendale.test.uniforms.GarmentsAndGearBags_Test" name="verifyProductsNameAndPricePresenceAndButtonsEnable" time="7.239"/>
  <system-out/>
</testsuite> <!-- com.glendale.test.uniforms.GarmentsAndGearBags_Test -->
