<?xml version="1.0" encoding="UTF-8"?>
<!-- Generated by org.testng.reporters.JUnitReportReporter -->
<testsuite hostname="ARISTA113-PC" failures="0" tests="9" name="com.glendale.test.uniforms.ShoesAndAccessories_Test" time="72.700" errors="0" timestamp="2024-10-08T18:04:04 IST" skipped="0">
  <testcase classname="com.glendale.test.uniforms.ShoesAndAccessories_Test" name="testSortFunctionality" time="8.450"/>
  <system-out/>
  <testcase classname="com.glendale.test.uniforms.ShoesAndAccessories_Test" name="verifyAllFltersEnable" time="7.196"/>
  <system-out/>
  <testcase classname="com.glendale.test.uniforms.ShoesAndAccessories_Test" name="verifyProductButtonAddToCartAndSelectPresenceAndClickable" time="5.098"/>
  <system-out/>
  <testcase classname="com.glendale.test.uniforms.ShoesAndAccessories_Test" name="verifyPageURL" time="5.927"/>
  <system-out/>
  <testcase classname="com.glendale.test.uniforms.ShoesAndAccessories_Test" name="verifyPageTitle" time="5.984"/>
  <system-out/>
  <testcase classname="com.glendale.test.uniforms.ShoesAndAccessories_Test" name="verifyProductsNameAndPricePresenceAndButtonsEnable" time="6.688"/>
  <system-out/>
  <testcase classname="com.glendale.test.uniforms.ShoesAndAccessories_Test" name="verifyPaginationEnable" time="7.594"/>
  <system-out/>
  <testcase classname="com.glendale.test.uniforms.ShoesAndAccessories_Test" name="verifyPaginationRedirection" time="19.500"/>
  <system-out/>
  <testcase classname="com.glendale.test.uniforms.ShoesAndAccessories_Test" name="verifyTextPresenceAndFontSize" time="6.263"/>
  <system-out/>
</testsuite> <!-- com.glendale.test.uniforms.ShoesAndAccessories_Test -->
