<?xml version="1.0" encoding="UTF-8"?>
<!-- Generated by org.testng.reporters.JUnitReportReporter -->
<testsuite hostname="ARISTA113-PC" failures="0" tests="14" name="com.glendale.test.flags.AllFlags_Test" time="304.277" errors="0" timestamp="2024-07-11T18:20:11 IST" skipped="0">
  <testcase classname="com.glendale.test.flags.AllFlags_Test" name="verifyFeaturedCollectionMillitarySection" time="54.214"/>
  <system-out/>
  <testcase classname="com.glendale.test.flags.AllFlags_Test" name="verifyPageTitle" time="8.425"/>
  <system-out/>
  <testcase classname="com.glendale.test.flags.AllFlags_Test" name="testPageLoadTime" time="7.195"/>
  <system-out/>
  <testcase classname="com.glendale.test.flags.AllFlags_Test" name="verifyFeaturedCollectionFlagAccessoriesSection" time="39.740"/>
  <system-out/>
  <testcase classname="com.glendale.test.flags.AllFlags_Test" name="verifyTextOnTheBanner" time="7.022"/>
  <system-out/>
  <testcase classname="com.glendale.test.flags.AllFlags_Test" name="verifyFeaturedCollectionStateAndTerritorialSection" time="21.760"/>
  <system-out/>
  <testcase classname="com.glendale.test.flags.AllFlags_Test" name="verifyBestSellersSectionPresence" time="7.345"/>
  <system-out/>
  <testcase classname="com.glendale.test.flags.AllFlags_Test" name="verifyIconsBelowTheBestSellersIsPresenceAndNavigation" time="40.836"/>
  <system-out/>
  <testcase classname="com.glendale.test.flags.AllFlags_Test" name="verifyPageURL" time="7.048"/>
  <system-out/>
  <testcase classname="com.glendale.test.flags.AllFlags_Test" name="verifyBannerIsPresence" time="7.264"/>
  <system-out/>
  <testcase classname="com.glendale.test.flags.AllFlags_Test" name="verifyFeaturedCollectionInternationalSection" time="17.692"/>
  <system-out/>
  <testcase classname="com.glendale.test.flags.AllFlags_Test" name="verifyFeaturedCollectionUSFlagsSection" time="55.026"/>
  <system-out/>
  <testcase classname="com.glendale.test.flags.AllFlags_Test" name="verifyBundleProducts" time="7.382"/>
  <system-out/>
  <testcase classname="com.glendale.test.flags.AllFlags_Test" name="verifyFeaturedCollectionJROTCSection" time="23.328"/>
  <system-out/>
</testsuite> <!-- com.glendale.test.flags.AllFlags_Test -->
