<?xml version="1.0" encoding="UTF-8"?>
<!-- Generated by org.testng.reporters.JUnitReportReporter -->
<testsuite hostname="ARISTA113-PC" failures="0" tests="9" name="com.glendale.test.uniforms.SwordsAndSabers_Test" time="76.452" errors="0" timestamp="2024-07-11T18:20:11 IST" skipped="0">
  <testcase classname="com.glendale.test.uniforms.SwordsAndSabers_Test" name="verifyProductButtonAddToCartAndSelectPresenceAndClickable" time="4.924"/>
  <system-out/>
  <testcase classname="com.glendale.test.uniforms.SwordsAndSabers_Test" name="verifyAllFltersEnable" time="6.809"/>
  <system-out/>
  <testcase classname="com.glendale.test.uniforms.SwordsAndSabers_Test" name="verifyTextPresenceAndFontSize" time="7.730"/>
  <system-out/>
  <testcase classname="com.glendale.test.uniforms.SwordsAndSabers_Test" name="verifyProductsNameAndPricePresenceAndButtonsEnable" time="7.258"/>
  <system-out/>
  <testcase classname="com.glendale.test.uniforms.SwordsAndSabers_Test" name="verifyPageTitle" time="7.996"/>
  <system-out/>
  <testcase classname="com.glendale.test.uniforms.SwordsAndSabers_Test" name="verifyPageURL" time="6.760"/>
  <system-out/>
  <testcase classname="com.glendale.test.uniforms.SwordsAndSabers_Test" name="verifyPaginationEnable" time="6.906"/>
  <system-out/>
  <testcase classname="com.glendale.test.uniforms.SwordsAndSabers_Test" name="verifyPaginationRedirection" time="19.546"/>
  <system-out/>
  <testcase classname="com.glendale.test.uniforms.SwordsAndSabers_Test" name="testSortFunctionality" time="8.523"/>
  <system-out/>
</testsuite> <!-- com.glendale.test.uniforms.SwordsAndSabers_Test -->
