<?xml version="1.0" encoding="UTF-8"?>
<!-- Generated by org.testng.reporters.JUnitReportReporter -->
<testsuite hostname="ARISTA113-PC" failures="0" tests="9" name="com.glendale.test.uniforms.ShoesAndAccessories_Test" time="85.764" errors="0" timestamp="2024-08-13T13:52:10 IST" skipped="0">
  <testcase classname="com.glendale.test.uniforms.ShoesAndAccessories_Test" name="verifyPageTitle" time="6.611"/>
  <system-out/>
  <testcase classname="com.glendale.test.uniforms.ShoesAndAccessories_Test" name="verifyProductButtonAddToCartAndSelectPresenceAndClickable" time="4.345"/>
  <system-out/>
  <testcase classname="com.glendale.test.uniforms.ShoesAndAccessories_Test" name="verifyPaginationEnable" time="8.379"/>
  <system-out/>
  <testcase classname="com.glendale.test.uniforms.ShoesAndAccessories_Test" name="verifyPaginationRedirection" time="24.084"/>
  <system-out/>
  <testcase classname="com.glendale.test.uniforms.ShoesAndAccessories_Test" name="testSortFunctionality" time="7.706"/>
  <system-out/>
  <testcase classname="com.glendale.test.uniforms.ShoesAndAccessories_Test" name="verifyProductsNameAndPricePresenceAndButtonsEnable" time="9.515"/>
  <system-out/>
  <testcase classname="com.glendale.test.uniforms.ShoesAndAccessories_Test" name="verifyTextPresenceAndFontSize" time="8.196"/>
  <system-out/>
  <testcase classname="com.glendale.test.uniforms.ShoesAndAccessories_Test" name="verifyAllFltersEnable" time="8.837"/>
  <system-out/>
  <testcase classname="com.glendale.test.uniforms.ShoesAndAccessories_Test" name="verifyPageURL" time="8.091"/>
  <system-out/>
</testsuite> <!-- com.glendale.test.uniforms.ShoesAndAccessories_Test -->
