<?xml version="1.0" encoding="UTF-8"?>
<!-- Generated by org.testng.reporters.JUnitReportReporter -->
<testsuite hostname="ARISTA113-PC" failures="0" tests="9" name="com.glendale.test.uniforms.ApparelAndCustomWear_Test" time="100.950" errors="0" timestamp="2024-10-08T17:49:12 IST" skipped="0">
  <testcase classname="com.glendale.test.uniforms.ApparelAndCustomWear_Test" name="verifyPageURL" time="7.085"/>
  <system-out/>
  <testcase classname="com.glendale.test.uniforms.ApparelAndCustomWear_Test" name="verifyAllFltersEnable" time="7.107"/>
  <system-out/>
  <testcase classname="com.glendale.test.uniforms.ApparelAndCustomWear_Test" name="verifyTextPresenceAndFontSize" time="7.401"/>
  <system-out/>
  <testcase classname="com.glendale.test.uniforms.ApparelAndCustomWear_Test" name="verifyPageTitle" time="8.205"/>
  <system-out/>
  <testcase classname="com.glendale.test.uniforms.ApparelAndCustomWear_Test" name="verifyPaginationEnable" time="34.850"/>
  <system-out/>
  <testcase classname="com.glendale.test.uniforms.ApparelAndCustomWear_Test" name="verifyPaginationRedirection" time="14.044"/>
  <system-out/>
  <testcase classname="com.glendale.test.uniforms.ApparelAndCustomWear_Test" name="verifyProductButtonAddToCartAndSelectPresenceAndClickable" time="5.841"/>
  <system-out/>
  <testcase classname="com.glendale.test.uniforms.ApparelAndCustomWear_Test" name="verifyProductsNameAndPricePresenceAndButtonsEnable" time="8.290"/>
  <system-out/>
  <testcase classname="com.glendale.test.uniforms.ApparelAndCustomWear_Test" name="testSortFunctionality" time="8.127"/>
  <system-out/>
</testsuite> <!-- com.glendale.test.uniforms.ApparelAndCustomWear_Test -->
