<?xml version="1.0" encoding="UTF-8"?>
<!-- Generated by org.testng.reporters.JUnitReportReporter -->
<testsuite hostname="ARISTA113-PC" failures="0" tests="11" name="com.glendale.test.codets.AirForce_Test" time="240.565" errors="0" timestamp="2024-07-11T18:20:11 IST" skipped="0">
  <testcase classname="com.glendale.test.codets.AirForce_Test" name="verifyFeaturedCollectionUniformItems" time="26.859"/>
  <system-out/>
  <testcase classname="com.glendale.test.codets.AirForce_Test" name="verifyFeaturedCollectionFlagsItems" time="25.720"/>
  <system-out/>
  <testcase classname="com.glendale.test.codets.AirForce_Test" name="verifyTextOnTheBanner" time="7.978"/>
  <system-out/>
  <testcase classname="com.glendale.test.codets.AirForce_Test" name="verifyBunleProductSectionPresenceWithProducts" time="8.728"/>
  <system-out/>
  <testcase classname="com.glendale.test.codets.AirForce_Test" name="verifyFlagsSectionPresenceAndRediredirection" time="11.334"/>
  <system-out/>
  <testcase classname="com.glendale.test.codets.AirForce_Test" name="verifyFeaturedCollectionAccessories" time="32.626"/>
  <system-out/>
  <testcase classname="com.glendale.test.codets.AirForce_Test" name="verifyBannerIsPresenceAndShopNowButtonRedirection" time="12.380"/>
  <system-out/>
  <testcase classname="com.glendale.test.codets.AirForce_Test" name="verifyFeaturedCollectionTeams" time="28.526"/>
  <system-out/>
  <testcase classname="com.glendale.test.codets.AirForce_Test" name="verifyIconsBelowTheBestSellersIsPresenceAndNavigation" time="61.825"/>
  <system-out/>
  <testcase classname="com.glendale.test.codets.AirForce_Test" name="verifyCustomFlagsSectionPresenceAndRediredirection" time="11.017"/>
  <system-out/>
  <testcase classname="com.glendale.test.codets.AirForce_Test" name="verifyBestSellersSectionPresence" time="13.572"/>
  <system-out/>
</testsuite> <!-- com.glendale.test.codets.AirForce_Test -->
