<?xml version="1.0" encoding="UTF-8"?>
<!-- Generated by org.testng.reporters.JUnitReportReporter -->
<testsuite hostname="ARISTA113-PC" failures="0" tests="6" name="com.glendale.test.uniforms.BeretsAndHelmets_Test" time="42.894" errors="0" timestamp="2024-08-13T13:52:10 IST" skipped="0">
  <testcase classname="com.glendale.test.uniforms.BeretsAndHelmets_Test" name="verifyPageTitle" time="8.270"/>
  <system-out/>
  <testcase classname="com.glendale.test.uniforms.BeretsAndHelmets_Test" name="verifyProductButtonAddToCartAndSelectPresenceAndClickable" time="4.412"/>
  <system-out/>
  <testcase classname="com.glendale.test.uniforms.BeretsAndHelmets_Test" name="verifyPageURL" time="6.845"/>
  <system-out/>
  <testcase classname="com.glendale.test.uniforms.BeretsAndHelmets_Test" name="verifyProductsNameAndPricePresenceAndButtonsEnable" time="7.393"/>
  <system-out/>
  <testcase classname="com.glendale.test.uniforms.BeretsAndHelmets_Test" name="testSortFunctionality" time="7.384"/>
  <system-out/>
  <testcase classname="com.glendale.test.uniforms.BeretsAndHelmets_Test" name="verifyAllFltersEnable" time="8.590"/>
  <system-out/>
</testsuite> <!-- com.glendale.test.uniforms.BeretsAndHelmets_Test -->
